Capturing execution frames: advanced_3d.json
  Frame 1 saved (frame_000.jpg, t=0.0s)
  Validating workflow...
  Queuing workflow for execution...
  Frame 2 saved (frame_001.jpg, t=2.4s)
  [capture-periodic] freeze=7ms shot=229ms unfreeze=3ms saved=True
  Frame 3 saved (frame_002.jpg, t=4.8s)
  [capture-periodic] freeze=3ms shot=160ms unfreeze=3ms saved=True
  [capture-loop] iter=50 t=6.6s state={'complete': False, 'error': None, 'executedCount': 0, 'wsState': 1} eval_ms=7
  Frame 4 saved (frame_003.jpg, t=7.0s)
  [capture-periodic] freeze=4ms shot=131ms unfreeze=4ms saved=True
  [capture-loop] iter=100 t=13.2s state={'complete': False, 'error': None, 'executedCount': 0, 'wsState': 1} eval_ms=11
  [capture-loop] iter=150 t=19.6s state={'complete': False, 'error': None, 'executedCount': 0, 'wsState': 1} eval_ms=7
  [capture-loop] iter=200 t=26.2s state={'complete': False, 'error': None, 'executedCount': 0, 'wsState': 1} eval_ms=34
  [capture-loop] iter=250 t=33.0s state={'complete': False, 'error': None, 'executedCount': 0, 'wsState': 1} eval_ms=11
  [capture-loop] iter=300 t=44.8s state={'complete': False, 'error': None, 'executedCount': 0, 'wsState': 1} eval_ms=4
  Frame 5 saved (frame_004.jpg, t=45.9s)
  [capture-periodic] freeze=5ms shot=228ms unfreeze=11ms saved=True
  Node executed (2 total), capturing...
  Frame 6 saved (frame_005.jpg, t=48.0s)
  [capture-node] freeze=5ms shot=253ms unfreeze=0ms saved=True
  Execution complete (t=48.0s)
  Captured 6 unique frames over 48.34s
  [debug] iframes: 1
  [debug]   iframe[0]: src=http://127.0.0.1:8188/extensions/ComfyUI-DepthAnythingV3/viewer_vtk.html?v=17776, canvas=486x430, rafFrozen=True
  [timing] trigger_3d_previews: 0.0s
  Saved high-quality screenshot: advanced_3d_executed.png
  [timing] final_screenshot: 1.9s
    Captured 7 video frames