Capturing execution frames: advanced.json
  Frame 1 saved (frame_000.jpg, t=0.0s)
  Validating workflow...
  Queuing workflow for execution...
  Frame 2 saved (frame_001.jpg, t=2.3s)
  [capture-periodic] freeze=5ms shot=125ms unfreeze=15ms saved=True
  Frame 3 saved (frame_002.jpg, t=4.6s)
  [capture-periodic] freeze=4ms shot=172ms unfreeze=4ms saved=True
  [capture-loop] iter=50 t=6.1s state={'complete': False, 'error': None, 'executedCount': 0, 'wsState': 1} eval_ms=3
  Frame 4 saved (frame_003.jpg, t=6.9s)
  [capture-periodic] freeze=2ms shot=142ms unfreeze=19ms saved=True
  [capture-loop] iter=100 t=13.2s state={'complete': False, 'error': None, 'executedCount': 0, 'wsState': 1} eval_ms=6
  [capture-loop] iter=150 t=21.5s state={'complete': False, 'error': None, 'executedCount': 0, 'wsState': 1} eval_ms=5
  Frame 5 saved (frame_004.jpg, t=22.0s)
  [capture-periodic] freeze=4ms shot=139ms unfreeze=5ms saved=True
  Frame 6 saved (frame_005.jpg, t=24.3s)
  [capture-periodic] freeze=12ms shot=176ms unfreeze=3ms saved=True
  [capture-loop] iter=200 t=27.7s state={'complete': False, 'error': None, 'executedCount': 0, 'wsState': 1} eval_ms=20
  [capture-loop] iter=250 t=34.3s state={'complete': False, 'error': None, 'executedCount': 0, 'wsState': 1} eval_ms=11
  [capture-loop] iter=300 t=40.9s state={'complete': False, 'error': None, 'executedCount': 0, 'wsState': 1} eval_ms=3
  [capture-loop] iter=350 t=47.5s state={'complete': False, 'error': None, 'executedCount': 0, 'wsState': 1} eval_ms=7
  [capture-loop] iter=400 t=54.2s state={'complete': False, 'error': None, 'executedCount': 0, 'wsState': 1} eval_ms=5
  [capture-loop] iter=450 t=61.2s state={'complete': False, 'error': None, 'executedCount': 0, 'wsState': 1} eval_ms=23
  [capture-loop] iter=500 t=67.8s state={'complete': False, 'error': None, 'executedCount': 0, 'wsState': 1} eval_ms=14
  [capture-loop] iter=550 t=74.9s state={'complete': False, 'error': None, 'executedCount': 0, 'wsState': 1} eval_ms=3
  [capture-loop] iter=600 t=81.7s state={'complete': False, 'error': None, 'executedCount': 0, 'wsState': 1} eval_ms=5
  [capture-loop] iter=650 t=89.3s state={'complete': False, 'error': None, 'executedCount': 0, 'wsState': 1} eval_ms=27
  [capture-loop] iter=700 t=100.8s state={'complete': False, 'error': None, 'executedCount': 0, 'wsState': 1} eval_ms=4
  [capture-loop] iter=750 t=111.0s state={'complete': False, 'error': None, 'executedCount': 0, 'wsState': 1} eval_ms=4
  [capture-loop] iter=800 t=122.2s state={'complete': False, 'error': None, 'executedCount': 0, 'wsState': 1} eval_ms=16
  Frame 7 saved (frame_006.jpg, t=126.5s)
  [capture-periodic] freeze=98ms shot=420ms unfreeze=20ms saved=True
  Node executed (8 total), capturing...
  Frame 8 saved (frame_007.jpg, t=127.4s)
  [capture-node] freeze=7ms shot=216ms unfreeze=0ms saved=True
  Execution complete (t=127.4s)
  Captured 8 unique frames over 127.64s
  [debug] iframes: 0
  [timing] trigger_3d_previews: 0.0s
  Saved high-quality screenshot: advanced_executed.png
  [timing] final_screenshot: 1.0s
    Captured 9 video frames