Capturing execution frames: advanced_3d_multiview.json
  Frame 1 saved (frame_000.jpg, t=0.0s)
  Validating workflow...
  Queuing workflow for execution...
  Node executed (1 total), capturing...
  Frame 2 saved (frame_001.jpg, t=0.6s)
  [capture-node] freeze=18ms shot=243ms unfreeze=10ms saved=True
  Frame 3 saved (frame_002.jpg, t=3.0s)
  [capture-periodic] freeze=9ms shot=179ms unfreeze=3ms saved=True
  Frame 4 saved (frame_003.jpg, t=5.4s)
  [capture-periodic] freeze=3ms shot=150ms unfreeze=19ms saved=True
  [capture-loop] iter=50 t=7.0s state={'complete': False, 'error': None, 'executedCount': 1, 'wsState': 1} eval_ms=2
  Frame 5 saved (frame_004.jpg, t=7.7s)
  [capture-periodic] freeze=2ms shot=153ms unfreeze=13ms saved=True
  [capture-loop] iter=100 t=13.4s state={'complete': False, 'error': None, 'executedCount': 1, 'wsState': 1} eval_ms=3
  [capture-loop] iter=150 t=19.8s state={'complete': False, 'error': None, 'executedCount': 1, 'wsState': 1} eval_ms=2
  [capture-loop] iter=200 t=26.1s state={'complete': False, 'error': None, 'executedCount': 1, 'wsState': 1} eval_ms=26
  [capture-loop] iter=250 t=32.6s state={'complete': False, 'error': None, 'executedCount': 1, 'wsState': 1} eval_ms=2
  [capture-loop] iter=300 t=38.8s state={'complete': False, 'error': None, 'executedCount': 1, 'wsState': 1} eval_ms=2
  [capture-loop] iter=350 t=45.1s state={'complete': False, 'error': None, 'executedCount': 1, 'wsState': 1} eval_ms=31
  [capture-loop] iter=400 t=51.5s state={'complete': False, 'error': None, 'executedCount': 1, 'wsState': 1} eval_ms=7
  [capture-loop] iter=450 t=57.9s state={'complete': False, 'error': None, 'executedCount': 1, 'wsState': 1} eval_ms=31
  [capture-loop] iter=500 t=66.8s state={'complete': False, 'error': None, 'executedCount': 1, 'wsState': 1} eval_ms=21
  [capture-loop] iter=550 t=82.2s state={'complete': False, 'error': None, 'executedCount': 1, 'wsState': 1} eval_ms=7
  [capture-loop] iter=600 t=92.7s state={'complete': False, 'error': None, 'executedCount': 1, 'wsState': 1} eval_ms=11
  [capture-loop] iter=650 t=106.2s state={'complete': False, 'error': None, 'executedCount': 1, 'wsState': 1} eval_ms=43
  [capture-loop] iter=700 t=113.9s state={'complete': False, 'error': None, 'executedCount': 1, 'wsState': 1} eval_ms=5
  [capture-loop] iter=750 t=120.4s state={'complete': False, 'error': None, 'executedCount': 1, 'wsState': 1} eval_ms=2
  [capture-loop] iter=800 t=126.8s state={'complete': False, 'error': None, 'executedCount': 1, 'wsState': 1} eval_ms=5
  [capture-loop] iter=850 t=133.2s state={'complete': False, 'error': None, 'executedCount': 1, 'wsState': 1} eval_ms=3
  [capture-loop] iter=900 t=139.7s state={'complete': False, 'error': None, 'executedCount': 1, 'wsState': 1} eval_ms=3
  [capture-loop] iter=950 t=146.8s state={'complete': False, 'error': None, 'executedCount': 1, 'wsState': 1} eval_ms=5
  [capture-loop] iter=1000 t=153.3s state={'complete': False, 'error': None, 'executedCount': 1, 'wsState': 1} eval_ms=9
  [capture-loop] iter=1050 t=160.2s state={'complete': False, 'error': None, 'executedCount': 1, 'wsState': 1} eval_ms=3
  [capture-loop] iter=1100 t=167.8s state={'complete': False, 'error': None, 'executedCount': 1, 'wsState': 1} eval_ms=37
  [capture-loop] iter=1150 t=174.9s state={'complete': False, 'error': None, 'executedCount': 1, 'wsState': 1} eval_ms=3
  [capture-loop] iter=1200 t=181.6s state={'complete': False, 'error': None, 'executedCount': 1, 'wsState': 1} eval_ms=5
  [capture-loop] iter=1250 t=188.7s state={'complete': False, 'error': None, 'executedCount': 1, 'wsState': 1} eval_ms=67
  Frame 6 saved (frame_005.jpg, t=188.7s)
  [capture-periodic] freeze=621ms shot=4722ms unfreeze=157ms saved=True
  Frame 7 saved (frame_006.jpg, t=196.8s)
  [capture-periodic] freeze=11ms shot=552ms unfreeze=20ms saved=True
  [capture-loop] iter=1300 t=204.7s state={'complete': False, 'error': None, 'executedCount': 1, 'wsState': 1} eval_ms=3
  [capture-loop] iter=1350 t=212.0s state={'complete': False, 'error': None, 'executedCount': 1, 'wsState': 1} eval_ms=13
  [capture-loop] iter=1400 t=223.5s state={'complete': False, 'error': None, 'executedCount': 1, 'wsState': 1} eval_ms=44
  Node executed (2 total), capturing...
  Frame 8 saved (frame_007.jpg, t=228.8s)
  [capture-node] freeze=124ms shot=420ms unfreeze=8ms saved=True
  Node executed (4 total), capturing...
  Frame 9 saved (frame_008.jpg, t=229.7s)
  [capture-node] freeze=5ms shot=175ms unfreeze=0ms saved=True
  Execution complete (t=229.7s)
  Captured 9 unique frames over 229.93s
  [debug] iframes: 1
  [debug]   iframe[0]: src=http://127.0.0.1:8188/extensions/ComfyUI-DepthAnythingV3/viewer_vtk.html?v=17776, canvas=486x430, rafFrozen=True
  [timing] trigger_3d_previews: 0.0s
  Saved high-quality screenshot: advanced_3d_multiview_executed.png
  [timing] final_screenshot: 0.9s
    Captured 10 video frames