Capturing execution frames: simple.json
  Frame 1 saved (frame_000.jpg, t=0.0s)
  Validating workflow...
  Queuing workflow for execution...
  Frame 2 saved (frame_001.jpg, t=2.2s)
  [capture-periodic] freeze=4ms shot=167ms unfreeze=3ms saved=True
  Frame 3 saved (frame_002.jpg, t=4.5s)
  [capture-periodic] freeze=5ms shot=138ms unfreeze=6ms saved=True
  [capture-loop] iter=50 t=6.4s state={'complete': False, 'error': None, 'executedCount': 0, 'wsState': 1} eval_ms=31
  Frame 4 saved (frame_003.jpg, t=6.7s)
  [capture-periodic] freeze=3ms shot=207ms unfreeze=6ms saved=True
  [capture-loop] iter=100 t=12.8s state={'complete': False, 'error': None, 'executedCount': 0, 'wsState': 1} eval_ms=4
  [capture-loop] iter=150 t=19.1s state={'complete': False, 'error': None, 'executedCount': 0, 'wsState': 1} eval_ms=13
  [capture-loop] iter=200 t=25.6s state={'complete': False, 'error': None, 'executedCount': 0, 'wsState': 1} eval_ms=25
  [capture-loop] iter=250 t=31.8s state={'complete': False, 'error': None, 'executedCount': 0, 'wsState': 1} eval_ms=3
  [capture-loop] iter=300 t=38.0s state={'complete': False, 'error': None, 'executedCount': 0, 'wsState': 1} eval_ms=2
  [capture-loop] iter=350 t=44.7s state={'complete': False, 'error': None, 'executedCount': 0, 'wsState': 1} eval_ms=28
  [capture-loop] iter=400 t=55.3s state={'complete': False, 'error': None, 'executedCount': 0, 'wsState': 1} eval_ms=2
  [capture-loop] iter=450 t=65.3s state={'complete': False, 'error': None, 'executedCount': 0, 'wsState': 1} eval_ms=7
  [capture-loop] iter=500 t=72.6s state={'complete': False, 'error': None, 'executedCount': 0, 'wsState': 1} eval_ms=14
  Node executed (1 total), capturing...
  Frame 5 saved (frame_004.jpg, t=81.0s)
  [capture-node] freeze=4ms shot=138ms unfreeze=0ms saved=True
  Execution complete (t=81.0s)
  Captured 5 unique frames over 81.23s
  [debug] iframes: 0
  [timing] trigger_3d_previews: 0.0s
  Saved high-quality screenshot: simple_executed.png
  [timing] final_screenshot: 0.8s
    Captured 6 video frames