Capturing execution frames: video_multiview_depth.json
  [Console-error] Failed to load resource: the server responded with a status of 404 (Not Found)
  [Console-error] Failed to load resource: the server responded with a status of 404 (Not Found)
  [Console-error] Failed to load resource: the server responded with a status of 404 (Not Found)
  [Console-error] Failed to load resource: the server responded with a status of 404 (Not Found)
  [Console-error] Failed to load resource: the server responded with a status of 404 (Not Found)
  [Console-error] Failed to load resource: the server responded with a status of 404 (Not Found)
  [Console-warning] Extension KJNodes.browserstatus is disabled.
  [Console-warning] WARNING: Multiple instances of Three.js being imported.
  [Console-error] [vite:preloadError] Error: Extension named 'Comfy.DynamicWidgets' already registered.
    at Proxy.registerExtension (http://127.0.0.1:8188/assets/PanelTemplate-BUPnglF3.js:1:7530)
    at Proxy.wrappedAction (http://127.0.0.1:8188/assets/vendor-vue-BAQ5VIVR.js:1:4647)
    at Object.registerExtension (http://127.0.0.1:8188/assets/dialogService-Cr3DyAja.js:3:110199)
    at ComfyApp.registerExtension (http://127.0.0.1:8188/assets/dialogService-Cr3DyAja.js:192:20543)
    at http://127.0.0.1:8188/extensions/ComfyUI-GeometryPack/js/dynamic_widgets.js:125:5
  [Console-error] [vite:preloadError] Error: Extension named 'comfy3d.pointcloud.vtk' already registered.
    at Proxy.registerExtension (http://127.0.0.1:8188/assets/PanelTemplate-BUPnglF3.js:1:7530)
    at Proxy.wrappedAction (http://127.0.0.1:8188/assets/vendor-vue-BAQ5VIVR.js:1:4647)
    at Object.registerExtension (http://127.0.0.1:8188/assets/dialogService-Cr3DyAja.js:3:110199)
    at ComfyApp.registerExtension (http://127.0.0.1:8188/assets/dialogService-Cr3DyAja.js:192:20543)
    at http://127.0.0.1:8188/extensions/ComfyUI-GeometryPack/js/pointcloud_preview_vtk.js:13:5
  [Console-error] Failed to load resource: the server responded with a status of 404 (Not Found)
  [Console-warning] [ComfyUI Deprecated] Importing from "scripts/ui.js" is deprecated and will be removed in v1.34.
  [Console-warning] [ComfyUI Notice] "extensions/core/widgetInputs.js" is an internal module, not part of the public API. Future updates may break this import.
  [Console-warning] [ComfyUI Notice] "scripts/utils.js" is an internal module, not part of the public API. Future updates may break this import.
  [Console-warning] [MaskEditor] ComfyApp.open_maskeditor is deprecated. Plugins should migrate to using the command system or direct node context menu integration.
  [Console-warning] [ComfyUI Deprecated] Importing from "scripts/ui/components/buttonGroup.js" is deprecated and will be removed in v1.34.
  [Console-warning] [ComfyUI Deprecated] Importing from "scripts/ui/components/button.js" is deprecated and will be removed in v1.34.
  Frame 1 saved (frame_000.jpg, t=0.0s)
  Validating workflow...
  Queuing workflow for execution...
  Node executed (1 total), capturing...
  Frame 2 saved (frame_001.jpg, t=1.0s)
  [capture-node] freeze=2ms shot=97ms unfreeze=9ms saved=True
  Frame 3 saved (frame_002.jpg, t=3.3s)
  [capture-periodic] freeze=5ms shot=357ms unfreeze=7ms saved=True
  Frame 4 saved (frame_003.jpg, t=5.8s)
  [capture-periodic] freeze=2ms shot=97ms unfreeze=3ms saved=True
  [capture-loop] iter=50 t=6.9s state={'complete': False, 'error': None, 'executedCount': 1, 'wsState': 1} eval_ms=3
  [capture-loop] iter=100 t=12.6s state={'complete': False, 'error': None, 'executedCount': 1, 'wsState': 1} eval_ms=3
  [capture-loop] iter=150 t=18.6s state={'complete': False, 'error': None, 'executedCount': 1, 'wsState': 1} eval_ms=3
  [capture-loop] iter=200 t=24.4s state={'complete': False, 'error': None, 'executedCount': 1, 'wsState': 1} eval_ms=2
  [capture-loop] iter=250 t=30.3s state={'complete': False, 'error': None, 'executedCount': 1, 'wsState': 1} eval_ms=3
  [capture-loop] iter=300 t=36.2s state={'complete': False, 'error': None, 'executedCount': 1, 'wsState': 1} eval_ms=2
  [capture-loop] iter=350 t=41.9s state={'complete': False, 'error': None, 'executedCount': 1, 'wsState': 1} eval_ms=2
  [capture-loop] iter=400 t=47.6s state={'complete': False, 'error': None, 'executedCount': 1, 'wsState': 1} eval_ms=2
  [capture-loop] iter=450 t=53.6s state={'complete': False, 'error': None, 'executedCount': 1, 'wsState': 1} eval_ms=2
  [capture-loop] iter=500 t=59.5s state={'complete': False, 'error': None, 'executedCount': 1, 'wsState': 1} eval_ms=3
  [capture-loop] iter=550 t=65.4s state={'complete': False, 'error': None, 'executedCount': 1, 'wsState': 1} eval_ms=2
  [capture-loop] iter=600 t=71.4s state={'complete': False, 'error': None, 'executedCount': 1, 'wsState': 1} eval_ms=3
  [capture-loop] iter=650 t=77.3s state={'complete': False, 'error': None, 'executedCount': 1, 'wsState': 1} eval_ms=2
  [capture-loop] iter=700 t=83.3s state={'complete': False, 'error': None, 'executedCount': 1, 'wsState': 1} eval_ms=9
  [capture-loop] iter=750 t=89.2s state={'complete': False, 'error': None, 'executedCount': 1, 'wsState': 1} eval_ms=2
  [capture-loop] iter=800 t=95.0s state={'complete': False, 'error': None, 'executedCount': 1, 'wsState': 1} eval_ms=2
  [capture-loop] iter=850 t=100.8s state={'complete': False, 'error': None, 'executedCount': 1, 'wsState': 1} eval_ms=2
  [capture-loop] iter=900 t=106.7s state={'complete': False, 'error': None, 'executedCount': 1, 'wsState': 1} eval_ms=2
  [capture-loop] iter=950 t=112.6s state={'complete': False, 'error': None, 'executedCount': 1, 'wsState': 1} eval_ms=2
  [capture-loop] iter=1000 t=118.4s state={'complete': False, 'error': None, 'executedCount': 1, 'wsState': 1} eval_ms=3
  [capture-loop] iter=1050 t=124.2s state={'complete': False, 'error': None, 'executedCount': 1, 'wsState': 1} eval_ms=3
  [capture-loop] iter=1100 t=130.0s state={'complete': False, 'error': None, 'executedCount': 1, 'wsState': 1} eval_ms=5
  [capture-loop] iter=1150 t=136.2s state={'complete': False, 'error': None, 'executedCount': 1, 'wsState': 1} eval_ms=2
  [capture-loop] iter=1200 t=142.1s state={'complete': False, 'error': None, 'executedCount': 1, 'wsState': 1} eval_ms=2
  [capture-loop] iter=1250 t=148.1s state={'complete': False, 'error': None, 'executedCount': 1, 'wsState': 1} eval_ms=2
  [capture-loop] iter=1300 t=154.0s state={'complete': False, 'error': None, 'executedCount': 1, 'wsState': 1} eval_ms=2
  [capture-loop] iter=1350 t=159.7s state={'complete': False, 'error': None, 'executedCount': 1, 'wsState': 1} eval_ms=2
  [capture-loop] iter=1400 t=165.6s state={'complete': False, 'error': None, 'executedCount': 1, 'wsState': 1} eval_ms=2
  [capture-loop] iter=1450 t=171.4s state={'complete': False, 'error': None, 'executedCount': 1, 'wsState': 1} eval_ms=16
  [capture-loop] iter=1500 t=177.3s state={'complete': False, 'error': None, 'executedCount': 1, 'wsState': 1} eval_ms=15
  [capture-loop] iter=1550 t=183.2s state={'complete': False, 'error': None, 'executedCount': 1, 'wsState': 1} eval_ms=19
  [capture-loop] iter=1600 t=189.2s state={'complete': False, 'error': None, 'executedCount': 1, 'wsState': 1} eval_ms=3
  [capture-loop] iter=1650 t=195.4s state={'complete': False, 'error': None, 'executedCount': 1, 'wsState': 1} eval_ms=13
  [capture-loop] iter=1700 t=201.6s state={'complete': False, 'error': None, 'executedCount': 1, 'wsState': 1} eval_ms=2
  [capture-loop] iter=1750 t=207.6s state={'complete': False, 'error': None, 'executedCount': 1, 'wsState': 1} eval_ms=8
  [capture-loop] iter=1800 t=214.1s state={'complete': False, 'error': None, 'executedCount': 1, 'wsState': 1} eval_ms=10
  [capture-loop] iter=1850 t=220.1s state={'complete': False, 'error': None, 'executedCount': 1, 'wsState': 1} eval_ms=4
  [capture-loop] iter=1900 t=226.2s state={'complete': False, 'error': None, 'executedCount': 1, 'wsState': 1} eval_ms=2
  [capture-loop] iter=1950 t=233.7s state={'complete': False, 'error': None, 'executedCount': 1, 'wsState': 1} eval_ms=3
  [capture-loop] iter=2000 t=239.8s state={'complete': False, 'error': None, 'executedCount': 1, 'wsState': 1} eval_ms=3
  [capture-loop] iter=2050 t=246.1s state={'complete': False, 'error': None, 'executedCount': 1, 'wsState': 1} eval_ms=9
  [capture-loop] iter=2100 t=252.3s state={'complete': False, 'error': None, 'executedCount': 1, 'wsState': 1} eval_ms=5
  [capture-loop] iter=2150 t=258.4s state={'complete': False, 'error': None, 'executedCount': 1, 'wsState': 1} eval_ms=4
  [capture-loop] iter=2200 t=264.7s state={'complete': False, 'error': None, 'executedCount': 1, 'wsState': 1} eval_ms=8
  [capture-loop] iter=2250 t=271.1s state={'complete': False, 'error': None, 'executedCount': 1, 'wsState': 1} eval_ms=2
  [capture-loop] iter=2300 t=277.4s state={'complete': False, 'error': None, 'executedCount': 1, 'wsState': 1} eval_ms=4
  [capture-loop] iter=2350 t=283.4s state={'complete': False, 'error': None, 'executedCount': 1, 'wsState': 1} eval_ms=2
  [capture-loop] iter=2400 t=289.2s state={'complete': False, 'error': None, 'executedCount': 1, 'wsState': 1} eval_ms=15
  [capture-loop] iter=2450 t=295.2s state={'complete': False, 'error': None, 'executedCount': 1, 'wsState': 1} eval_ms=15
  [capture-loop] iter=2500 t=301.3s state={'complete': False, 'error': None, 'executedCount': 1, 'wsState': 1} eval_ms=4
  [capture-loop] iter=2550 t=307.5s state={'complete': False, 'error': None, 'executedCount': 1, 'wsState': 1} eval_ms=3
  [capture-loop] iter=2600 t=313.7s state={'complete': False, 'error': None, 'executedCount': 1, 'wsState': 1} eval_ms=6
  [capture-loop] iter=2650 t=320.8s state={'complete': False, 'error': None, 'executedCount': 1, 'wsState': 1} eval_ms=6
  [capture-loop] iter=2700 t=328.0s state={'complete': False, 'error': None, 'executedCount': 1, 'wsState': 1} eval_ms=5
  [capture-loop] iter=2750 t=334.9s state={'complete': False, 'error': None, 'executedCount': 1, 'wsState': 1} eval_ms=5
  [capture-loop] iter=2800 t=341.5s state={'complete': False, 'error': None, 'executedCount': 1, 'wsState': 1} eval_ms=7
  [capture-loop] iter=2850 t=347.8s state={'complete': False, 'error': None, 'executedCount': 1, 'wsState': 1} eval_ms=40
  [capture-loop] iter=2900 t=354.7s state={'complete': False, 'error': None, 'executedCount': 1, 'wsState': 1} eval_ms=6
  [capture-loop] iter=2950 t=361.0s state={'complete': False, 'error': None, 'executedCount': 1, 'wsState': 1} eval_ms=2
  [capture-loop] iter=3000 t=366.8s state={'complete': False, 'error': None, 'executedCount': 1, 'wsState': 1} eval_ms=5
  [capture-loop] iter=3050 t=373.1s state={'complete': False, 'error': None, 'executedCount': 1, 'wsState': 1} eval_ms=7
  [capture-loop] iter=3100 t=379.3s state={'complete': False, 'error': None, 'executedCount': 1, 'wsState': 1} eval_ms=7
  [capture-loop] iter=3150 t=385.5s state={'complete': False, 'error': None, 'executedCount': 1, 'wsState': 1} eval_ms=15
  [capture-loop] iter=3200 t=391.4s state={'complete': False, 'error': None, 'executedCount': 1, 'wsState': 1} eval_ms=6
  [capture-loop] iter=3250 t=397.7s state={'complete': False, 'error': None, 'executedCount': 1, 'wsState': 1} eval_ms=6
  [capture-loop] iter=3300 t=403.9s state={'complete': False, 'error': None, 'executedCount': 1, 'wsState': 1} eval_ms=2
  [capture-loop] iter=3350 t=409.8s state={'complete': False, 'error': None, 'executedCount': 1, 'wsState': 1} eval_ms=3
  [capture-loop] iter=3400 t=416.0s state={'complete': False, 'error': None, 'executedCount': 1, 'wsState': 1} eval_ms=3
  [capture-loop] iter=3450 t=422.4s state={'complete': False, 'error': None, 'executedCount': 1, 'wsState': 1} eval_ms=4
  [capture-loop] iter=3500 t=428.4s state={'complete': False, 'error': None, 'executedCount': 1, 'wsState': 1} eval_ms=8
  [capture-loop] iter=3550 t=434.6s state={'complete': False, 'error': None, 'executedCount': 1, 'wsState': 1} eval_ms=7
  [capture-loop] iter=3600 t=440.6s state={'complete': False, 'error': None, 'executedCount': 1, 'wsState': 1} eval_ms=4
  [capture-loop] iter=3650 t=446.6s state={'complete': False, 'error': None, 'executedCount': 1, 'wsState': 1} eval_ms=4
  [capture-loop] iter=3700 t=454.9s state={'complete': False, 'error': None, 'executedCount': 1, 'wsState': 1} eval_ms=8
  [capture-loop] iter=3750 t=462.6s state={'complete': False, 'error': None, 'executedCount': 1, 'wsState': 1} eval_ms=3
  [capture-loop] iter=3800 t=470.4s state={'complete': False, 'error': None, 'executedCount': 1, 'wsState': 1} eval_ms=6
  [capture-loop] iter=3850 t=479.2s state={'complete': False, 'error': None, 'executedCount': 1, 'wsState': 1} eval_ms=8
  [capture-loop] iter=3900 t=486.6s state={'complete': False, 'error': None, 'executedCount': 1, 'wsState': 1} eval_ms=5
  [capture-loop] iter=3950 t=493.8s state={'complete': False, 'error': None, 'executedCount': 1, 'wsState': 1} eval_ms=9
  [capture-loop] iter=4000 t=503.4s state={'complete': False, 'error': None, 'executedCount': 1, 'wsState': 1} eval_ms=5
  [capture-loop] iter=4050 t=510.7s state={'complete': False, 'error': None, 'executedCount': 1, 'wsState': 1} eval_ms=3
  [capture-loop] iter=4100 t=517.3s state={'complete': False, 'error': None, 'executedCount': 1, 'wsState': 1} eval_ms=27
  [capture-loop] iter=4150 t=524.0s state={'complete': False, 'error': None, 'executedCount': 1, 'wsState': 1} eval_ms=18
  [capture-loop] iter=4200 t=530.8s state={'complete': False, 'error': None, 'executedCount': 1, 'wsState': 1} eval_ms=15
  [capture-loop] iter=4250 t=539.6s state={'complete': False, 'error': None, 'executedCount': 1, 'wsState': 1} eval_ms=8
  [capture-loop] iter=4300 t=545.8s state={'complete': False, 'error': None, 'executedCount': 1, 'wsState': 1} eval_ms=5
  [capture-loop] iter=4350 t=554.2s state={'complete': False, 'error': None, 'executedCount': 1, 'wsState': 1} eval_ms=3
  [capture-loop] iter=4400 t=561.2s state={'complete': False, 'error': None, 'executedCount': 1, 'wsState': 1} eval_ms=2
  [capture-loop] iter=4450 t=567.7s state={'complete': False, 'error': None, 'executedCount': 1, 'wsState': 1} eval_ms=7
  [capture-loop] iter=4500 t=574.6s state={'complete': False, 'error': None, 'executedCount': 1, 'wsState': 1} eval_ms=6
  [capture-loop] iter=4550 t=580.7s state={'complete': False, 'error': None, 'executedCount': 1, 'wsState': 1} eval_ms=5
  [capture-loop] iter=4600 t=587.1s state={'complete': False, 'error': None, 'executedCount': 1, 'wsState': 1} eval_ms=84
  Frame 5 saved (frame_004.jpg, t=587.1s)
  [capture-periodic] freeze=8ms shot=252ms unfreeze=6ms saved=True
  Node executed (2 total), capturing...
  Frame 6 saved (frame_005.jpg, t=588.0s)
  [capture-node] freeze=218ms shot=278ms unfreeze=6ms saved=True
  Frame 7 saved (frame_006.jpg, t=590.5s)
  [capture-periodic] freeze=6ms shot=135ms unfreeze=6ms saved=True
  [capture-loop] iter=4650 t=594.4s state={'complete': False, 'error': None, 'executedCount': 2, 'wsState': 1} eval_ms=9
  [capture-loop] iter=4700 t=600.6s state={'complete': False, 'error': None, 'executedCount': 2, 'wsState': 1} eval_ms=9
  [capture-loop] iter=4750 t=607.0s state={'complete': False, 'error': None, 'executedCount': 2, 'wsState': 1} eval_ms=2
  Frame 8 saved (frame_007.jpg, t=608.2s)
  [capture-periodic] freeze=2ms shot=170ms unfreeze=6ms saved=True
  [capture-loop] iter=4800 t=613.2s state={'complete': False, 'error': None, 'executedCount': 2, 'wsState': 1} eval_ms=36
  [capture-loop] iter=4850 t=619.2s state={'complete': False, 'error': None, 'executedCount': 2, 'wsState': 1} eval_ms=6
  [capture-loop] iter=4900 t=625.7s state={'complete': False, 'error': None, 'executedCount': 2, 'wsState': 1} eval_ms=3
  Frame 9 saved (frame_008.jpg, t=628.2s)
  [capture-periodic] freeze=2ms shot=103ms unfreeze=2ms saved=True
  [capture-loop] iter=4950 t=631.7s state={'complete': False, 'error': None, 'executedCount': 2, 'wsState': 1} eval_ms=3
  [capture-loop] iter=5000 t=637.7s state={'complete': False, 'error': None, 'executedCount': 2, 'wsState': 1} eval_ms=6
  Frame 10 saved (frame_009.jpg, t=643.5s)
  [capture-periodic] freeze=2ms shot=114ms unfreeze=2ms saved=True
  [capture-loop] iter=5050 t=644.1s state={'complete': False, 'error': None, 'executedCount': 2, 'wsState': 1} eval_ms=2
  [capture-loop] iter=5100 t=649.9s state={'complete': False, 'error': None, 'executedCount': 2, 'wsState': 1} eval_ms=4
  [capture-loop] iter=5150 t=656.1s state={'complete': False, 'error': None, 'executedCount': 2, 'wsState': 1} eval_ms=3
  Frame 11 saved (frame_010.jpg, t=658.8s)
  [capture-periodic] freeze=3ms shot=98ms unfreeze=2ms saved=True
  [capture-loop] iter=5200 t=662.1s state={'complete': False, 'error': None, 'executedCount': 2, 'wsState': 1} eval_ms=3
  [capture-loop] iter=5250 t=667.9s state={'complete': False, 'error': None, 'executedCount': 2, 'wsState': 1} eval_ms=3
  Frame 12 saved (frame_011.jpg, t=671.9s)
  [capture-periodic] freeze=9ms shot=171ms unfreeze=5ms saved=True
  [capture-loop] iter=5300 t=673.9s state={'complete': False, 'error': None, 'executedCount': 2, 'wsState': 1} eval_ms=2
  [capture-loop] iter=5350 t=680.1s state={'complete': False, 'error': None, 'executedCount': 2, 'wsState': 1} eval_ms=3
  [capture-loop] iter=5400 t=686.4s state={'complete': False, 'error': None, 'executedCount': 2, 'wsState': 1} eval_ms=2
  Frame 13 saved (frame_012.jpg, t=687.5s)
  [capture-periodic] freeze=5ms shot=126ms unfreeze=3ms saved=True
  [capture-loop] iter=5450 t=692.5s state={'complete': False, 'error': None, 'executedCount': 2, 'wsState': 1} eval_ms=3
  [capture-loop] iter=5500 t=698.5s state={'complete': False, 'error': None, 'executedCount': 2, 'wsState': 1} eval_ms=2
  Frame 14 saved (frame_013.jpg, t=703.0s)
  [capture-periodic] freeze=7ms shot=151ms unfreeze=2ms saved=True
  [capture-loop] iter=5550 t=704.5s state={'complete': False, 'error': None, 'executedCount': 2, 'wsState': 1} eval_ms=2
  [capture-loop] iter=5600 t=710.5s state={'complete': False, 'error': None, 'executedCount': 2, 'wsState': 1} eval_ms=2
  Frame 15 saved (frame_014.jpg, t=716.2s)
  [capture-periodic] freeze=4ms shot=119ms unfreeze=7ms saved=True
  [capture-loop] iter=5650 t=716.5s state={'complete': False, 'error': None, 'executedCount': 2, 'wsState': 1} eval_ms=2
  Frame 16 saved (frame_015.jpg, t=718.4s)
  [capture-periodic] freeze=12ms shot=110ms unfreeze=2ms saved=True
  [capture-loop] iter=5700 t=722.3s state={'complete': False, 'error': None, 'executedCount': 2, 'wsState': 1} eval_ms=2
  [capture-loop] iter=5750 t=728.4s state={'complete': False, 'error': None, 'executedCount': 2, 'wsState': 1} eval_ms=13
  Frame 17 saved (frame_016.jpg, t=729.4s)
  [capture-periodic] freeze=31ms shot=120ms unfreeze=2ms saved=True
  Frame 18 saved (frame_017.jpg, t=731.6s)
  [capture-periodic] freeze=4ms shot=149ms unfreeze=4ms saved=True
  [capture-loop] iter=5800 t=734.5s state={'complete': False, 'error': None, 'executedCount': 2, 'wsState': 1} eval_ms=8
  [capture-loop] iter=5850 t=740.7s state={'complete': False, 'error': None, 'executedCount': 2, 'wsState': 1} eval_ms=24
  [capture-loop] iter=5900 t=747.2s state={'complete': False, 'error': None, 'executedCount': 2, 'wsState': 1} eval_ms=3
  Frame 19 saved (frame_018.jpg, t=747.5s)
  [capture-periodic] freeze=7ms shot=127ms unfreeze=2ms saved=True
  [capture-loop] iter=5950 t=753.2s state={'complete': False, 'error': None, 'executedCount': 2, 'wsState': 1} eval_ms=2
  [capture-loop] iter=6000 t=759.2s state={'complete': False, 'error': None, 'executedCount': 2, 'wsState': 1} eval_ms=3
  Frame 20 saved (frame_019.jpg, t=760.5s)
  [capture-periodic] freeze=2ms shot=110ms unfreeze=3ms saved=True
  Frame 21 saved (frame_020.jpg, t=762.7s)
  [capture-periodic] freeze=13ms shot=112ms unfreeze=2ms saved=True
  [capture-loop] iter=6050 t=765.1s state={'complete': False, 'error': None, 'executedCount': 2, 'wsState': 1} eval_ms=2
  [capture-loop] iter=6100 t=771.1s state={'complete': False, 'error': None, 'executedCount': 2, 'wsState': 1} eval_ms=2
  Frame 22 saved (frame_021.jpg, t=773.7s)
  [capture-periodic] freeze=1ms shot=94ms unfreeze=2ms saved=True
  Frame 23 saved (frame_022.jpg, t=775.9s)
  [capture-periodic] freeze=2ms shot=100ms unfreeze=2ms saved=True
  [capture-loop] iter=6150 t=777.1s state={'complete': False, 'error': None, 'executedCount': 2, 'wsState': 1} eval_ms=2
  [capture-loop] iter=6200 t=783.0s state={'complete': False, 'error': None, 'executedCount': 2, 'wsState': 1} eval_ms=27
  Node executed (3 total), capturing...
  Frame 24 saved (frame_023.jpg, t=786.6s)
  [capture-node] freeze=2ms shot=106ms unfreeze=0ms saved=True
  Execution complete (t=786.6s)
  Captured 24 unique frames over 786.72s
  [debug] iframes: 0
  [timing] trigger_3d_previews: 0.0s
  Saved high-quality screenshot: video_multiview_depth_executed.png
  [timing] final_screenshot: 0.7s
    Captured 25 video frames