Capturing execution frames: advanced_3d.json
  Frame 1 saved (frame_000.jpg, t=0.0s)
  Validating workflow...
  Queuing workflow for execution...
  Frame 2 saved (frame_001.jpg, t=2.4s)
  [capture-periodic] freeze=5ms shot=220ms unfreeze=8ms saved=True
  Frame 3 saved (frame_002.jpg, t=4.7s)
  [capture-periodic] freeze=5ms shot=185ms unfreeze=9ms saved=True
  [capture-loop] iter=50 t=6.3s state={'complete': False, 'error': None, 'executedCount': 0, 'wsState': 1} eval_ms=7
  Frame 4 saved (frame_003.jpg, t=7.1s)
  [capture-periodic] freeze=5ms shot=208ms unfreeze=7ms saved=True
  [capture-loop] iter=100 t=12.5s state={'complete': False, 'error': None, 'executedCount': 0, 'wsState': 1} eval_ms=5
  [capture-loop] iter=150 t=18.4s state={'complete': False, 'error': None, 'executedCount': 0, 'wsState': 1} eval_ms=5
  [capture-loop] iter=200 t=24.7s state={'complete': False, 'error': None, 'executedCount': 0, 'wsState': 1} eval_ms=7
  [capture-loop] iter=250 t=30.8s state={'complete': False, 'error': None, 'executedCount': 0, 'wsState': 1} eval_ms=4
  [capture-loop] iter=300 t=36.7s state={'complete': False, 'error': None, 'executedCount': 0, 'wsState': 1} eval_ms=5
  Frame 5 saved (frame_004.jpg, t=37.0s)
  [capture-periodic] freeze=4ms shot=169ms unfreeze=8ms saved=True
  Frame 6 saved (frame_005.jpg, t=39.2s)
  [capture-periodic] freeze=3ms shot=178ms unfreeze=7ms saved=True
  Frame 7 saved (frame_006.jpg, t=41.5s)
  [capture-periodic] freeze=4ms shot=177ms unfreeze=10ms saved=True
  Node executed (1 total), capturing...
  Frame 8 saved (frame_007.jpg, t=42.8s)
  [capture-node] freeze=11ms shot=223ms unfreeze=10ms saved=True
  [capture-loop] iter=350 t=45.3s state={'complete': True, 'error': None, 'executedCount': 2, 'wsState': 1} eval_ms=2174
  Node executed (2 total), capturing...
  Frame 9 saved (frame_008.jpg, t=45.5s)
  [capture-node] freeze=4ms shot=150ms unfreeze=0ms saved=True
  Execution complete (t=45.5s)
  Captured 9 unique frames over 45.69s
  [debug] iframes: 1
  [debug]   iframe[0]: src=http://127.0.0.1:8188/extensions/ComfyUI-GeometryPack/viewer_vtk.html?v=17776784, canvas=486x394, rafFrozen=True
  [timing] trigger_3d_previews: 0.0s
  Saved high-quality screenshot: advanced_3d_executed.png
  [timing] final_screenshot: 0.8s
    Captured 10 video frames