Capturing execution frames: advanced.json
  Frame 1 saved (frame_000.jpg, t=0.0s)
  Validating workflow...
  Queuing workflow for execution...
  Frame 2 saved (frame_001.jpg, t=2.4s)
  [capture-periodic] freeze=5ms shot=177ms unfreeze=9ms saved=True
  Frame 3 saved (frame_002.jpg, t=4.8s)
  [capture-periodic] freeze=3ms shot=154ms unfreeze=11ms saved=True
  [capture-loop] iter=50 t=6.3s state={'complete': False, 'error': None, 'executedCount': 0, 'wsState': 1} eval_ms=5
  Frame 4 saved (frame_003.jpg, t=7.0s)
  [capture-periodic] freeze=5ms shot=199ms unfreeze=5ms saved=True
  [capture-loop] iter=100 t=13.1s state={'complete': False, 'error': None, 'executedCount': 0, 'wsState': 1} eval_ms=5
  Frame 5 saved (frame_004.jpg, t=16.3s)
  [capture-periodic] freeze=4ms shot=172ms unfreeze=4ms saved=True
  Frame 6 saved (frame_005.jpg, t=18.6s)
  [capture-periodic] freeze=5ms shot=178ms unfreeze=9ms saved=True
  [capture-loop] iter=150 t=19.2s state={'complete': False, 'error': None, 'executedCount': 0, 'wsState': 1} eval_ms=5
  [capture-loop] iter=200 t=25.4s state={'complete': False, 'error': None, 'executedCount': 0, 'wsState': 1} eval_ms=6
  [capture-loop] iter=250 t=31.5s state={'complete': False, 'error': None, 'executedCount': 0, 'wsState': 1} eval_ms=5
  [capture-loop] iter=300 t=37.6s state={'complete': False, 'error': None, 'executedCount': 0, 'wsState': 1} eval_ms=5
  [capture-loop] iter=350 t=43.5s state={'complete': False, 'error': None, 'executedCount': 0, 'wsState': 1} eval_ms=4
  [capture-loop] iter=400 t=49.5s state={'complete': False, 'error': None, 'executedCount': 0, 'wsState': 1} eval_ms=4
  [capture-loop] iter=450 t=55.6s state={'complete': False, 'error': None, 'executedCount': 0, 'wsState': 1} eval_ms=5
  [capture-loop] iter=500 t=61.5s state={'complete': False, 'error': None, 'executedCount': 0, 'wsState': 1} eval_ms=6
  [capture-loop] iter=550 t=67.6s state={'complete': False, 'error': None, 'executedCount': 0, 'wsState': 1} eval_ms=7
  [capture-loop] iter=600 t=73.5s state={'complete': False, 'error': None, 'executedCount': 0, 'wsState': 1} eval_ms=9
  [capture-loop] iter=650 t=79.6s state={'complete': False, 'error': None, 'executedCount': 0, 'wsState': 1} eval_ms=4
  [capture-loop] iter=700 t=85.7s state={'complete': False, 'error': None, 'executedCount': 0, 'wsState': 1} eval_ms=11
  Node executed (2 total), capturing...
  Frame 7 saved (frame_006.jpg, t=87.9s)
  [capture-node] freeze=33ms shot=259ms unfreeze=6ms saved=True
  Node executed (8 total), capturing...
  Frame 8 saved (frame_007.jpg, t=88.5s)
  [capture-node] freeze=4ms shot=160ms unfreeze=0ms saved=True
  Execution complete (t=88.5s)
  Captured 8 unique frames over 88.7s
  [debug] iframes: 0
  [timing] trigger_3d_previews: 0.0s
  Saved high-quality screenshot: advanced_executed.png
  [timing] final_screenshot: 1.1s
    Captured 9 video frames