Capturing execution frames: bas_relief.json
  [Console-error] Failed to load resource: the server responded with a status of 404 (Not Found)
  [Console-error] Failed to load resource: the server responded with a status of 404 (Not Found)
  [Console-error] Failed to load resource: the server responded with a status of 404 (Not Found)
  [Console-error] Failed to load resource: the server responded with a status of 404 (Not Found)
  [Console-error] Failed to load resource: the server responded with a status of 404 (Not Found)
  [Console-error] Failed to load resource: the server responded with a status of 404 (Not Found)
  [Console-warning] WARNING: Multiple instances of Three.js being imported.
  [Console-warning] Extension KJNodes.browserstatus is disabled.
  [Console-error] [vite:preloadError] Error: Extension named 'comfy3d.pointcloud.vtk' already registered.
    at Proxy.registerExtension (http://127.0.0.1:8188/assets/PanelTemplate-BUPnglF3.js:1:7530)
    at Proxy.wrappedAction (http://127.0.0.1:8188/assets/vendor-vue-BAQ5VIVR.js:1:4647)
    at Object.registerExtension (http://127.0.0.1:8188/assets/dialogService-Cr3DyAja.js:3:110199)
    at ComfyApp.registerExtension (http://127.0.0.1:8188/assets/dialogService-Cr3DyAja.js:192:20543)
    at http://127.0.0.1:8188/extensions/ComfyUI-DepthAnythingV3/js/pointcloud_preview_vtk.js:13:5
  [Console-error] [vite:preloadError] Error: Extension named 'Comfy.DynamicWidgets' already registered.
    at Proxy.registerExtension (http://127.0.0.1:8188/assets/PanelTemplate-BUPnglF3.js:1:7530)
    at Proxy.wrappedAction (http://127.0.0.1:8188/assets/vendor-vue-BAQ5VIVR.js:1:4647)
    at Object.registerExtension (http://127.0.0.1:8188/assets/dialogService-Cr3DyAja.js:3:110199)
    at ComfyApp.registerExtension (http://127.0.0.1:8188/assets/dialogService-Cr3DyAja.js:192:20543)
    at http://127.0.0.1:8188/extensions/ComfyUI-GeometryPack/js/dynamic_widgets.js:125:5
  [Console-warning] [ComfyUI Deprecated] Importing from "scripts/ui.js" is deprecated and will be removed in v1.34.
  [Console-error] Failed to load resource: the server responded with a status of 404 (Not Found)
  [Console-warning] [ComfyUI Notice] "extensions/core/widgetInputs.js" is an internal module, not part of the public API. Future updates may break this import.
  [Console-warning] [ComfyUI Notice] "scripts/utils.js" is an internal module, not part of the public API. Future updates may break this import.
  [Console-warning] [MaskEditor] ComfyApp.open_maskeditor is deprecated. Plugins should migrate to using the command system or direct node context menu integration.
  [Console-warning] [ComfyUI Deprecated] Importing from "scripts/ui/components/buttonGroup.js" is deprecated and will be removed in v1.34.
  [Console-warning] [ComfyUI Deprecated] Importing from "scripts/ui/components/button.js" is deprecated and will be removed in v1.34.
  [Console-warning] Canvas2D: Multiple readback operations using getImageData are faster with the willReadFrequently attribute set to true. See: https://html.spec.whatwg.org/multipage/canvas.html#concept-canvas-will-read-frequently
  [Console-error] No input!
  [Console-error] Failed to load resource: the server responded with a status of 403 (Forbidden)
  [Console-error] Error loading model: HttpError: fetch for "http://127.0.0.1:8188/api/view?type=output&subfolder=%2Fhome%2Fshadeform%2Fdepth_node%2FComfyUI%2Foutput&filename=mesh_0000.glb" responded with 403: Forbidden
    at http://127.0.0.1:8188/assets/vendor-three-BDtRe4OM.js:3824:95202
  [Console-error] Failed to load resource: the server responded with a status of 403 (Forbidden)
  [Console-error] Error loading model: HttpError: fetch for "http://127.0.0.1:8188/api/view?type=output&subfolder=%2Fhome%2Fshadeform%2Fdepth_node%2FComfyUI%2Foutput&filename=mesh_0000.glb" responded with 403: Forbidden
    at http://127.0.0.1:8188/assets/vendor-three-BDtRe4OM.js:3824:95202
  [Console-error] Failed to load resource: the server responded with a status of 403 (Forbidden)
  Frame 1 saved (frame_000.jpg, t=0.0s)
  Validating workflow...
  Queuing workflow for execution...
  Frame 2 saved (frame_001.jpg, t=2.3s)
  [capture-periodic] freeze=4ms shot=219ms unfreeze=10ms saved=True
  [capture-loop] iter=50 t=6.3s state={'complete': False, 'error': None, 'executedCount': 0, 'wsState': 1} eval_ms=4
  [capture-loop] iter=100 t=12.7s state={'complete': False, 'error': None, 'executedCount': 0, 'wsState': 1} eval_ms=5
  [capture-loop] iter=150 t=18.9s state={'complete': False, 'error': None, 'executedCount': 0, 'wsState': 1} eval_ms=4
  [capture-loop] iter=200 t=24.9s state={'complete': False, 'error': None, 'executedCount': 0, 'wsState': 1} eval_ms=4
  [capture-loop] iter=250 t=31.1s state={'complete': False, 'error': None, 'executedCount': 0, 'wsState': 1} eval_ms=4
  [capture-loop] iter=300 t=37.4s state={'complete': False, 'error': None, 'executedCount': 0, 'wsState': 1} eval_ms=5
  [capture-loop] iter=350 t=43.4s state={'complete': False, 'error': None, 'executedCount': 0, 'wsState': 1} eval_ms=11
  [capture-loop] iter=400 t=49.6s state={'complete': False, 'error': None, 'executedCount': 0, 'wsState': 1} eval_ms=4
  [capture-loop] iter=450 t=55.8s state={'complete': False, 'error': None, 'executedCount': 0, 'wsState': 1} eval_ms=5
  [capture-loop] iter=500 t=61.8s state={'complete': False, 'error': None, 'executedCount': 0, 'wsState': 1} eval_ms=4
  [capture-loop] iter=550 t=68.0s state={'complete': False, 'error': None, 'executedCount': 0, 'wsState': 1} eval_ms=5
  [capture-loop] iter=600 t=74.1s state={'complete': False, 'error': None, 'executedCount': 0, 'wsState': 1} eval_ms=4
  [capture-loop] iter=650 t=80.1s state={'complete': False, 'error': None, 'executedCount': 0, 'wsState': 1} eval_ms=4
  [capture-loop] iter=700 t=86.3s state={'complete': False, 'error': None, 'executedCount': 0, 'wsState': 1} eval_ms=4
  [capture-loop] iter=750 t=92.4s state={'complete': False, 'error': None, 'executedCount': 0, 'wsState': 1} eval_ms=5
  [capture-loop] iter=800 t=98.4s state={'complete': False, 'error': None, 'executedCount': 0, 'wsState': 1} eval_ms=5
  [capture-loop] iter=850 t=104.6s state={'complete': False, 'error': None, 'executedCount': 0, 'wsState': 1} eval_ms=5
  [capture-loop] iter=900 t=110.8s state={'complete': False, 'error': None, 'executedCount': 0, 'wsState': 1} eval_ms=6
  [capture-loop] iter=950 t=116.8s state={'complete': False, 'error': None, 'executedCount': 0, 'wsState': 1} eval_ms=3
  [capture-loop] iter=1000 t=123.0s state={'complete': False, 'error': None, 'executedCount': 0, 'wsState': 1} eval_ms=6
  [capture-loop] iter=1050 t=129.2s state={'complete': False, 'error': None, 'executedCount': 0, 'wsState': 1} eval_ms=5
  [capture-loop] iter=1100 t=135.2s state={'complete': False, 'error': None, 'executedCount': 0, 'wsState': 1} eval_ms=4
  [capture-loop] iter=1150 t=141.4s state={'complete': False, 'error': None, 'executedCount': 0, 'wsState': 1} eval_ms=4
  [capture-loop] iter=1200 t=147.5s state={'complete': False, 'error': None, 'executedCount': 0, 'wsState': 1} eval_ms=4
  [capture-loop] iter=1250 t=153.5s state={'complete': False, 'error': None, 'executedCount': 0, 'wsState': 1} eval_ms=4
  [capture-loop] iter=1300 t=159.7s state={'complete': False, 'error': None, 'executedCount': 0, 'wsState': 1} eval_ms=4
  [capture-loop] iter=1350 t=165.9s state={'complete': False, 'error': None, 'executedCount': 0, 'wsState': 1} eval_ms=4
  [capture-loop] iter=1400 t=171.9s state={'complete': False, 'error': None, 'executedCount': 0, 'wsState': 1} eval_ms=5
  [capture-loop] iter=1450 t=178.0s state={'complete': False, 'error': None, 'executedCount': 0, 'wsState': 1} eval_ms=4
  [capture-loop] iter=1500 t=184.3s state={'complete': False, 'error': None, 'executedCount': 0, 'wsState': 1} eval_ms=5
  [capture-loop] iter=1550 t=190.2s state={'complete': False, 'error': None, 'executedCount': 0, 'wsState': 1} eval_ms=5
  [capture-loop] iter=1600 t=196.4s state={'complete': False, 'error': None, 'executedCount': 0, 'wsState': 1} eval_ms=4
  [capture-loop] iter=1650 t=202.5s state={'complete': False, 'error': None, 'executedCount': 0, 'wsState': 1} eval_ms=4
  [capture-loop] iter=1700 t=208.5s state={'complete': False, 'error': None, 'executedCount': 0, 'wsState': 1} eval_ms=4
  [capture-loop] iter=1750 t=214.7s state={'complete': False, 'error': None, 'executedCount': 0, 'wsState': 1} eval_ms=4
  [capture-loop] iter=1800 t=220.7s state={'complete': False, 'error': None, 'executedCount': 0, 'wsState': 1} eval_ms=5
  [capture-loop] iter=1850 t=226.9s state={'complete': False, 'error': None, 'executedCount': 0, 'wsState': 1} eval_ms=5
  [capture-loop] iter=1900 t=233.2s state={'complete': False, 'error': None, 'executedCount': 0, 'wsState': 1} eval_ms=4
  [capture-loop] iter=1950 t=239.2s state={'complete': False, 'error': None, 'executedCount': 0, 'wsState': 1} eval_ms=4
  [capture-loop] iter=2000 t=245.4s state={'complete': False, 'error': None, 'executedCount': 0, 'wsState': 1} eval_ms=4
  [capture-loop] iter=2050 t=251.6s state={'complete': False, 'error': None, 'executedCount': 0, 'wsState': 1} eval_ms=4
  [capture-loop] iter=2100 t=257.6s state={'complete': False, 'error': None, 'executedCount': 0, 'wsState': 1} eval_ms=4
  [capture-loop] iter=2150 t=263.9s state={'complete': False, 'error': None, 'executedCount': 0, 'wsState': 1} eval_ms=4
  [capture-loop] iter=2200 t=270.1s state={'complete': False, 'error': None, 'executedCount': 0, 'wsState': 1} eval_ms=4
  [capture-loop] iter=2250 t=276.1s state={'complete': False, 'error': None, 'executedCount': 0, 'wsState': 1} eval_ms=4
  [capture-loop] iter=2300 t=282.3s state={'complete': False, 'error': None, 'executedCount': 0, 'wsState': 1} eval_ms=4
  [capture-loop] iter=2350 t=288.6s state={'complete': False, 'error': None, 'executedCount': 0, 'wsState': 1} eval_ms=5
  [capture-loop] iter=2400 t=294.6s state={'complete': False, 'error': None, 'executedCount': 0, 'wsState': 1} eval_ms=4
  [capture-loop] iter=2450 t=300.7s state={'complete': False, 'error': None, 'executedCount': 0, 'wsState': 1} eval_ms=4
  [capture-loop] iter=2500 t=306.9s state={'complete': False, 'error': None, 'executedCount': 0, 'wsState': 1} eval_ms=4
  [capture-loop] iter=2550 t=312.8s state={'complete': False, 'error': None, 'executedCount': 0, 'wsState': 1} eval_ms=5
  [capture-loop] iter=2600 t=318.9s state={'complete': False, 'error': None, 'executedCount': 0, 'wsState': 1} eval_ms=5
  [capture-loop] iter=2650 t=325.1s state={'complete': False, 'error': None, 'executedCount': 0, 'wsState': 1} eval_ms=5
  [capture-loop] iter=2700 t=331.1s state={'complete': False, 'error': None, 'executedCount': 0, 'wsState': 1} eval_ms=6
  [capture-loop] iter=2750 t=337.4s state={'complete': False, 'error': None, 'executedCount': 0, 'wsState': 1} eval_ms=5
  [capture-loop] iter=2800 t=343.8s state={'complete': False, 'error': None, 'executedCount': 0, 'wsState': 1} eval_ms=10
  [capture-loop] iter=2850 t=350.3s state={'complete': False, 'error': None, 'executedCount': 0, 'wsState': 1} eval_ms=4
  [capture-loop] iter=2900 t=356.2s state={'complete': False, 'error': None, 'executedCount': 0, 'wsState': 1} eval_ms=4
  [capture-loop] iter=2950 t=362.4s state={'complete': False, 'error': None, 'executedCount': 0, 'wsState': 1} eval_ms=4
  [capture-loop] iter=3000 t=368.6s state={'complete': False, 'error': None, 'executedCount': 0, 'wsState': 1} eval_ms=4
  [capture-loop] iter=3050 t=374.5s state={'complete': False, 'error': None, 'executedCount': 0, 'wsState': 1} eval_ms=4
  [capture-loop] iter=3100 t=380.6s state={'complete': False, 'error': None, 'executedCount': 0, 'wsState': 1} eval_ms=4
  [capture-loop] iter=3150 t=386.6s state={'complete': False, 'error': None, 'executedCount': 0, 'wsState': 1} eval_ms=4
  [capture-loop] iter=3200 t=392.7s state={'complete': False, 'error': None, 'executedCount': 0, 'wsState': 1} eval_ms=5
  [capture-loop] iter=3250 t=399.0s state={'complete': False, 'error': None, 'executedCount': 0, 'wsState': 1} eval_ms=5
  [capture-loop] iter=3300 t=405.3s state={'complete': False, 'error': None, 'executedCount': 0, 'wsState': 1} eval_ms=5
  [capture-loop] iter=3350 t=411.3s state={'complete': False, 'error': None, 'executedCount': 0, 'wsState': 1} eval_ms=5
  [capture-loop] iter=3400 t=417.5s state={'complete': False, 'error': None, 'executedCount': 0, 'wsState': 1} eval_ms=4
  [capture-loop] iter=3450 t=423.8s state={'complete': False, 'error': None, 'executedCount': 0, 'wsState': 1} eval_ms=5
  [capture-loop] iter=3500 t=429.7s state={'complete': False, 'error': None, 'executedCount': 0, 'wsState': 1} eval_ms=4
  [capture-loop] iter=3550 t=435.9s state={'complete': False, 'error': None, 'executedCount': 0, 'wsState': 1} eval_ms=4
  [capture-loop] iter=3600 t=442.1s state={'complete': False, 'error': None, 'executedCount': 0, 'wsState': 1} eval_ms=5
  [capture-loop] iter=3650 t=448.1s state={'complete': False, 'error': None, 'executedCount': 0, 'wsState': 1} eval_ms=5
  [capture-loop] iter=3700 t=454.2s state={'complete': False, 'error': None, 'executedCount': 0, 'wsState': 1} eval_ms=7
  [capture-loop] iter=3750 t=460.2s state={'complete': False, 'error': None, 'executedCount': 0, 'wsState': 1} eval_ms=5
  [capture-loop] iter=3800 t=466.5s state={'complete': False, 'error': None, 'executedCount': 0, 'wsState': 1} eval_ms=5
  [capture-loop] iter=3850 t=472.8s state={'complete': False, 'error': None, 'executedCount': 0, 'wsState': 1} eval_ms=5
  [capture-loop] iter=3900 t=479.8s state={'complete': False, 'error': None, 'executedCount': 0, 'wsState': 1} eval_ms=4
  [capture-loop] iter=3950 t=485.8s state={'complete': False, 'error': None, 'executedCount': 0, 'wsState': 1} eval_ms=4
  [capture-loop] iter=4000 t=492.6s state={'complete': False, 'error': None, 'executedCount': 0, 'wsState': 1} eval_ms=68
  [capture-loop] iter=4050 t=499.0s state={'complete': False, 'error': None, 'executedCount': 0, 'wsState': 1} eval_ms=4
  [capture-loop] iter=4100 t=505.3s state={'complete': False, 'error': None, 'executedCount': 0, 'wsState': 1} eval_ms=4
  [capture-loop] iter=4150 t=511.8s state={'complete': False, 'error': None, 'executedCount': 0, 'wsState': 1} eval_ms=4
  [capture-loop] iter=4200 t=517.8s state={'complete': False, 'error': None, 'executedCount': 0, 'wsState': 1} eval_ms=4
  [capture-loop] iter=4250 t=524.0s state={'complete': False, 'error': None, 'executedCount': 0, 'wsState': 1} eval_ms=5
  Frame 3 saved (frame_002.jpg, t=529.9s)
  [capture-periodic] freeze=3ms shot=216ms unfreeze=6ms saved=True
  [capture-loop] iter=4300 t=530.3s state={'complete': False, 'error': None, 'executedCount': 0, 'wsState': 1} eval_ms=4
  [capture-loop] iter=4350 t=536.2s state={'complete': False, 'error': None, 'executedCount': 0, 'wsState': 1} eval_ms=4
  Node executed (2 total), capturing...
  [Console-error] Failed to load resource: the server responded with a status of 404 (Not Found)
  Frame 4 saved (frame_003.jpg, t=541.6s)
  [capture-node] freeze=487ms shot=401ms unfreeze=28ms saved=True
  [Console-error] Failed to load resource: the server responded with a status of 404 (Not Found)
  Node executed (3 total), capturing...
  Frame 5 saved (frame_004.jpg, t=543.7s)
  [capture-node] freeze=4ms shot=176ms unfreeze=0ms saved=True
  Execution complete (t=543.7s)
  [3d-wait] Phase 1: Waiting for 'Loading 3D Model' text to disappear...
  [3d-wait] Phase 1 done in 0.0s
  [3d-wait] Phase 2: iframes=0
  [3d-wait] Total 3D wait: 0.0s
  Captured 5 unique frames over 543.94s
  [debug] iframes: 0
  [timing] trigger_3d_previews: 0.0s
  Saved high-quality screenshot: bas_relief_executed.png
  [timing] final_screenshot: 1.1s
    Captured 6 video frames