Capturing execution frames: simple.json
  Frame 1 saved (frame_000.jpg, t=0.0s)
  Validating workflow...
  Queuing workflow for execution...
  Frame 2 saved (frame_001.jpg, t=2.3s)
  [capture-periodic] freeze=4ms shot=185ms unfreeze=7ms saved=True
  Frame 3 saved (frame_002.jpg, t=4.6s)
  [capture-periodic] freeze=4ms shot=217ms unfreeze=12ms saved=True
  [capture-loop] iter=50 t=6.2s state={'complete': False, 'error': None, 'executedCount': 0, 'wsState': 1} eval_ms=5
  Frame 4 saved (frame_003.jpg, t=6.9s)
  [capture-periodic] freeze=4ms shot=172ms unfreeze=5ms saved=True
  [capture-loop] iter=100 t=12.2s state={'complete': False, 'error': None, 'executedCount': 0, 'wsState': 1} eval_ms=5
  [capture-loop] iter=150 t=18.2s state={'complete': False, 'error': None, 'executedCount': 0, 'wsState': 1} eval_ms=5
  [capture-loop] iter=200 t=24.4s state={'complete': False, 'error': None, 'executedCount': 0, 'wsState': 1} eval_ms=7
  [capture-loop] iter=250 t=30.6s state={'complete': False, 'error': None, 'executedCount': 0, 'wsState': 1} eval_ms=6
  [capture-loop] iter=300 t=36.6s state={'complete': False, 'error': None, 'executedCount': 0, 'wsState': 1} eval_ms=7
  [capture-loop] iter=350 t=42.7s state={'complete': False, 'error': None, 'executedCount': 0, 'wsState': 1} eval_ms=7
  [capture-loop] iter=400 t=48.8s state={'complete': False, 'error': None, 'executedCount': 0, 'wsState': 1} eval_ms=8
  [capture-loop] iter=450 t=54.7s state={'complete': False, 'error': None, 'executedCount': 0, 'wsState': 1} eval_ms=5
  [capture-loop] iter=500 t=60.8s state={'complete': False, 'error': None, 'executedCount': 0, 'wsState': 1} eval_ms=5
  [capture-loop] iter=550 t=66.8s state={'complete': False, 'error': None, 'executedCount': 0, 'wsState': 1} eval_ms=5
  Node executed (1 total), capturing...
  Frame 5 saved (frame_004.jpg, t=67.8s)
  [capture-node] freeze=4ms shot=163ms unfreeze=0ms saved=True
  Execution complete (t=67.8s)
  Captured 5 unique frames over 67.97s
  [debug] iframes: 0
  [timing] trigger_3d_previews: 0.0s
  Saved high-quality screenshot: simple_executed.png
  [timing] final_screenshot: 0.8s
    Captured 6 video frames