Capturing execution frames: video_multiview_depth.json
  [Console-error] Failed to load resource: the server responded with a status of 404 (Not Found)
  [Console-error] Failed to load resource: the server responded with a status of 404 (Not Found)
  [Console-error] Failed to load resource: the server responded with a status of 404 (Not Found)
  [Console-error] Failed to load resource: the server responded with a status of 404 (Not Found)
  [Console-error] Failed to load resource: the server responded with a status of 404 (Not Found)
  [Console-error] Failed to load resource: the server responded with a status of 404 (Not Found)
  [Console-warning] WARNING: Multiple instances of Three.js being imported.
  [Console-warning] Extension KJNodes.browserstatus is disabled.
  [Console-error] [vite:preloadError] Error: Extension named 'Comfy.DynamicWidgets' already registered.
    at Proxy.registerExtension (http://127.0.0.1:8188/assets/PanelTemplate-BUPnglF3.js:1:7530)
    at Proxy.wrappedAction (http://127.0.0.1:8188/assets/vendor-vue-BAQ5VIVR.js:1:4647)
    at Object.registerExtension (http://127.0.0.1:8188/assets/dialogService-Cr3DyAja.js:3:110199)
    at ComfyApp.registerExtension (http://127.0.0.1:8188/assets/dialogService-Cr3DyAja.js:192:20543)
    at http://127.0.0.1:8188/extensions/ComfyUI-DepthAnythingV3/js/dynamic_widgets.js:125:5
  [Console-warning] [ComfyUI Deprecated] Importing from "scripts/ui.js" is deprecated and will be removed in v1.34.
  [Console-error] [vite:preloadError] Error: Extension named 'comfy3d.pointcloud.vtk' already registered.
    at Proxy.registerExtension (http://127.0.0.1:8188/assets/PanelTemplate-BUPnglF3.js:1:7530)
    at Proxy.wrappedAction (http://127.0.0.1:8188/assets/vendor-vue-BAQ5VIVR.js:1:4647)
    at Object.registerExtension (http://127.0.0.1:8188/assets/dialogService-Cr3DyAja.js:3:110199)
    at ComfyApp.registerExtension (http://127.0.0.1:8188/assets/dialogService-Cr3DyAja.js:192:20543)
    at http://127.0.0.1:8188/extensions/ComfyUI-GeometryPack/js/pointcloud_preview_vtk.js:13:5
  [Console-error] Failed to load resource: the server responded with a status of 404 (Not Found)
  [Console-warning] [ComfyUI Notice] "extensions/core/widgetInputs.js" is an internal module, not part of the public API. Future updates may break this import.
  [Console-warning] [ComfyUI Notice] "scripts/utils.js" is an internal module, not part of the public API. Future updates may break this import.
  [Console-warning] [MaskEditor] ComfyApp.open_maskeditor is deprecated. Plugins should migrate to using the command system or direct node context menu integration.
  [Console-warning] [ComfyUI Deprecated] Importing from "scripts/ui/components/buttonGroup.js" is deprecated and will be removed in v1.34.
  [Console-warning] [ComfyUI Deprecated] Importing from "scripts/ui/components/button.js" is deprecated and will be removed in v1.34.
  Frame 1 saved (frame_000.jpg, t=0.0s)
  Validating workflow...
  Queuing workflow for execution...
  Node executed (1 total), capturing...
  Frame 2 saved (frame_001.jpg, t=1.4s)
  [capture-node] freeze=4ms shot=161ms unfreeze=3ms saved=True
  Frame 3 saved (frame_002.jpg, t=5.8s)
  [capture-periodic] freeze=4ms shot=198ms unfreeze=5ms saved=True
  [capture-loop] iter=50 t=6.6s state={'complete': False, 'error': None, 'executedCount': 1, 'wsState': 1} eval_ms=5
  [capture-loop] iter=100 t=13.7s state={'complete': False, 'error': None, 'executedCount': 1, 'wsState': 1} eval_ms=5
  [capture-loop] iter=150 t=20.0s state={'complete': False, 'error': None, 'executedCount': 1, 'wsState': 1} eval_ms=5
  [capture-loop] iter=200 t=26.6s state={'complete': False, 'error': None, 'executedCount': 1, 'wsState': 1} eval_ms=5
  [capture-loop] iter=250 t=32.5s state={'complete': False, 'error': None, 'executedCount': 1, 'wsState': 1} eval_ms=4
  [capture-loop] iter=300 t=38.6s state={'complete': False, 'error': None, 'executedCount': 1, 'wsState': 1} eval_ms=5
  [capture-loop] iter=350 t=44.7s state={'complete': False, 'error': None, 'executedCount': 1, 'wsState': 1} eval_ms=4
  [capture-loop] iter=400 t=50.7s state={'complete': False, 'error': None, 'executedCount': 1, 'wsState': 1} eval_ms=4
  [capture-loop] iter=450 t=56.9s state={'complete': False, 'error': None, 'executedCount': 1, 'wsState': 1} eval_ms=6
  [capture-loop] iter=500 t=62.9s state={'complete': False, 'error': None, 'executedCount': 1, 'wsState': 1} eval_ms=4
  [capture-loop] iter=550 t=68.8s state={'complete': False, 'error': None, 'executedCount': 1, 'wsState': 1} eval_ms=5
  [capture-loop] iter=600 t=74.9s state={'complete': False, 'error': None, 'executedCount': 1, 'wsState': 1} eval_ms=5
  [capture-loop] iter=650 t=81.1s state={'complete': False, 'error': None, 'executedCount': 1, 'wsState': 1} eval_ms=5
  [capture-loop] iter=700 t=87.1s state={'complete': False, 'error': None, 'executedCount': 1, 'wsState': 1} eval_ms=5
  [capture-loop] iter=750 t=93.3s state={'complete': False, 'error': None, 'executedCount': 1, 'wsState': 1} eval_ms=6
  [capture-loop] iter=800 t=99.4s state={'complete': False, 'error': None, 'executedCount': 1, 'wsState': 1} eval_ms=4
  [capture-loop] iter=850 t=105.5s state={'complete': False, 'error': None, 'executedCount': 1, 'wsState': 1} eval_ms=4
  [capture-loop] iter=900 t=111.4s state={'complete': False, 'error': None, 'executedCount': 1, 'wsState': 1} eval_ms=4
  [capture-loop] iter=950 t=117.4s state={'complete': False, 'error': None, 'executedCount': 1, 'wsState': 1} eval_ms=4
  [capture-loop] iter=1000 t=123.3s state={'complete': False, 'error': None, 'executedCount': 1, 'wsState': 1} eval_ms=4
  [capture-loop] iter=1050 t=129.3s state={'complete': False, 'error': None, 'executedCount': 1, 'wsState': 1} eval_ms=4
  [capture-loop] iter=1100 t=135.4s state={'complete': False, 'error': None, 'executedCount': 1, 'wsState': 1} eval_ms=4
  [capture-loop] iter=1150 t=141.3s state={'complete': False, 'error': None, 'executedCount': 1, 'wsState': 1} eval_ms=4
  [capture-loop] iter=1200 t=147.4s state={'complete': False, 'error': None, 'executedCount': 1, 'wsState': 1} eval_ms=5
  [capture-loop] iter=1250 t=153.5s state={'complete': False, 'error': None, 'executedCount': 1, 'wsState': 1} eval_ms=5
  [capture-loop] iter=1300 t=159.6s state={'complete': False, 'error': None, 'executedCount': 1, 'wsState': 1} eval_ms=5
  [capture-loop] iter=1350 t=165.7s state={'complete': False, 'error': None, 'executedCount': 1, 'wsState': 1} eval_ms=5
  [capture-loop] iter=1400 t=172.0s state={'complete': False, 'error': None, 'executedCount': 1, 'wsState': 1} eval_ms=4
  [capture-loop] iter=1450 t=178.1s state={'complete': False, 'error': None, 'executedCount': 1, 'wsState': 1} eval_ms=5
  [capture-loop] iter=1500 t=184.1s state={'complete': False, 'error': None, 'executedCount': 1, 'wsState': 1} eval_ms=5
  [capture-loop] iter=1550 t=190.4s state={'complete': False, 'error': None, 'executedCount': 1, 'wsState': 1} eval_ms=4
  [capture-loop] iter=1600 t=196.5s state={'complete': False, 'error': None, 'executedCount': 1, 'wsState': 1} eval_ms=5
  [capture-loop] iter=1650 t=202.5s state={'complete': False, 'error': None, 'executedCount': 1, 'wsState': 1} eval_ms=4
  [capture-loop] iter=1700 t=208.6s state={'complete': False, 'error': None, 'executedCount': 1, 'wsState': 1} eval_ms=5
  [capture-loop] iter=1750 t=214.8s state={'complete': False, 'error': None, 'executedCount': 1, 'wsState': 1} eval_ms=5
  [capture-loop] iter=1800 t=220.9s state={'complete': False, 'error': None, 'executedCount': 1, 'wsState': 1} eval_ms=4
  [capture-loop] iter=1850 t=227.0s state={'complete': False, 'error': None, 'executedCount': 1, 'wsState': 1} eval_ms=5
  [capture-loop] iter=1900 t=233.2s state={'complete': False, 'error': None, 'executedCount': 1, 'wsState': 1} eval_ms=5
  [capture-loop] iter=1950 t=239.3s state={'complete': False, 'error': None, 'executedCount': 1, 'wsState': 1} eval_ms=4
  [capture-loop] iter=2000 t=245.2s state={'complete': False, 'error': None, 'executedCount': 1, 'wsState': 1} eval_ms=4
  [capture-loop] iter=2050 t=251.4s state={'complete': False, 'error': None, 'executedCount': 1, 'wsState': 1} eval_ms=4
  [capture-loop] iter=2100 t=257.5s state={'complete': False, 'error': None, 'executedCount': 1, 'wsState': 1} eval_ms=4
  [capture-loop] iter=2150 t=263.3s state={'complete': False, 'error': None, 'executedCount': 1, 'wsState': 1} eval_ms=5
  [capture-loop] iter=2200 t=269.4s state={'complete': False, 'error': None, 'executedCount': 1, 'wsState': 1} eval_ms=4
  [capture-loop] iter=2250 t=275.6s state={'complete': False, 'error': None, 'executedCount': 1, 'wsState': 1} eval_ms=4
  [capture-loop] iter=2300 t=281.8s state={'complete': False, 'error': None, 'executedCount': 1, 'wsState': 1} eval_ms=5
  [capture-loop] iter=2350 t=287.8s state={'complete': False, 'error': None, 'executedCount': 1, 'wsState': 1} eval_ms=6
  [capture-loop] iter=2400 t=294.0s state={'complete': False, 'error': None, 'executedCount': 1, 'wsState': 1} eval_ms=6
  [capture-loop] iter=2450 t=300.1s state={'complete': False, 'error': None, 'executedCount': 1, 'wsState': 1} eval_ms=5
  [capture-loop] iter=2500 t=306.3s state={'complete': False, 'error': None, 'executedCount': 1, 'wsState': 1} eval_ms=4
  [capture-loop] iter=2550 t=312.4s state={'complete': False, 'error': None, 'executedCount': 1, 'wsState': 1} eval_ms=4
  [capture-loop] iter=2600 t=318.5s state={'complete': False, 'error': None, 'executedCount': 1, 'wsState': 1} eval_ms=5
  [capture-loop] iter=2650 t=324.5s state={'complete': False, 'error': None, 'executedCount': 1, 'wsState': 1} eval_ms=4
  [capture-loop] iter=2700 t=330.6s state={'complete': False, 'error': None, 'executedCount': 1, 'wsState': 1} eval_ms=4
  [capture-loop] iter=2750 t=336.7s state={'complete': False, 'error': None, 'executedCount': 1, 'wsState': 1} eval_ms=5
  [capture-loop] iter=2800 t=342.7s state={'complete': False, 'error': None, 'executedCount': 1, 'wsState': 1} eval_ms=7
  [capture-loop] iter=2850 t=348.8s state={'complete': False, 'error': None, 'executedCount': 1, 'wsState': 1} eval_ms=4
  [capture-loop] iter=2900 t=355.2s state={'complete': False, 'error': None, 'executedCount': 1, 'wsState': 1} eval_ms=4
  [capture-loop] iter=2950 t=361.4s state={'complete': False, 'error': None, 'executedCount': 1, 'wsState': 1} eval_ms=4
  [capture-loop] iter=3000 t=367.3s state={'complete': False, 'error': None, 'executedCount': 1, 'wsState': 1} eval_ms=5
  [capture-loop] iter=3050 t=373.4s state={'complete': False, 'error': None, 'executedCount': 1, 'wsState': 1} eval_ms=4
  [capture-loop] iter=3100 t=379.5s state={'complete': False, 'error': None, 'executedCount': 1, 'wsState': 1} eval_ms=4
  [capture-loop] iter=3150 t=385.4s state={'complete': False, 'error': None, 'executedCount': 1, 'wsState': 1} eval_ms=10
  [capture-loop] iter=3200 t=391.6s state={'complete': False, 'error': None, 'executedCount': 1, 'wsState': 1} eval_ms=10
  [capture-loop] iter=3250 t=397.8s state={'complete': False, 'error': None, 'executedCount': 1, 'wsState': 1} eval_ms=5
  [capture-loop] iter=3300 t=403.9s state={'complete': False, 'error': None, 'executedCount': 1, 'wsState': 1} eval_ms=5
  [capture-loop] iter=3350 t=410.1s state={'complete': False, 'error': None, 'executedCount': 1, 'wsState': 1} eval_ms=4
  [capture-loop] iter=3400 t=416.2s state={'complete': False, 'error': None, 'executedCount': 1, 'wsState': 1} eval_ms=5
  [capture-loop] iter=3450 t=422.1s state={'complete': False, 'error': None, 'executedCount': 1, 'wsState': 1} eval_ms=4
  [capture-loop] iter=3500 t=428.5s state={'complete': False, 'error': None, 'executedCount': 1, 'wsState': 1} eval_ms=4
  [capture-loop] iter=3550 t=434.6s state={'complete': False, 'error': None, 'executedCount': 1, 'wsState': 1} eval_ms=4
  [capture-loop] iter=3600 t=440.6s state={'complete': False, 'error': None, 'executedCount': 1, 'wsState': 1} eval_ms=5
  [capture-loop] iter=3650 t=446.5s state={'complete': False, 'error': None, 'executedCount': 1, 'wsState': 1} eval_ms=4
  [capture-loop] iter=3700 t=452.5s state={'complete': False, 'error': None, 'executedCount': 1, 'wsState': 1} eval_ms=4
  [capture-loop] iter=3750 t=458.4s state={'complete': False, 'error': None, 'executedCount': 1, 'wsState': 1} eval_ms=4
  [capture-loop] iter=3800 t=464.5s state={'complete': False, 'error': None, 'executedCount': 1, 'wsState': 1} eval_ms=3
  [capture-loop] iter=3850 t=470.5s state={'complete': False, 'error': None, 'executedCount': 1, 'wsState': 1} eval_ms=4
  [capture-loop] iter=3900 t=476.4s state={'complete': False, 'error': None, 'executedCount': 1, 'wsState': 1} eval_ms=4
  [capture-loop] iter=3950 t=482.6s state={'complete': False, 'error': None, 'executedCount': 1, 'wsState': 1} eval_ms=5
  [capture-loop] iter=4000 t=488.8s state={'complete': False, 'error': None, 'executedCount': 1, 'wsState': 1} eval_ms=4
  [capture-loop] iter=4050 t=494.8s state={'complete': False, 'error': None, 'executedCount': 1, 'wsState': 1} eval_ms=6
  [capture-loop] iter=4100 t=500.9s state={'complete': False, 'error': None, 'executedCount': 1, 'wsState': 1} eval_ms=5
  [capture-loop] iter=4150 t=507.0s state={'complete': False, 'error': None, 'executedCount': 1, 'wsState': 1} eval_ms=4
  [capture-loop] iter=4200 t=512.9s state={'complete': False, 'error': None, 'executedCount': 1, 'wsState': 1} eval_ms=5
  [capture-loop] iter=4250 t=519.0s state={'complete': False, 'error': None, 'executedCount': 1, 'wsState': 1} eval_ms=5
  [capture-loop] iter=4300 t=525.0s state={'complete': False, 'error': None, 'executedCount': 1, 'wsState': 1} eval_ms=3
  [capture-loop] iter=4350 t=530.9s state={'complete': False, 'error': None, 'executedCount': 1, 'wsState': 1} eval_ms=4
  [capture-loop] iter=4400 t=537.0s state={'complete': False, 'error': None, 'executedCount': 1, 'wsState': 1} eval_ms=4
  [capture-loop] iter=4450 t=543.2s state={'complete': False, 'error': None, 'executedCount': 1, 'wsState': 1} eval_ms=4
  [capture-loop] iter=4500 t=549.2s state={'complete': False, 'error': None, 'executedCount': 1, 'wsState': 1} eval_ms=4
  [capture-loop] iter=4550 t=555.4s state={'complete': False, 'error': None, 'executedCount': 1, 'wsState': 1} eval_ms=5
  [capture-loop] iter=4600 t=561.5s state={'complete': False, 'error': None, 'executedCount': 1, 'wsState': 1} eval_ms=4
  [capture-loop] iter=4650 t=567.4s state={'complete': False, 'error': None, 'executedCount': 1, 'wsState': 1} eval_ms=4
  [capture-loop] iter=4700 t=573.4s state={'complete': False, 'error': None, 'executedCount': 1, 'wsState': 1} eval_ms=6
  [capture-loop] iter=4750 t=579.5s state={'complete': False, 'error': None, 'executedCount': 1, 'wsState': 1} eval_ms=5
  [capture-loop] iter=4800 t=585.3s state={'complete': False, 'error': None, 'executedCount': 1, 'wsState': 1} eval_ms=4
  Node executed (2 total), capturing...
  Frame 4 saved (frame_003.jpg, t=587.2s)
  [capture-node] freeze=4ms shot=189ms unfreeze=5ms saved=True
  Frame 5 saved (frame_004.jpg, t=589.5s)
  [capture-periodic] freeze=3ms shot=192ms unfreeze=4ms saved=True
  [capture-loop] iter=4850 t=591.6s state={'complete': False, 'error': None, 'executedCount': 2, 'wsState': 1} eval_ms=4
  [capture-loop] iter=4900 t=597.8s state={'complete': False, 'error': None, 'executedCount': 2, 'wsState': 1} eval_ms=5
  [capture-loop] iter=4950 t=604.0s state={'complete': False, 'error': None, 'executedCount': 2, 'wsState': 1} eval_ms=4
  Frame 6 saved (frame_005.jpg, t=605.4s)
  [capture-periodic] freeze=4ms shot=217ms unfreeze=23ms saved=True
  [capture-loop] iter=5000 t=610.0s state={'complete': False, 'error': None, 'executedCount': 2, 'wsState': 1} eval_ms=4
  [capture-loop] iter=5050 t=616.2s state={'complete': False, 'error': None, 'executedCount': 2, 'wsState': 1} eval_ms=4
  [capture-loop] iter=5100 t=622.4s state={'complete': False, 'error': None, 'executedCount': 2, 'wsState': 1} eval_ms=4
  Frame 7 saved (frame_006.jpg, t=625.9s)
  [capture-periodic] freeze=4ms shot=190ms unfreeze=5ms saved=True
  [capture-loop] iter=5150 t=628.6s state={'complete': False, 'error': None, 'executedCount': 2, 'wsState': 1} eval_ms=5
  [capture-loop] iter=5200 t=634.4s state={'complete': False, 'error': None, 'executedCount': 2, 'wsState': 1} eval_ms=5
  Frame 8 saved (frame_007.jpg, t=639.7s)
  [capture-periodic] freeze=3ms shot=209ms unfreeze=5ms saved=True
  [capture-loop] iter=5250 t=640.6s state={'complete': False, 'error': None, 'executedCount': 2, 'wsState': 1} eval_ms=4
  [capture-loop] iter=5300 t=646.5s state={'complete': False, 'error': None, 'executedCount': 2, 'wsState': 1} eval_ms=4
  [capture-loop] iter=5350 t=652.5s state={'complete': False, 'error': None, 'executedCount': 2, 'wsState': 1} eval_ms=5
  Frame 9 saved (frame_008.jpg, t=655.5s)
  [capture-periodic] freeze=4ms shot=207ms unfreeze=15ms saved=True
  [capture-loop] iter=5400 t=658.7s state={'complete': False, 'error': None, 'executedCount': 2, 'wsState': 1} eval_ms=5
  [capture-loop] iter=5450 t=665.0s state={'complete': False, 'error': None, 'executedCount': 2, 'wsState': 1} eval_ms=5
  [capture-loop] iter=5500 t=671.0s state={'complete': False, 'error': None, 'executedCount': 2, 'wsState': 1} eval_ms=5
  Frame 10 saved (frame_009.jpg, t=676.0s)
  [capture-periodic] freeze=3ms shot=194ms unfreeze=4ms saved=True
  [capture-loop] iter=5550 t=677.2s state={'complete': False, 'error': None, 'executedCount': 2, 'wsState': 1} eval_ms=4
  [capture-loop] iter=5600 t=683.3s state={'complete': False, 'error': None, 'executedCount': 2, 'wsState': 1} eval_ms=4
  [capture-loop] iter=5650 t=689.3s state={'complete': False, 'error': None, 'executedCount': 2, 'wsState': 1} eval_ms=4
  Frame 11 saved (frame_010.jpg, t=694.4s)
  [capture-periodic] freeze=4ms shot=204ms unfreeze=4ms saved=True
  [capture-loop] iter=5700 t=695.5s state={'complete': False, 'error': None, 'executedCount': 2, 'wsState': 1} eval_ms=4
  [capture-loop] iter=5750 t=701.7s state={'complete': False, 'error': None, 'executedCount': 2, 'wsState': 1} eval_ms=4
  [capture-loop] iter=5800 t=707.6s state={'complete': False, 'error': None, 'executedCount': 2, 'wsState': 1} eval_ms=4
  Frame 12 saved (frame_011.jpg, t=712.9s)
  [capture-periodic] freeze=4ms shot=197ms unfreeze=4ms saved=True
  [capture-loop] iter=5850 t=713.9s state={'complete': False, 'error': None, 'executedCount': 2, 'wsState': 1} eval_ms=4
  [capture-loop] iter=5900 t=719.8s state={'complete': False, 'error': None, 'executedCount': 2, 'wsState': 1} eval_ms=4
  [capture-loop] iter=5950 t=725.9s state={'complete': False, 'error': None, 'executedCount': 2, 'wsState': 1} eval_ms=4
  Frame 13 saved (frame_012.jpg, t=726.6s)
  [capture-periodic] freeze=3ms shot=178ms unfreeze=5ms saved=True
  [capture-loop] iter=6000 t=731.9s state={'complete': False, 'error': None, 'executedCount': 2, 'wsState': 1} eval_ms=4
  [capture-loop] iter=6050 t=737.8s state={'complete': False, 'error': None, 'executedCount': 2, 'wsState': 1} eval_ms=4
  Frame 14 saved (frame_013.jpg, t=742.6s)
  [capture-periodic] freeze=4ms shot=194ms unfreeze=5ms saved=True
  [capture-loop] iter=6100 t=744.0s state={'complete': False, 'error': None, 'executedCount': 2, 'wsState': 1} eval_ms=4
  [capture-loop] iter=6150 t=750.1s state={'complete': False, 'error': None, 'executedCount': 2, 'wsState': 1} eval_ms=4
  [capture-loop] iter=6200 t=756.1s state={'complete': False, 'error': None, 'executedCount': 2, 'wsState': 1} eval_ms=5
  Frame 15 saved (frame_014.jpg, t=760.9s)
  [capture-periodic] freeze=4ms shot=199ms unfreeze=80ms saved=True
  [capture-loop] iter=6250 t=762.4s state={'complete': False, 'error': None, 'executedCount': 2, 'wsState': 1} eval_ms=4
  [capture-loop] iter=6300 t=768.6s state={'complete': False, 'error': None, 'executedCount': 2, 'wsState': 1} eval_ms=4
  [capture-loop] iter=6350 t=774.5s state={'complete': False, 'error': None, 'executedCount': 2, 'wsState': 1} eval_ms=4
  Frame 16 saved (frame_015.jpg, t=779.3s)
  [capture-periodic] freeze=4ms shot=196ms unfreeze=5ms saved=True
  [capture-loop] iter=6400 t=780.8s state={'complete': False, 'error': None, 'executedCount': 2, 'wsState': 1} eval_ms=5
  [capture-loop] iter=6450 t=786.8s state={'complete': False, 'error': None, 'executedCount': 2, 'wsState': 1} eval_ms=4
  [capture-loop] iter=6500 t=792.7s state={'complete': False, 'error': None, 'executedCount': 2, 'wsState': 1} eval_ms=4
  Frame 17 saved (frame_016.jpg, t=795.1s)
  [capture-periodic] freeze=3ms shot=170ms unfreeze=5ms saved=True
  [capture-loop] iter=6550 t=798.8s state={'complete': False, 'error': None, 'executedCount': 2, 'wsState': 1} eval_ms=5
  [capture-loop] iter=6600 t=805.0s state={'complete': False, 'error': None, 'executedCount': 2, 'wsState': 1} eval_ms=5
  [capture-loop] iter=6650 t=811.0s state={'complete': False, 'error': None, 'executedCount': 2, 'wsState': 1} eval_ms=38
  Frame 18 saved (frame_017.jpg, t=811.2s)
  [capture-periodic] freeze=4ms shot=202ms unfreeze=6ms saved=True
  Node executed (3 total), capturing...
  Frame 19 saved (frame_018.jpg, t=813.0s)
  [capture-node] freeze=4ms shot=171ms unfreeze=4ms saved=True
  Execution complete (t=813.4s)
  Captured 19 unique frames over 813.39s
  [debug] iframes: 0
  [timing] trigger_3d_previews: 0.0s
  Saved high-quality screenshot: video_multiview_depth_executed.png
  [timing] final_screenshot: 1.0s
    Captured 20 video frames