[00:00] Crash dump logging enabled: D:\a\comfy-gpu-ci\comfy-gpu-ci\comfy-test-logs\DepthAnythingV3-0158\windows-portable-cpu\crash_dump.log
[00:00] 
[00:00] [1/3] REGISTRATION
[00:00] ----------------------------------------
[00:00] 
[DEBUG] server=None, server_url=http://127.0.0.1:8188, api=None
[00:00] 
Connecting to existing server at http://127.0.0.1:8188...
[00:00] Connecting to existing server at http://127.0.0.1:8188...
[00:00] Connected to server! (attempt 1, 0.0s)
[00:00] Checking for import errors in server logs...
[00:00] No import errors detected
[00:00] Found 1103 registered nodes
[00:00] [REGISTRATION] PASSED
[00:00] 
[00:00] [2/3] INSTANTIATION
[00:00] ----------------------------------------
[00:00] 
[DEBUG] server=<comfy_test.comfyui.server.ExternalComfyUIServer object at 0x000002191A4D1010>, server_url=http://127.0.0.1:8188, api=<comfy_test.comfyui.api.ComfyUIAPI object at 0x000002191A4D1160>
[00:00] Testing node constructors...
[00:04] All 15 node(s) instantiated successfully!
[00:04] [INSTANTIATION] PASSED
[00:04] 
[00:04] [3/3] EXECUTION
[00:04] ----------------------------------------
[00:04] 
[DEBUG] server=<comfy_test.comfyui.server.ExternalComfyUIServer object at 0x000002191A4D1010>, server_url=http://127.0.0.1:8188, api=<comfy_test.comfyui.api.ComfyUIAPI object at 0x000002191A4D1160>
[00:04] CPU runner - will execute 4 workflow(s)
[00:04] Running 7 workflow(s) (all with videos)...
[00:04] Starting headless browser...
[00:05]   Downloading Mesa llvmpipe for Windows...
[00:10]   Copied opengl32.dll to Chromium dir
[00:10]   Copied libgallium_wgl.dll to Chromium dir
[00:10]   Using Mesa llvmpipe (desktop GL) — multithreaded CPU rendering
[00:11] Capturing execution frames: advanced.json
[00:20]   Frame 1 saved (frame_000.jpg, t=0.0s)
[00:20]   Validating workflow...
[00:20]   Queuing workflow for execution...
[00:22]   Frame 2 saved (frame_001.jpg, t=2.2s)
[00:22]   [capture-periodic] freeze=3ms shot=133ms unfreeze=3ms saved=True
[00:24]   Frame 3 saved (frame_002.jpg, t=4.4s)
[00:24]   [capture-periodic] freeze=3ms shot=156ms unfreeze=4ms saved=True
[00:26]   [capture-loop] iter=50 t=5.9s state={'complete': False, 'error': None, 'executedCount': 0, 'wsState': 1} eval_ms=4
[00:27]   Frame 4 saved (frame_003.jpg, t=6.7s)
[00:27]   [capture-periodic] freeze=5ms shot=165ms unfreeze=6ms saved=True
[00:32]   [capture-loop] iter=100 t=12.1s state={'complete': False, 'error': None, 'executedCount': 0, 'wsState': 1} eval_ms=3
[00:36]   Frame 5 saved (frame_004.jpg, t=15.5s)
[00:36]   [capture-periodic] freeze=3ms shot=129ms unfreeze=8ms saved=True
[00:38]   Frame 6 saved (frame_005.jpg, t=17.7s)
[00:38]   [capture-periodic] freeze=3ms shot=139ms unfreeze=9ms saved=True
[00:38]   [capture-loop] iter=150 t=18.1s state={'complete': False, 'error': None, 'executedCount': 0, 'wsState': 1} eval_ms=3
[00:44]   [capture-loop] iter=200 t=23.8s state={'complete': False, 'error': None, 'executedCount': 0, 'wsState': 1} eval_ms=4
[00:50]   [capture-loop] iter=250 t=29.7s state={'complete': False, 'error': None, 'executedCount': 0, 'wsState': 1} eval_ms=5
[00:55]   [capture-loop] iter=300 t=35.5s state={'complete': False, 'error': None, 'executedCount': 0, 'wsState': 1} eval_ms=5
[01:01]   [capture-loop] iter=350 t=41.5s state={'complete': False, 'error': None, 'executedCount': 0, 'wsState': 1} eval_ms=7
[01:08]   [capture-loop] iter=400 t=47.7s state={'complete': False, 'error': None, 'executedCount': 0, 'wsState': 1} eval_ms=20
[01:14]   [capture-loop] iter=450 t=54.0s state={'complete': False, 'error': None, 'executedCount': 0, 'wsState': 1} eval_ms=4
[01:20]   [capture-loop] iter=500 t=59.9s state={'complete': False, 'error': None, 'executedCount': 0, 'wsState': 1} eval_ms=3
[01:26]   [capture-loop] iter=550 t=65.8s state={'complete': False, 'error': None, 'executedCount': 0, 'wsState': 1} eval_ms=4
[01:32]   [capture-loop] iter=600 t=71.8s state={'complete': False, 'error': None, 'executedCount': 0, 'wsState': 1} eval_ms=5
[01:38]   [capture-loop] iter=650 t=77.7s state={'complete': False, 'error': None, 'executedCount': 0, 'wsState': 1} eval_ms=5
[01:39]   Node executed (3 total), capturing...
[01:39]   Frame 7 saved (frame_006.jpg, t=78.8s)
[01:39]   [capture-node] freeze=62ms shot=216ms unfreeze=6ms saved=True
[01:39]   Node executed (8 total), capturing...
[01:39]   Frame 8 saved (frame_007.jpg, t=79.4s)
[01:39]   [capture-node] freeze=3ms shot=135ms unfreeze=0ms saved=True
[01:39]   Execution complete (t=79.4s)
[01:39]   Captured 8 unique frames over 79.56s
[01:39]   [debug] iframes: 0
[01:39]   [timing] trigger_3d_previews: 0.0s
[01:42]   Saved high-quality screenshot: advanced_executed.png
[01:42]   [timing] final_screenshot: 0.7s
[01:43] Capturing execution frames: advanced_3d.json
[01:50]   Frame 1 saved (frame_000.jpg, t=0.0s)
[01:50]   Validating workflow...
[01:50]   Queuing workflow for execution...
[01:53]   Frame 2 saved (frame_001.jpg, t=2.3s)
[01:53]   [capture-periodic] freeze=4ms shot=153ms unfreeze=8ms saved=True
[01:55]   Frame 3 saved (frame_002.jpg, t=4.5s)
[01:55]   [capture-periodic] freeze=3ms shot=148ms unfreeze=4ms saved=True
[01:56]   [capture-loop] iter=50 t=5.9s state={'complete': False, 'error': None, 'executedCount': 0, 'wsState': 1} eval_ms=5
[01:57]   Frame 4 saved (frame_003.jpg, t=6.8s)
[01:57]   [capture-periodic] freeze=3ms shot=153ms unfreeze=6ms saved=True
[02:02]   [capture-loop] iter=100 t=11.8s state={'complete': False, 'error': None, 'executedCount': 0, 'wsState': 1} eval_ms=4
[02:08]   [capture-loop] iter=150 t=17.5s state={'complete': False, 'error': None, 'executedCount': 0, 'wsState': 1} eval_ms=3
[02:14]   [capture-loop] iter=200 t=23.4s state={'complete': False, 'error': None, 'executedCount': 0, 'wsState': 1} eval_ms=4
[02:19]   [capture-loop] iter=250 t=29.3s state={'complete': False, 'error': None, 'executedCount': 0, 'wsState': 1} eval_ms=5
[02:21]   Frame 5 saved (frame_004.jpg, t=31.1s)
[02:21]   [capture-periodic] freeze=3ms shot=125ms unfreeze=8ms saved=True
[02:24]   Frame 6 saved (frame_005.jpg, t=33.3s)
[02:24]   [capture-periodic] freeze=4ms shot=128ms unfreeze=3ms saved=True
[02:25]   Node executed (2 total), capturing...
[02:25]   Frame 7 saved (frame_006.jpg, t=34.5s)
[02:25]   [capture-node] freeze=3ms shot=133ms unfreeze=0ms saved=True
[02:25]   Execution complete (t=34.5s)
[02:25]   Captured 7 unique frames over 34.7s
[02:26]   [debug] iframes: 1
[02:26]   [debug]   iframe[0]: src=http://127.0.0.1:8188/extensions/ComfyUI-DepthAnythingV3/viewer_vtk.html?v=17776, canvas=486x394, rafFrozen=True
[02:26]   [timing] trigger_3d_previews: 0.0s
[02:29]   Saved high-quality screenshot: advanced_3d_executed.png
[02:29]   [timing] final_screenshot: 0.6s
[02:29] Capturing execution frames: advanced_3d_multiview.json
[02:36]   Frame 1 saved (frame_000.jpg, t=0.0s)
[02:36]   Validating workflow...
[02:36]   Queuing workflow for execution...
[02:36]   Node executed (1 total), capturing...
[02:36]   Frame 2 saved (frame_001.jpg, t=0.5s)
[02:36]   [capture-node] freeze=4ms shot=107ms unfreeze=8ms saved=True
[02:38]   Frame 3 saved (frame_002.jpg, t=2.7s)
[02:38]   [capture-periodic] freeze=3ms shot=111ms unfreeze=3ms saved=True
[02:40]   Frame 4 saved (frame_003.jpg, t=4.9s)
[02:40]   [capture-periodic] freeze=3ms shot=106ms unfreeze=8ms saved=True
[02:42]   [capture-loop] iter=50 t=6.1s state={'complete': False, 'error': None, 'executedCount': 1, 'wsState': 1} eval_ms=3
[02:43]   Frame 5 saved (frame_004.jpg, t=7.0s)
[02:43]   [capture-periodic] freeze=2ms shot=126ms unfreeze=3ms saved=True
[02:47]   [capture-loop] iter=100 t=12.0s state={'complete': False, 'error': None, 'executedCount': 1, 'wsState': 1} eval_ms=6
[02:53]   [capture-loop] iter=150 t=17.6s state={'complete': False, 'error': None, 'executedCount': 1, 'wsState': 1} eval_ms=4
[02:59]   [capture-loop] iter=200 t=23.4s state={'complete': False, 'error': None, 'executedCount': 1, 'wsState': 1} eval_ms=4
[03:05]   [capture-loop] iter=250 t=29.3s state={'complete': False, 'error': None, 'executedCount': 1, 'wsState': 1} eval_ms=4
[03:10]   [capture-loop] iter=300 t=35.0s state={'complete': False, 'error': None, 'executedCount': 1, 'wsState': 1} eval_ms=5
[03:16]   [capture-loop] iter=350 t=40.9s state={'complete': False, 'error': None, 'executedCount': 1, 'wsState': 1} eval_ms=6
[03:22]   [capture-loop] iter=400 t=46.5s state={'complete': False, 'error': None, 'executedCount': 1, 'wsState': 1} eval_ms=4
[03:28]   [capture-loop] iter=450 t=52.4s state={'complete': False, 'error': None, 'executedCount': 1, 'wsState': 1} eval_ms=4
[03:34]   [capture-loop] iter=500 t=58.2s state={'complete': False, 'error': None, 'executedCount': 1, 'wsState': 1} eval_ms=5
[03:39]   [capture-loop] iter=550 t=63.9s state={'complete': False, 'error': None, 'executedCount': 1, 'wsState': 1} eval_ms=4
[03:45]   [capture-loop] iter=600 t=69.8s state={'complete': False, 'error': None, 'executedCount': 1, 'wsState': 1} eval_ms=5
[03:51]   [capture-loop] iter=650 t=75.7s state={'complete': False, 'error': None, 'executedCount': 1, 'wsState': 1} eval_ms=4
[03:57]   [capture-loop] iter=700 t=81.4s state={'complete': False, 'error': None, 'executedCount': 1, 'wsState': 1} eval_ms=5
[04:03]   [capture-loop] iter=750 t=87.3s state={'complete': False, 'error': None, 'executedCount': 1, 'wsState': 1} eval_ms=4
[04:08]   [capture-loop] iter=800 t=92.9s state={'complete': False, 'error': None, 'executedCount': 1, 'wsState': 1} eval_ms=5
[04:14]   [capture-loop] iter=850 t=98.7s state={'complete': False, 'error': None, 'executedCount': 1, 'wsState': 1} eval_ms=5
[04:20]   [capture-loop] iter=900 t=104.6s state={'complete': False, 'error': None, 'executedCount': 1, 'wsState': 1} eval_ms=5
[04:26]   [capture-loop] iter=950 t=110.3s state={'complete': False, 'error': None, 'executedCount': 1, 'wsState': 1} eval_ms=4
[04:32]   [capture-loop] iter=1000 t=116.1s state={'complete': False, 'error': None, 'executedCount': 1, 'wsState': 1} eval_ms=4
[04:37]   [capture-loop] iter=1050 t=121.9s state={'complete': False, 'error': None, 'executedCount': 1, 'wsState': 1} eval_ms=4
[04:43]   [capture-loop] iter=1100 t=127.6s state={'complete': False, 'error': None, 'executedCount': 1, 'wsState': 1} eval_ms=4
[04:49]   [capture-loop] iter=1150 t=133.4s state={'complete': False, 'error': None, 'executedCount': 1, 'wsState': 1} eval_ms=4
[04:55]   [capture-loop] iter=1200 t=139.3s state={'complete': False, 'error': None, 'executedCount': 1, 'wsState': 1} eval_ms=4
[05:01]   [capture-loop] iter=1250 t=145.0s state={'complete': False, 'error': None, 'executedCount': 1, 'wsState': 1} eval_ms=4
[05:06]   [capture-loop] iter=1300 t=150.9s state={'complete': False, 'error': None, 'executedCount': 1, 'wsState': 1} eval_ms=5
[05:10]   Frame 6 saved (frame_005.jpg, t=154.5s)
[05:10]   [capture-periodic] freeze=3ms shot=108ms unfreeze=9ms saved=True
[05:11]   Node executed (2 total), capturing...
[05:12]   Frame 7 saved (frame_006.jpg, t=156.2s)
[05:12]   [capture-node] freeze=3ms shot=104ms unfreeze=5ms saved=True
[05:12]   Node executed (3 total), capturing...
[05:12]   Frame 8 saved (frame_007.jpg, t=156.7s)
[05:12]   [capture-node] freeze=5ms shot=113ms unfreeze=5ms saved=True
[05:13]   Node executed (4 total), capturing...
[05:13]   Frame 9 saved (frame_008.jpg, t=157.2s)
[05:13]   [capture-node] freeze=3ms shot=119ms unfreeze=0ms saved=True
[05:13]   Execution complete (t=157.2s)
[05:13]   Captured 9 unique frames over 157.36s
[05:13]   [debug] iframes: 1
[05:13]   [debug]   iframe[0]: src=http://127.0.0.1:8188/extensions/ComfyUI-DepthAnythingV3/viewer_vtk.html?v=17776, canvas=486x394, rafFrozen=True
[05:13]   [timing] trigger_3d_previews: 0.0s
[05:15]   Saved high-quality screenshot: advanced_3d_multiview_executed.png
[05:15]   [timing] final_screenshot: 0.6s
[05:16]   [4/7] SKIPPED (not in cpu list) bas_relief.json
[05:16]   [5/7] SKIPPED (not in cpu list) da3_streaming.json
[05:16] Capturing execution frames: simple.json
[05:22]   Frame 1 saved (frame_000.jpg, t=0.0s)
[05:22]   Validating workflow...
[05:23]   Queuing workflow for execution...
[05:25]   Frame 2 saved (frame_001.jpg, t=2.3s)
[05:25]   [capture-periodic] freeze=3ms shot=132ms unfreeze=6ms saved=True
[05:27]   Frame 3 saved (frame_002.jpg, t=4.5s)
[05:27]   [capture-periodic] freeze=3ms shot=121ms unfreeze=4ms saved=True
[05:28]   [capture-loop] iter=50 t=5.8s state={'complete': False, 'error': None, 'executedCount': 0, 'wsState': 1} eval_ms=3
[05:29]   Frame 4 saved (frame_003.jpg, t=6.6s)
[05:29]   [capture-periodic] freeze=3ms shot=118ms unfreeze=4ms saved=True
[05:34]   [capture-loop] iter=100 t=11.7s state={'complete': False, 'error': None, 'executedCount': 0, 'wsState': 1} eval_ms=3
[05:40]   [capture-loop] iter=150 t=17.4s state={'complete': False, 'error': None, 'executedCount': 0, 'wsState': 1} eval_ms=4
[05:46]   [capture-loop] iter=200 t=23.2s state={'complete': False, 'error': None, 'executedCount': 0, 'wsState': 1} eval_ms=4
[05:52]   [capture-loop] iter=250 t=29.2s state={'complete': False, 'error': None, 'executedCount': 0, 'wsState': 1} eval_ms=4
[05:57]   [capture-loop] iter=300 t=34.9s state={'complete': False, 'error': None, 'executedCount': 0, 'wsState': 1} eval_ms=3
[06:03]   [capture-loop] iter=350 t=40.7s state={'complete': False, 'error': None, 'executedCount': 0, 'wsState': 1} eval_ms=4
[06:09]   [capture-loop] iter=400 t=46.6s state={'complete': False, 'error': None, 'executedCount': 0, 'wsState': 1} eval_ms=4
[06:15]   [capture-loop] iter=450 t=52.3s state={'complete': False, 'error': None, 'executedCount': 0, 'wsState': 1} eval_ms=4
[06:20]   [capture-loop] iter=500 t=58.1s state={'complete': False, 'error': None, 'executedCount': 0, 'wsState': 1} eval_ms=4
[06:26]   [capture-loop] iter=550 t=63.9s state={'complete': False, 'error': None, 'executedCount': 0, 'wsState': 1} eval_ms=8
[06:26]   Frame 5 saved (frame_004.jpg, t=63.9s)
[06:26]   [capture-periodic] freeze=3ms shot=140ms unfreeze=7ms saved=True
[06:27]   Node executed (1 total), capturing...
[06:27]   Frame 6 saved (frame_005.jpg, t=64.3s)
[06:27]   [capture-node] freeze=4ms shot=146ms unfreeze=0ms saved=True
[06:27]   Execution complete (t=64.3s)
[06:27]   Captured 6 unique frames over 64.48s
[06:27]   [debug] iframes: 0
[06:27]   [timing] trigger_3d_previews: 0.0s
[06:29]   Saved high-quality screenshot: simple_executed.png
[06:29]   [timing] final_screenshot: 0.6s
[06:30]   [7/7] SKIPPED (not in cpu list) video_multiview_depth.json
[06:30] Results saved to D:\a\comfy-gpu-ci\comfy-gpu-ci\comfy-test-logs\DepthAnythingV3-0158\windows-portable-cpu\results.json
[06:30] Model report: 12 files, 1.5 GB -> D:\a\comfy-gpu-ci\comfy-gpu-ci\comfy-test-logs\DepthAnythingV3-0158\windows-portable-cpu\models.json
[06:30] Saved: D:\a\comfy-gpu-ci\comfy-gpu-ci\comfy-test-logs\DepthAnythingV3-0158\windows-portable-cpu\index.html
[06:30] [EXECUTION] PASSED
[06:30] 
windows_portable: PASSED
