[00:00] Crash dump logging enabled: /home/administrator/github-runners/PozzettiAndrea-ComfyUI-DepthAnythingV3/_work/ComfyUI-DepthAnythingV3/ComfyUI-DepthAnythingV3/comfy-test-logs/DepthAnythingV3-1853/linux-gpu/crash_dump.log
[00:00] 
[00:00] [1/3] REGISTRATION
[00:00] ----------------------------------------
[00:00] [DEBUG] server=None, server_url=http://127.0.0.1:8388, api=None
[00:00] 
Connecting to existing server at http://127.0.0.1:8388...
[00:00] Connecting to existing server at http://127.0.0.1:8388...
[00:00] Connected to server! (attempt 1, 0.0s)
[00:00] Checking for import errors in server logs...
[00:00] No import errors detected
[00:01] Found 958 registered nodes
[00:01] [REGISTRATION] PASSED
[00:01] 
[00:01] [2/3] INSTANTIATION
[00:01] ----------------------------------------
[00:01] [DEBUG] server=<comfy_test.comfyui.server.ExternalComfyUIServer object at 0x76490ad00d70>, server_url=http://127.0.0.1:8388, api=<comfy_test.comfyui.api.ComfyUIAPI object at 0x76490ad00ec0>
[00:01] Testing node constructors...
[00:31] All 0 node(s) instantiated successfully!
[00:31] [INSTANTIATION] PASSED
[00:31] 
[00:31] [3/3] EXECUTION
[00:31] ----------------------------------------
[00:31] [DEBUG] server=<comfy_test.comfyui.server.ExternalComfyUIServer object at 0x76490ad00d70>, server_url=http://127.0.0.1:8388, api=<comfy_test.comfyui.api.ComfyUIAPI object at 0x76490ad00ec0>
[00:31] GPU runner - will execute 7 workflow(s)
[00:31] Running 7 workflow(s) (all with videos)...
[00:32] Starting headless browser...
[00:46]   Installing Vulkan stack (apt)...
[01:09]   Vulkan packages installed
[01:11]   vulkaninfo exit=1 stdout=
[01:11]   vulkaninfo stderr=error: XDG_RUNTIME_DIR is invalid or not set in the environment.
XCB failed to connect to the X server due to error:1.
ERROR at ./vulkaninfo/./vulkaninfo.h:737: AppCreateXcbSurface failed to establish connection

[01:11]   GPU detected (no Vulkan) — using ANGLE/OpenGL rendering
[01:20] Capturing execution frames: advanced.json
[01:22]   [Console-error] Failed to load resource: the server responded with a status of 404 (Not Found)
[01:22]   [Console-error] Failed to load resource: the server responded with a status of 404 (Not Found)
[01:30]   [Console-error] Failed to load resource: the server responded with a status of 404 (Not Found)
[01:32]   [Console-error] Failed to load resource: the server responded with a status of 404 (Not Found)
[01:32]   [Console-error] Failed to load resource: the server responded with a status of 404 (Not Found)
[01:33]   [Console-error] Failed to load resource: the server responded with a status of 404 (Not Found)
[01:34]   [Console-warning] Extension KJNodes.browserstatus is disabled.
[01:40]   [Console-warning] WARNING: Multiple instances of Three.js being imported.
[01:41]   [Console-error] [vite:preloadError] Error: Extension named 'comfy3d.pointcloud.vtk' already registered.
    at Proxy.registerExtension (http://127.0.0.1:8388/assets/PanelTemplate-BUPnglF3.js:1:7530)
    at Proxy.wrappedAction (http://127.0.0.1:8388/assets/vendor-vue-BAQ5VIVR.js:1:4647)
    at Object.registerExtension (http://127.0.0.1:8388/assets/dialogService-Cr3DyAja.js:3:110199)
    at ComfyApp.registerExtension (http://127.0.0.1:8388/assets/dialogService-Cr3DyAja.js:192:20543)
    at http://127.0.0.1:8388/extensions/ComfyUI-DepthAnythingV3/js/pointcloud_preview_vtk.js:13:5
[01:41]   [Console-error] [vite:preloadError] Error: Extension named 'Comfy.DynamicWidgets' already registered.
    at Proxy.registerExtension (http://127.0.0.1:8388/assets/PanelTemplate-BUPnglF3.js:1:7530)
    at Proxy.wrappedAction (http://127.0.0.1:8388/assets/vendor-vue-BAQ5VIVR.js:1:4647)
    at Object.registerExtension (http://127.0.0.1:8388/assets/dialogService-Cr3DyAja.js:3:110199)
    at ComfyApp.registerExtension (http://127.0.0.1:8388/assets/dialogService-Cr3DyAja.js:192:20543)
    at http://127.0.0.1:8388/extensions/ComfyUI-GeometryPack/js/dynamic_widgets.js:125:5
[01:41]   [Console-warning] [ComfyUI Deprecated] Importing from "scripts/ui.js" is deprecated and will be removed in v1.34.
[01:41]   [Console-warning] [ComfyUI Notice] "extensions/core/widgetInputs.js" is an internal module, not part of the public API. Future updates may break this import.
[01:41]   [Console-warning] [ComfyUI Notice] "scripts/utils.js" is an internal module, not part of the public API. Future updates may break this import.
[01:41]   [Console-error] Failed to load resource: the server responded with a status of 404 (Not Found)
[01:41]   [Console-warning] [MaskEditor] ComfyApp.open_maskeditor is deprecated. Plugins should migrate to using the command system or direct node context menu integration.
[01:51]   [Console-warning] [ComfyUI Deprecated] Importing from "scripts/ui/components/buttonGroup.js" is deprecated and will be removed in v1.34.
[01:51]   [Console-warning] [ComfyUI Deprecated] Importing from "scripts/ui/components/button.js" is deprecated and will be removed in v1.34.
[03:04]   Frame 1 saved (frame_000.jpg, t=0.0s)
[03:04]   Validating workflow...
[03:05]   Queuing workflow for execution...
[03:18]   Frame 2 saved (frame_001.jpg, t=51.2s)
[03:18]   [capture-periodic] freeze=63ms shot=10517ms unfreeze=57ms saved=True
[03:29]   [capture-loop] iter=50 t=73.2s state={'complete': False, 'error': None, 'executedCount': 0, 'wsState': 1} eval_ms=37
[03:44]   [capture-loop] iter=100 t=88.1s state={'complete': False, 'error': None, 'executedCount': 0, 'wsState': 1} eval_ms=43
[03:59]   [capture-loop] iter=150 t=102.6s state={'complete': False, 'error': None, 'executedCount': 0, 'wsState': 1} eval_ms=39
[04:14]   [capture-loop] iter=200 t=117.5s state={'complete': False, 'error': None, 'executedCount': 0, 'wsState': 1} eval_ms=43
[04:29]   [capture-loop] iter=250 t=133.1s state={'complete': False, 'error': None, 'executedCount': 0, 'wsState': 1} eval_ms=47
[04:44]   [capture-loop] iter=300 t=148.0s state={'complete': False, 'error': None, 'executedCount': 0, 'wsState': 1} eval_ms=50
[05:00]   [capture-loop] iter=350 t=163.4s state={'complete': False, 'error': None, 'executedCount': 0, 'wsState': 1} eval_ms=41
[05:16]   [capture-loop] iter=400 t=179.5s state={'complete': False, 'error': None, 'executedCount': 0, 'wsState': 1} eval_ms=47
[05:32]   [capture-loop] iter=450 t=196.1s state={'complete': False, 'error': None, 'executedCount': 0, 'wsState': 1} eval_ms=60
[05:49]   [capture-loop] iter=500 t=213.0s state={'complete': False, 'error': None, 'executedCount': 0, 'wsState': 1} eval_ms=67
[06:04]   [capture-loop] iter=550 t=228.0s state={'complete': False, 'error': None, 'executedCount': 0, 'wsState': 1} eval_ms=47
[06:19]   [capture-loop] iter=600 t=242.4s state={'complete': False, 'error': None, 'executedCount': 0, 'wsState': 1} eval_ms=42
[06:35]   [capture-loop] iter=650 t=258.7s state={'complete': False, 'error': None, 'executedCount': 0, 'wsState': 1} eval_ms=52
[06:54]   [capture-loop] iter=700 t=277.9s state={'complete': False, 'error': None, 'executedCount': 0, 'wsState': 1} eval_ms=61
[07:11]   [capture-loop] iter=750 t=295.1s state={'complete': False, 'error': None, 'executedCount': 0, 'wsState': 1} eval_ms=53
[07:30]   [capture-loop] iter=800 t=313.4s state={'complete': False, 'error': None, 'executedCount': 0, 'wsState': 1} eval_ms=61
[07:46]   [capture-loop] iter=850 t=329.7s state={'complete': False, 'error': None, 'executedCount': 0, 'wsState': 1} eval_ms=72
[08:04]   [capture-loop] iter=900 t=347.7s state={'complete': False, 'error': None, 'executedCount': 0, 'wsState': 1} eval_ms=46
[08:21]   [capture-loop] iter=950 t=365.2s state={'complete': False, 'error': None, 'executedCount': 0, 'wsState': 1} eval_ms=48
[08:38]   [capture-loop] iter=1000 t=381.9s state={'complete': False, 'error': None, 'executedCount': 0, 'wsState': 1} eval_ms=48
[08:59]   [capture-loop] iter=1050 t=402.7s state={'complete': False, 'error': None, 'executedCount': 0, 'wsState': 1} eval_ms=38
[09:19]   [capture-loop] iter=1100 t=422.7s state={'complete': False, 'error': None, 'executedCount': 0, 'wsState': 1} eval_ms=59
[09:37]   [capture-loop] iter=1150 t=440.7s state={'complete': False, 'error': None, 'executedCount': 0, 'wsState': 1} eval_ms=55
[09:57]   [capture-loop] iter=1200 t=460.8s state={'complete': False, 'error': None, 'executedCount': 0, 'wsState': 1} eval_ms=64
[10:13]   [capture-loop] iter=1250 t=476.9s state={'complete': False, 'error': None, 'executedCount': 0, 'wsState': 1} eval_ms=50
[10:31]   [capture-loop] iter=1300 t=495.3s state={'complete': False, 'error': None, 'executedCount': 0, 'wsState': 1} eval_ms=51
[10:47]   [capture-loop] iter=1350 t=510.8s state={'complete': False, 'error': None, 'executedCount': 0, 'wsState': 1} eval_ms=59
[11:03]   [capture-loop] iter=1400 t=526.7s state={'complete': False, 'error': None, 'executedCount': 0, 'wsState': 1} eval_ms=49
[11:19]   [capture-loop] iter=1450 t=542.4s state={'complete': False, 'error': None, 'executedCount': 0, 'wsState': 1} eval_ms=53
[11:34]   [capture-loop] iter=1500 t=557.8s state={'complete': False, 'error': None, 'executedCount': 0, 'wsState': 1} eval_ms=54
[11:49]   [capture-loop] iter=1550 t=572.9s state={'complete': False, 'error': None, 'executedCount': 0, 'wsState': 1} eval_ms=52
[12:08]   [capture-loop] iter=1600 t=592.0s state={'complete': False, 'error': None, 'executedCount': 0, 'wsState': 1} eval_ms=49
[12:21]   Frame 3 saved (frame_002.jpg, t=597.4s)
[12:21]   [capture-periodic] freeze=38ms shot=7371ms unfreeze=48ms saved=True
[12:30]   [capture-loop] iter=1650 t=613.6s state={'complete': False, 'error': None, 'executedCount': 0, 'wsState': 1} eval_ms=43
[12:46]   Node executed (1 total), capturing...
[13:21]   Frame 4 saved (frame_003.jpg, t=630.1s)
[13:21]   [capture-node] freeze=436ms shot=33638ms unfreeze=74ms saved=True
[13:21]   Node executed (8 total), capturing...
[13:26]   Frame 5 saved (frame_004.jpg, t=665.0s)
[13:26]   [capture-node] freeze=50ms shot=4406ms unfreeze=0ms saved=True
[13:26]   Execution complete (t=665.0s)
[13:26]   Captured 5 unique frames over 669.78s
[13:26]   [debug] iframes: 0
[13:26]   [timing] trigger_3d_previews: 0.1s
[13:54]   Saved high-quality screenshot: advanced_executed.png
[13:55]   [timing] final_screenshot: 26.2s
[13:56] Capturing execution frames: advanced_3d.json
[13:58]   [Console-error] Failed to load resource: the server responded with a status of 404 (Not Found)
[13:58]   [Console-error] Failed to load resource: the server responded with a status of 404 (Not Found)
[14:05]   [Console-error] Failed to load resource: the server responded with a status of 404 (Not Found)
[14:07]   [Console-error] Failed to load resource: the server responded with a status of 404 (Not Found)
[14:07]   [Console-error] Failed to load resource: the server responded with a status of 404 (Not Found)
[14:08]   [Console-error] Failed to load resource: the server responded with a status of 404 (Not Found)
[14:09]   [Console-warning] Extension KJNodes.browserstatus is disabled.
[14:13]   [Console-warning] [ComfyUI Deprecated] Importing from "scripts/ui.js" is deprecated and will be removed in v1.34.
[14:15]   [Console-warning] WARNING: Multiple instances of Three.js being imported.
[14:15]   [Console-error] [vite:preloadError] Error: Extension named 'Comfy.DynamicWidgets' already registered.
    at Proxy.registerExtension (http://127.0.0.1:8388/assets/PanelTemplate-BUPnglF3.js:1:7530)
    at Proxy.wrappedAction (http://127.0.0.1:8388/assets/vendor-vue-BAQ5VIVR.js:1:4647)
    at Object.registerExtension (http://127.0.0.1:8388/assets/dialogService-Cr3DyAja.js:3:110199)
    at ComfyApp.registerExtension (http://127.0.0.1:8388/assets/dialogService-Cr3DyAja.js:192:20543)
    at http://127.0.0.1:8388/extensions/ComfyUI-GeometryPack/js/dynamic_widgets.js:125:5
[14:15]   [Console-error] [vite:preloadError] Error: Extension named 'comfy3d.pointcloud.vtk' already registered.
    at Proxy.registerExtension (http://127.0.0.1:8388/assets/PanelTemplate-BUPnglF3.js:1:7530)
    at Proxy.wrappedAction (http://127.0.0.1:8388/assets/vendor-vue-BAQ5VIVR.js:1:4647)
    at Object.registerExtension (http://127.0.0.1:8388/assets/dialogService-Cr3DyAja.js:3:110199)
    at ComfyApp.registerExtension (http://127.0.0.1:8388/assets/dialogService-Cr3DyAja.js:192:20543)
    at http://127.0.0.1:8388/extensions/ComfyUI-GeometryPack/js/pointcloud_preview_vtk.js:13:5
[14:15]   [Console-error] Failed to load resource: the server responded with a status of 404 (Not Found)
[14:15]   [Console-warning] [ComfyUI Notice] "extensions/core/widgetInputs.js" is an internal module, not part of the public API. Future updates may break this import.
[14:15]   [Console-warning] [ComfyUI Notice] "scripts/utils.js" is an internal module, not part of the public API. Future updates may break this import.
[14:15]   [Console-warning] [MaskEditor] ComfyApp.open_maskeditor is deprecated. Plugins should migrate to using the command system or direct node context menu integration.
[14:22]   [Console-warning] [ComfyUI Deprecated] Importing from "scripts/ui/components/buttonGroup.js" is deprecated and will be removed in v1.34.
[14:22]   [Console-warning] [ComfyUI Deprecated] Importing from "scripts/ui/components/button.js" is deprecated and will be removed in v1.34.
[14:44]   Warning: WebSocket not ready, proceeding anyway
[14:58]   [Console-warning] Canvas2D: Multiple readback operations using getImageData are faster with the willReadFrequently attribute set to true. See: https://html.spec.whatwg.org/multipage/canvas.html#concept-canvas-will-read-frequently
[14:59]   [Console-error] No input!
[15:33]   Frame 1 saved (frame_000.jpg, t=0.0s)
[15:33]   Validating workflow...
[15:33]   Queuing workflow for execution...
[15:46]   Frame 2 saved (frame_001.jpg, t=36.5s)
[15:46]   [capture-periodic] freeze=66ms shot=9298ms unfreeze=67ms saved=True
[16:00]   Frame 3 saved (frame_002.jpg, t=48.4s)
[16:00]   [capture-periodic] freeze=85ms shot=11856ms unfreeze=72ms saved=True
[16:14]   Frame 4 saved (frame_003.jpg, t=62.8s)
[16:14]   [capture-periodic] freeze=44ms shot=11304ms unfreeze=45ms saved=True
[16:26]   Node executed (2 total), capturing...
[16:47]   Frame 5 saved (frame_004.jpg, t=86.7s)
[16:47]   [capture-node] freeze=144ms shot=20531ms unfreeze=0ms saved=True
[16:47]   Execution complete (t=86.7s)
[16:47]   Captured 5 unique frames over 107.77s
[16:47]   [debug] iframes: 1
[16:47]   [debug]   iframe[0]: src=http://127.0.0.1:8388/extensions/ComfyUI-DepthAnythingV3/viewer_vtk.html?v=17718, canvas=588x588, rafFrozen=True
[16:48]   [timing] trigger_3d_previews: 0.1s
[17:14]   Saved high-quality screenshot: advanced_3d_executed.png
[17:15]   [timing] final_screenshot: 24.9s
[17:16] Capturing execution frames: advanced_3d_multiview.json
[17:30]   [Console-error] Failed to load resource: the server responded with a status of 404 (Not Found)
[17:30]   [Console-error] Failed to load resource: the server responded with a status of 404 (Not Found)
[17:36]   [Console-error] Failed to load resource: the server responded with a status of 404 (Not Found)
[17:38]   [Console-error] Failed to load resource: the server responded with a status of 404 (Not Found)
[17:38]   [Console-error] Failed to load resource: the server responded with a status of 404 (Not Found)
[17:40]   [Console-error] Failed to load resource: the server responded with a status of 404 (Not Found)
[17:40]   [Console-warning] Extension KJNodes.browserstatus is disabled.
[17:45]   [Console-warning] WARNING: Multiple instances of Three.js being imported.
[17:45]   [Console-warning] [ComfyUI Deprecated] Importing from "scripts/ui.js" is deprecated and will be removed in v1.34.
[17:45]   [Console-error] [vite:preloadError] Error: Extension named 'Comfy.DynamicWidgets' already registered.
    at Proxy.registerExtension (http://127.0.0.1:8388/assets/PanelTemplate-BUPnglF3.js:1:7530)
    at Proxy.wrappedAction (http://127.0.0.1:8388/assets/vendor-vue-BAQ5VIVR.js:1:4647)
    at Object.registerExtension (http://127.0.0.1:8388/assets/dialogService-Cr3DyAja.js:3:110199)
    at ComfyApp.registerExtension (http://127.0.0.1:8388/assets/dialogService-Cr3DyAja.js:192:20543)
    at http://127.0.0.1:8388/extensions/ComfyUI-GeometryPack/js/dynamic_widgets.js:125:5
[17:45]   [Console-error] [vite:preloadError] Error: Extension named 'comfy3d.pointcloud.vtk' already registered.
    at Proxy.registerExtension (http://127.0.0.1:8388/assets/PanelTemplate-BUPnglF3.js:1:7530)
    at Proxy.wrappedAction (http://127.0.0.1:8388/assets/vendor-vue-BAQ5VIVR.js:1:4647)
    at Object.registerExtension (http://127.0.0.1:8388/assets/dialogService-Cr3DyAja.js:3:110199)
    at ComfyApp.registerExtension (http://127.0.0.1:8388/assets/dialogService-Cr3DyAja.js:192:20543)
    at http://127.0.0.1:8388/extensions/ComfyUI-GeometryPack/js/pointcloud_preview_vtk.js:13:5
[17:46]   [Console-error] Failed to load resource: the server responded with a status of 404 (Not Found)
[17:46]   [Console-warning] [ComfyUI Notice] "extensions/core/widgetInputs.js" is an internal module, not part of the public API. Future updates may break this import.
[17:46]   [Console-warning] [ComfyUI Notice] "scripts/utils.js" is an internal module, not part of the public API. Future updates may break this import.
[17:46]   [Console-warning] [MaskEditor] ComfyApp.open_maskeditor is deprecated. Plugins should migrate to using the command system or direct node context menu integration.
[17:52]   [Console-warning] [ComfyUI Deprecated] Importing from "scripts/ui/components/buttonGroup.js" is deprecated and will be removed in v1.34.
[17:52]   [Console-warning] [ComfyUI Deprecated] Importing from "scripts/ui/components/button.js" is deprecated and will be removed in v1.34.
[18:28]   [Console-warning] Canvas2D: Multiple readback operations using getImageData are faster with the willReadFrequently attribute set to true. See: https://html.spec.whatwg.org/multipage/canvas.html#concept-canvas-will-read-frequently
[18:29]   [Console-error] No input!
[19:02]   Frame 1 saved (frame_000.jpg, t=0.0s)
[19:02]   Validating workflow...
[19:03]   Queuing workflow for execution...
[19:04]   Node executed (1 total), capturing...
[19:26]   Frame 2 saved (frame_001.jpg, t=34.7s)
[19:26]   [capture-node] freeze=54ms shot=21335ms unfreeze=56ms saved=True
[19:35]   Frame 3 saved (frame_002.jpg, t=58.4s)
[19:35]   [capture-periodic] freeze=68ms shot=6405ms unfreeze=47ms saved=True
[19:58]   Frame 4 saved (frame_003.jpg, t=67.2s)
[19:58]   [capture-periodic] freeze=41ms shot=20845ms unfreeze=69ms saved=True
[19:58]   Node executed (4 total), capturing...
[20:03]   Frame 5 saved (frame_004.jpg, t=88.8s)
[20:03]   [capture-node] freeze=56ms shot=4707ms unfreeze=0ms saved=True
[20:03]   Execution complete (t=88.8s)
[20:03]   Captured 5 unique frames over 93.99s
[20:04]   [debug] iframes: 1
[20:04]   [debug]   iframe[0]: src=http://127.0.0.1:8388/extensions/ComfyUI-DepthAnythingV3/viewer_vtk.html?v=17718, canvas=588x588, rafFrozen=True
[20:04]   [timing] trigger_3d_previews: 0.1s
[20:32]   Saved high-quality screenshot: advanced_3d_multiview_executed.png
[20:33]   [timing] final_screenshot: 26.9s
[20:35] Capturing execution frames: bas_relief.json
[20:48]   [Console-error] Failed to load resource: the server responded with a status of 404 (Not Found)
[20:48]   [Console-error] Failed to load resource: the server responded with a status of 404 (Not Found)
[20:55]   [Console-error] Failed to load resource: the server responded with a status of 404 (Not Found)
[20:57]   [Console-error] Failed to load resource: the server responded with a status of 404 (Not Found)
[20:57]   [Console-error] Failed to load resource: the server responded with a status of 404 (Not Found)
[20:58]   [Console-error] Failed to load resource: the server responded with a status of 404 (Not Found)
[20:59]   [Console-warning] Extension KJNodes.browserstatus is disabled.
[21:02]   [Console-warning] WARNING: Multiple instances of Three.js being imported.
[21:02]   [Console-error] [vite:preloadError] Error: Extension named 'comfy3d.pointcloud.vtk' already registered.
    at Proxy.registerExtension (http://127.0.0.1:8388/assets/PanelTemplate-BUPnglF3.js:1:7530)
    at Proxy.wrappedAction (http://127.0.0.1:8388/assets/vendor-vue-BAQ5VIVR.js:1:4647)
    at Object.registerExtension (http://127.0.0.1:8388/assets/dialogService-Cr3DyAja.js:3:110199)
    at ComfyApp.registerExtension (http://127.0.0.1:8388/assets/dialogService-Cr3DyAja.js:192:20543)
    at http://127.0.0.1:8388/extensions/ComfyUI-DepthAnythingV3/js/pointcloud_preview_vtk.js:13:5
[21:02]   [Console-error] [vite:preloadError] Error: Extension named 'Comfy.DynamicWidgets' already registered.
    at Proxy.registerExtension (http://127.0.0.1:8388/assets/PanelTemplate-BUPnglF3.js:1:7530)
    at Proxy.wrappedAction (http://127.0.0.1:8388/assets/vendor-vue-BAQ5VIVR.js:1:4647)
    at Object.registerExtension (http://127.0.0.1:8388/assets/dialogService-Cr3DyAja.js:3:110199)
    at ComfyApp.registerExtension (http://127.0.0.1:8388/assets/dialogService-Cr3DyAja.js:192:20543)
    at http://127.0.0.1:8388/extensions/ComfyUI-GeometryPack/js/dynamic_widgets.js:125:5
[21:02]   [Console-warning] [ComfyUI Deprecated] Importing from "scripts/ui.js" is deprecated and will be removed in v1.34.
[21:02]   [Console-warning] [ComfyUI Notice] "extensions/core/widgetInputs.js" is an internal module, not part of the public API. Future updates may break this import.
[21:02]   [Console-warning] [ComfyUI Notice] "scripts/utils.js" is an internal module, not part of the public API. Future updates may break this import.
[21:03]   [Console-warning] [MaskEditor] ComfyApp.open_maskeditor is deprecated. Plugins should migrate to using the command system or direct node context menu integration.
[21:05]   [Console-error] Failed to load resource: the server responded with a status of 404 (Not Found)
[21:09]   [Console-warning] [ComfyUI Deprecated] Importing from "scripts/ui/components/buttonGroup.js" is deprecated and will be removed in v1.34.
[21:09]   [Console-warning] [ComfyUI Deprecated] Importing from "scripts/ui/components/button.js" is deprecated and will be removed in v1.34.
[22:05]   Warning: WebSocket not ready, proceeding anyway
[22:05]   [Console-error] Failed to load resource: the server responded with a status of 403 (Forbidden)
[22:05]   [Console-error] Error loading model: HttpError: fetch for "http://127.0.0.1:8388/api/view?type=output&subfolder=%2Fhome%2Fshadeform%2Fdepth_node%2FComfyUI%2Foutput&filename=mesh_0000.glb" responded with 403: Forbidden
    at http://127.0.0.1:8388/assets/vendor-three-BDtRe4OM.js:3824:95202
[22:24]   [Console-error] Failed to load resource: the server responded with a status of 403 (Forbidden)
[22:24]   [Console-error] Error loading model: HttpError: fetch for "http://127.0.0.1:8388/api/view?type=output&subfolder=%2Fhome%2Fshadeform%2Fdepth_node%2FComfyUI%2Foutput&filename=mesh_0000.glb" responded with 403: Forbidden
    at http://127.0.0.1:8388/assets/vendor-three-BDtRe4OM.js:3824:95202
[22:24]   [Console-error] Failed to load resource: the server responded with a status of 403 (Forbidden)
[22:59]   Frame 1 saved (frame_000.jpg, t=0.0s)
[22:59]   Validating workflow...
[23:00]   Queuing workflow for execution...
[23:28]   Frame 2 saved (frame_001.jpg, t=38.5s)
[23:28]   [capture-periodic] freeze=97ms shot=25849ms unfreeze=54ms saved=True
[23:50]   Frame 3 saved (frame_002.jpg, t=66.8s)
[23:51]   [capture-periodic] freeze=53ms shot=19854ms unfreeze=64ms saved=True
[24:11]   [capture-loop] iter=50 t=107.6s state={'complete': False, 'error': None, 'executedCount': 0, 'wsState': 1} eval_ms=55
[24:55]   [capture-loop] iter=100 t=151.3s state={'complete': False, 'error': None, 'executedCount': 0, 'wsState': 1} eval_ms=42
[25:33]   [capture-loop] iter=150 t=189.5s state={'complete': False, 'error': None, 'executedCount': 0, 'wsState': 1} eval_ms=75
[25:39]   Node executed (1 total), capturing...
[26:19]   [Console-error] Failed to load resource: the server responded with a status of 404 (Not Found)
[26:41]   [Console-error] Failed to load resource: the server responded with a status of 404 (Not Found)
[26:48]   Frame 4 saved (frame_003.jpg, t=196.1s)
[26:48]   [capture-node] freeze=43ms shot=68122ms unfreeze=83ms saved=True
[26:48]   Node executed (3 total), capturing...
[27:12]   Frame 5 saved (frame_004.jpg, t=265.1s)
[27:12]   [capture-node] freeze=53ms shot=23225ms unfreeze=0ms saved=True
[27:12]   Execution complete (t=265.1s)
[27:12]   [3d-wait] Phase 1: Waiting for 'Loading 3D Model' text to disappear...
[28:12]   [3d-wait] Phase 1 exception after 60.1s: Page.wait_for_function: Timeout 60000ms exceeded.
[28:13]   [3d-wait] Phase 2: iframes=0
[28:13]   [3d-wait] Total 3D wait: 60.3s
[28:13]   Captured 5 unique frames over 349.03s
[28:13]   [debug] iframes: 0
[28:13]   [timing] trigger_3d_previews: 0.1s
[28:53]   Saved high-quality screenshot: bas_relief_executed.png
[28:53]   [timing] final_screenshot: 38.3s
[28:53] Capturing execution frames: da3_streaming.json
[29:08]   [Console-error] Failed to load resource: the server responded with a status of 404 (Not Found)
[29:08]   [Console-error] Failed to load resource: the server responded with a status of 404 (Not Found)
[29:15]   [Console-error] Failed to load resource: the server responded with a status of 404 (Not Found)
[29:16]   [Console-error] Failed to load resource: the server responded with a status of 404 (Not Found)
[29:17]   [Console-error] Failed to load resource: the server responded with a status of 404 (Not Found)
[29:18]   [Console-error] Failed to load resource: the server responded with a status of 404 (Not Found)
[29:18]   [Console-warning] Extension KJNodes.browserstatus is disabled.
[29:23]   [Console-warning] WARNING: Multiple instances of Three.js being imported.
[29:23]   [Console-warning] [ComfyUI Deprecated] Importing from "scripts/ui.js" is deprecated and will be removed in v1.34.
[29:23]   [Console-error] [vite:preloadError] Error: Extension named 'Comfy.DynamicWidgets' already registered.
    at Proxy.registerExtension (http://127.0.0.1:8388/assets/PanelTemplate-BUPnglF3.js:1:7530)
    at Proxy.wrappedAction (http://127.0.0.1:8388/assets/vendor-vue-BAQ5VIVR.js:1:4647)
    at Object.registerExtension (http://127.0.0.1:8388/assets/dialogService-Cr3DyAja.js:3:110199)
    at ComfyApp.registerExtension (http://127.0.0.1:8388/assets/dialogService-Cr3DyAja.js:192:20543)
    at http://127.0.0.1:8388/extensions/ComfyUI-DepthAnythingV3/js/dynamic_widgets.js:125:5
[29:23]   [Console-error] [vite:preloadError] Error: Extension named 'comfy3d.pointcloud.vtk' already registered.
    at Proxy.registerExtension (http://127.0.0.1:8388/assets/PanelTemplate-BUPnglF3.js:1:7530)
    at Proxy.wrappedAction (http://127.0.0.1:8388/assets/vendor-vue-BAQ5VIVR.js:1:4647)
    at Object.registerExtension (http://127.0.0.1:8388/assets/dialogService-Cr3DyAja.js:3:110199)
    at ComfyApp.registerExtension (http://127.0.0.1:8388/assets/dialogService-Cr3DyAja.js:192:20543)
    at http://127.0.0.1:8388/extensions/ComfyUI-GeometryPack/js/pointcloud_preview_vtk.js:13:5
[29:23]   [Console-warning] [ComfyUI Notice] "extensions/core/widgetInputs.js" is an internal module, not part of the public API. Future updates may break this import.
[29:23]   [Console-warning] [ComfyUI Notice] "scripts/utils.js" is an internal module, not part of the public API. Future updates may break this import.
[29:23]   [Console-error] Failed to load resource: the server responded with a status of 404 (Not Found)
[29:24]   [Console-warning] [MaskEditor] ComfyApp.open_maskeditor is deprecated. Plugins should migrate to using the command system or direct node context menu integration.
[29:29]   [Console-warning] [ComfyUI Deprecated] Importing from "scripts/ui/components/buttonGroup.js" is deprecated and will be removed in v1.34.
[29:30]   [Console-warning] [ComfyUI Deprecated] Importing from "scripts/ui/components/button.js" is deprecated and will be removed in v1.34.
[30:14]   Frame 1 saved (frame_000.jpg, t=0.0s)
[30:14]   Validating workflow...
[30:14]   Queuing workflow for execution...
[30:40]   Frame 2 saved (frame_001.jpg, t=23.9s)
[30:40]   [capture-periodic] freeze=83ms shot=22233ms unfreeze=51ms saved=True
[30:49]   Frame 3 saved (frame_002.jpg, t=48.7s)
[30:49]   [capture-periodic] freeze=48ms shot=6525ms unfreeze=94ms saved=True
[31:08]   Frame 4 saved (frame_003.jpg, t=66.5s)
[31:08]   [capture-periodic] freeze=74ms shot=7954ms unfreeze=59ms saved=True
[31:18]   [capture-loop] iter=50 t=85.0s state={'complete': False, 'error': None, 'executedCount': 0, 'wsState': 1} eval_ms=80
[31:49]   [capture-loop] iter=100 t=116.0s state={'complete': False, 'error': None, 'executedCount': 0, 'wsState': 1} eval_ms=63
[32:40]   [capture-loop] iter=150 t=166.4s state={'complete': False, 'error': None, 'executedCount': 0, 'wsState': 1} eval_ms=53
[32:56]   Frame 5 saved (frame_004.jpg, t=173.2s)
[32:56]   [capture-periodic] freeze=45ms shot=9385ms unfreeze=43ms saved=True
[33:07]   [capture-loop] iter=200 t=193.7s state={'complete': False, 'error': None, 'executedCount': 0, 'wsState': 1} eval_ms=54
[33:34]   Frame 6 saved (frame_005.jpg, t=211.5s)
[33:34]   [capture-periodic] freeze=58ms shot=8954ms unfreeze=54ms saved=True
[33:35]   [capture-loop] iter=250 t=222.1s state={'complete': False, 'error': None, 'executedCount': 0, 'wsState': 1} eval_ms=37
[34:02]   Frame 7 saved (frame_006.jpg, t=243.0s)
[34:02]   [capture-periodic] freeze=51ms shot=5076ms unfreeze=56ms saved=True
[34:10]   [capture-loop] iter=300 t=256.5s state={'complete': False, 'error': None, 'executedCount': 0, 'wsState': 1} eval_ms=37
[34:44]   Frame 8 saved (frame_007.jpg, t=274.5s)
[34:44]   [capture-periodic] freeze=60ms shot=15738ms unfreeze=65ms saved=True
[34:45]   [capture-loop] iter=350 t=291.7s state={'complete': False, 'error': None, 'executedCount': 0, 'wsState': 1} eval_ms=64
[35:03]   Frame 9 saved (frame_008.jpg, t=304.1s)
[35:03]   [capture-periodic] freeze=48ms shot=5391ms unfreeze=56ms saved=True
[35:08]   Frame 10 saved (frame_009.jpg, t=312.1s)
[35:08]   [capture-periodic] freeze=62ms shot=2345ms unfreeze=67ms saved=True
[35:10]   [capture-loop] iter=400 t=316.7s state={'complete': False, 'error': None, 'executedCount': 0, 'wsState': 1} eval_ms=48
[35:47]   Frame 11 saved (frame_010.jpg, t=343.2s)
[35:47]   [capture-periodic] freeze=54ms shot=10029ms unfreeze=54ms saved=True
[35:47]   [capture-loop] iter=450 t=354.1s state={'complete': False, 'error': None, 'executedCount': 0, 'wsState': 1} eval_ms=48
[36:09]   [capture-loop] iter=500 t=375.5s state={'complete': False, 'error': None, 'executedCount': 0, 'wsState': 1} eval_ms=56
[36:25]   Frame 12 saved (frame_011.jpg, t=376.5s)
[36:25]   [capture-periodic] freeze=49ms shot=14992ms unfreeze=57ms saved=True
[36:35]   Frame 13 saved (frame_012.jpg, t=394.0s)
[36:35]   [capture-periodic] freeze=64ms shot=7427ms unfreeze=52ms saved=True
[36:40]   Frame 14 saved (frame_013.jpg, t=403.9s)
[36:40]   [capture-periodic] freeze=113ms shot=2472ms unfreeze=109ms saved=True
[36:57]   [capture-loop] iter=550 t=423.8s state={'complete': False, 'error': None, 'executedCount': 0, 'wsState': 1} eval_ms=44
[37:25]   [capture-loop] iter=600 t=451.5s state={'complete': False, 'error': None, 'executedCount': 0, 'wsState': 1} eval_ms=55
[37:43]   Frame 15 saved (frame_014.jpg, t=459.0s)
[37:43]   [capture-periodic] freeze=50ms shot=10242ms unfreeze=44ms saved=True
[37:51]   Frame 16 saved (frame_015.jpg, t=471.7s)
[37:51]   [capture-periodic] freeze=42ms shot=5822ms unfreeze=65ms saved=True
[38:01]   Frame 17 saved (frame_016.jpg, t=480.0s)
[38:01]   [capture-periodic] freeze=53ms shot=7143ms unfreeze=73ms saved=True
[38:02]   [capture-loop] iter=650 t=488.9s state={'complete': False, 'error': None, 'executedCount': 0, 'wsState': 1} eval_ms=125
[38:10]   Frame 18 saved (frame_017.jpg, t=489.6s)
[38:10]   [capture-periodic] freeze=47ms shot=6643ms unfreeze=80ms saved=True
[38:25]   Frame 19 saved (frame_018.jpg, t=498.8s)
[38:25]   [capture-periodic] freeze=60ms shot=13201ms unfreeze=51ms saved=True
[38:39]   Frame 20 saved (frame_019.jpg, t=514.4s)
[38:39]   [capture-periodic] freeze=60ms shot=11161ms unfreeze=63ms saved=True
[38:51]   [capture-loop] iter=700 t=537.3s state={'complete': False, 'error': None, 'executedCount': 0, 'wsState': 1} eval_ms=47
[39:13]   [capture-loop] iter=750 t=560.1s state={'complete': False, 'error': None, 'executedCount': 0, 'wsState': 1} eval_ms=57
[39:39]   [capture-loop] iter=800 t=585.6s state={'complete': False, 'error': None, 'executedCount': 0, 'wsState': 1} eval_ms=40
[40:01]   [capture-loop] iter=850 t=607.6s state={'complete': False, 'error': None, 'executedCount': 0, 'wsState': 1} eval_ms=65
[40:16]   Frame 21 saved (frame_020.jpg, t=613.3s)
[40:16]   [capture-periodic] freeze=91ms shot=9331ms unfreeze=67ms saved=True
[40:31]   [capture-loop] iter=900 t=637.4s state={'complete': False, 'error': None, 'executedCount': 0, 'wsState': 1} eval_ms=52
[40:53]   [capture-loop] iter=950 t=659.5s state={'complete': False, 'error': None, 'executedCount': 0, 'wsState': 1} eval_ms=54
[41:12]   [capture-loop] iter=1000 t=678.4s state={'complete': False, 'error': None, 'executedCount': 0, 'wsState': 1} eval_ms=49
[41:31]   [capture-loop] iter=1050 t=697.6s state={'complete': False, 'error': None, 'executedCount': 0, 'wsState': 1} eval_ms=45
[41:50]   [capture-loop] iter=1100 t=716.3s state={'complete': False, 'error': None, 'executedCount': 0, 'wsState': 1} eval_ms=46
[42:09]   [capture-loop] iter=1150 t=735.5s state={'complete': False, 'error': None, 'executedCount': 0, 'wsState': 1} eval_ms=42
[42:28]   [capture-loop] iter=1200 t=754.6s state={'complete': False, 'error': None, 'executedCount': 0, 'wsState': 1} eval_ms=44
[42:50]   [capture-loop] iter=1250 t=776.4s state={'complete': False, 'error': None, 'executedCount': 0, 'wsState': 1} eval_ms=44
[43:09]   [capture-loop] iter=1300 t=795.5s state={'complete': False, 'error': None, 'executedCount': 0, 'wsState': 1} eval_ms=43
[43:28]   [capture-loop] iter=1350 t=814.4s state={'complete': False, 'error': None, 'executedCount': 0, 'wsState': 1} eval_ms=48
[43:48]   [capture-loop] iter=1400 t=834.7s state={'complete': False, 'error': None, 'executedCount': 0, 'wsState': 1} eval_ms=54
[44:08]   [capture-loop] iter=1450 t=855.0s state={'complete': False, 'error': None, 'executedCount': 0, 'wsState': 1} eval_ms=39
[44:29]   [capture-loop] iter=1500 t=875.4s state={'complete': False, 'error': None, 'executedCount': 0, 'wsState': 1} eval_ms=43
[45:08]   [capture-loop] iter=1550 t=914.4s state={'complete': False, 'error': None, 'executedCount': 0, 'wsState': 1} eval_ms=79
[45:20]   Frame 22 saved (frame_021.jpg, t=914.6s)
[45:20]   [capture-periodic] freeze=45ms shot=11924ms unfreeze=91ms saved=True
[45:43]   [capture-loop] iter=1600 t=950.1s state={'complete': False, 'error': None, 'executedCount': 0, 'wsState': 1} eval_ms=47
[46:05]   [capture-loop] iter=1650 t=971.7s state={'complete': False, 'error': None, 'executedCount': 0, 'wsState': 1} eval_ms=56
[46:29]   [capture-loop] iter=1700 t=996.0s state={'complete': False, 'error': None, 'executedCount': 0, 'wsState': 1} eval_ms=49
[46:50]   [capture-loop] iter=1750 t=1016.5s state={'complete': False, 'error': None, 'executedCount': 0, 'wsState': 1} eval_ms=54
[46:58]   Node executed (1 total), capturing...
[47:20]   Frame 23 saved (frame_022.jpg, t=1024.9s)
[47:20]   [capture-node] freeze=67ms shot=21227ms unfreeze=0ms saved=True
[47:20]   Execution complete (t=1024.9s)
[47:20]   Captured 23 unique frames over 1046.72s
[47:20]   [debug] iframes: 0
[47:20]   [timing] trigger_3d_previews: 0.0s
[47:43]   Saved high-quality screenshot: da3_streaming_executed.png
[47:43]   [timing] final_screenshot: 20.6s
[47:44] Capturing execution frames: simple.json
[47:47]   [Console-error] Failed to load resource: the server responded with a status of 404 (Not Found)
[47:48]   [Console-error] Failed to load resource: the server responded with a status of 404 (Not Found)
[47:55]   [Console-error] Failed to load resource: the server responded with a status of 404 (Not Found)
[47:57]   [Console-error] Failed to load resource: the server responded with a status of 404 (Not Found)
[47:57]   [Console-error] Failed to load resource: the server responded with a status of 404 (Not Found)
[47:59]   [Console-error] Failed to load resource: the server responded with a status of 404 (Not Found)
[47:59]   [Console-warning] Extension KJNodes.browserstatus is disabled.
[48:04]   [Console-warning] WARNING: Multiple instances of Three.js being imported.
[48:04]   [Console-warning] [ComfyUI Deprecated] Importing from "scripts/ui.js" is deprecated and will be removed in v1.34.
[48:04]   [Console-error] [vite:preloadError] Error: Extension named 'Comfy.DynamicWidgets' already registered.
    at Proxy.registerExtension (http://127.0.0.1:8388/assets/PanelTemplate-BUPnglF3.js:1:7530)
    at Proxy.wrappedAction (http://127.0.0.1:8388/assets/vendor-vue-BAQ5VIVR.js:1:4647)
    at Object.registerExtension (http://127.0.0.1:8388/assets/dialogService-Cr3DyAja.js:3:110199)
    at ComfyApp.registerExtension (http://127.0.0.1:8388/assets/dialogService-Cr3DyAja.js:192:20543)
    at http://127.0.0.1:8388/extensions/ComfyUI-GeometryPack/js/dynamic_widgets.js:125:5
[48:04]   [Console-error] [vite:preloadError] Error: Extension named 'comfy3d.pointcloud.vtk' already registered.
    at Proxy.registerExtension (http://127.0.0.1:8388/assets/PanelTemplate-BUPnglF3.js:1:7530)
    at Proxy.wrappedAction (http://127.0.0.1:8388/assets/vendor-vue-BAQ5VIVR.js:1:4647)
    at Object.registerExtension (http://127.0.0.1:8388/assets/dialogService-Cr3DyAja.js:3:110199)
    at ComfyApp.registerExtension (http://127.0.0.1:8388/assets/dialogService-Cr3DyAja.js:192:20543)
    at http://127.0.0.1:8388/extensions/ComfyUI-GeometryPack/js/pointcloud_preview_vtk.js:13:5
[48:04]   [Console-error] Failed to load resource: the server responded with a status of 404 (Not Found)
[48:04]   [Console-warning] [ComfyUI Notice] "extensions/core/widgetInputs.js" is an internal module, not part of the public API. Future updates may break this import.
[48:05]   [Console-warning] [ComfyUI Notice] "scripts/utils.js" is an internal module, not part of the public API. Future updates may break this import.
[48:05]   [Console-warning] [MaskEditor] ComfyApp.open_maskeditor is deprecated. Plugins should migrate to using the command system or direct node context menu integration.
[48:11]   [Console-warning] [ComfyUI Deprecated] Importing from "scripts/ui/components/buttonGroup.js" is deprecated and will be removed in v1.34.
[48:11]   [Console-warning] [ComfyUI Deprecated] Importing from "scripts/ui/components/button.js" is deprecated and will be removed in v1.34.
[48:59]   Frame 1 saved (frame_000.jpg, t=0.0s)
[48:59]   Validating workflow...
[48:59]   Queuing workflow for execution...
[49:20]   Frame 2 saved (frame_001.jpg, t=30.5s)
[49:20]   [capture-periodic] freeze=44ms shot=17735ms unfreeze=41ms saved=True
[49:37]   Frame 3 saved (frame_002.jpg, t=50.6s)
[49:37]   [capture-periodic] freeze=67ms shot=14936ms unfreeze=63ms saved=True
[49:37]   Node executed (1 total), capturing...
[49:50]   Frame 4 saved (frame_003.jpg, t=66.3s)
[49:50]   [capture-node] freeze=50ms shot=11973ms unfreeze=0ms saved=True
[49:50]   Execution complete (t=66.3s)
[49:50]   Captured 4 unique frames over 78.7s
[49:50]   [debug] iframes: 0
[49:50]   [timing] trigger_3d_previews: 0.0s
[50:11]   Saved high-quality screenshot: simple_executed.png
[50:11]   [timing] final_screenshot: 19.1s
[50:11] Capturing execution frames: video_multiview_depth.json
[50:12]   [Console-error] Failed to load resource: the server responded with a status of 404 (Not Found)
[50:12]   [Console-error] Failed to load resource: the server responded with a status of 404 (Not Found)
[50:17]   [Console-error] Failed to load resource: the server responded with a status of 404 (Not Found)
[50:19]   [Console-error] Failed to load resource: the server responded with a status of 404 (Not Found)
[50:19]   [Console-error] Failed to load resource: the server responded with a status of 404 (Not Found)
[50:20]   [Console-error] Failed to load resource: the server responded with a status of 404 (Not Found)
[50:20]   [Console-warning] Extension KJNodes.browserstatus is disabled.
[50:23]   [Console-warning] WARNING: Multiple instances of Three.js being imported.
[50:24]   [Console-error] [vite:preloadError] Error: Extension named 'Comfy.DynamicWidgets' already registered.
    at Proxy.registerExtension (http://127.0.0.1:8388/assets/PanelTemplate-BUPnglF3.js:1:7530)
    at Proxy.wrappedAction (http://127.0.0.1:8388/assets/vendor-vue-BAQ5VIVR.js:1:4647)
    at Object.registerExtension (http://127.0.0.1:8388/assets/dialogService-Cr3DyAja.js:3:110199)
    at ComfyApp.registerExtension (http://127.0.0.1:8388/assets/dialogService-Cr3DyAja.js:192:20543)
    at http://127.0.0.1:8388/extensions/ComfyUI-DepthAnythingV3/js/dynamic_widgets.js:125:5
[50:24]   [Console-error] [vite:preloadError] Error: Extension named 'comfy3d.pointcloud.vtk' already registered.
    at Proxy.registerExtension (http://127.0.0.1:8388/assets/PanelTemplate-BUPnglF3.js:1:7530)
    at Proxy.wrappedAction (http://127.0.0.1:8388/assets/vendor-vue-BAQ5VIVR.js:1:4647)
    at Object.registerExtension (http://127.0.0.1:8388/assets/dialogService-Cr3DyAja.js:3:110199)
    at ComfyApp.registerExtension (http://127.0.0.1:8388/assets/dialogService-Cr3DyAja.js:192:20543)
    at http://127.0.0.1:8388/extensions/ComfyUI-DepthAnythingV3/js/pointcloud_preview_vtk.js:13:5
[50:24]   [Console-warning] [ComfyUI Deprecated] Importing from "scripts/ui.js" is deprecated and will be removed in v1.34.
[50:24]   [Console-warning] [ComfyUI Notice] "extensions/core/widgetInputs.js" is an internal module, not part of the public API. Future updates may break this import.
[50:24]   [Console-warning] [ComfyUI Notice] "scripts/utils.js" is an internal module, not part of the public API. Future updates may break this import.
[50:24]   [Console-warning] [MaskEditor] ComfyApp.open_maskeditor is deprecated. Plugins should migrate to using the command system or direct node context menu integration.
[50:24]   [Console-error] Failed to load resource: the server responded with a status of 404 (Not Found)
[50:31]   [Console-warning] [ComfyUI Deprecated] Importing from "scripts/ui/components/buttonGroup.js" is deprecated and will be removed in v1.34.
[50:31]   [Console-warning] [ComfyUI Deprecated] Importing from "scripts/ui/components/button.js" is deprecated and will be removed in v1.34.
[51:42]   Frame 1 saved (frame_000.jpg, t=0.0s)
[51:42]   Validating workflow...
[51:42]   Queuing workflow for execution...
[52:04]   Frame 2 saved (frame_001.jpg, t=52.3s)
[52:04]   [capture-periodic] freeze=56ms shot=19197ms unfreeze=54ms saved=True
[52:04]   Node executed (1 total), capturing...
[52:15]   [capture-node] freeze=63ms shot=10480ms unfreeze=58ms saved=False
[52:30]   [capture-loop] iter=50 t=97.7s state={'complete': False, 'error': None, 'executedCount': 1, 'wsState': 1} eval_ms=57
[52:48]   [capture-loop] iter=100 t=116.1s state={'complete': False, 'error': None, 'executedCount': 1, 'wsState': 1} eval_ms=70
[53:08]   [capture-loop] iter=150 t=135.3s state={'complete': False, 'error': None, 'executedCount': 1, 'wsState': 1} eval_ms=66
[53:27]   [capture-loop] iter=200 t=154.4s state={'complete': False, 'error': None, 'executedCount': 1, 'wsState': 1} eval_ms=50
[53:45]   [capture-loop] iter=250 t=173.0s state={'complete': False, 'error': None, 'executedCount': 1, 'wsState': 1} eval_ms=40
[54:04]   [capture-loop] iter=300 t=191.6s state={'complete': False, 'error': None, 'executedCount': 1, 'wsState': 1} eval_ms=50
[54:23]   [capture-loop] iter=350 t=210.3s state={'complete': False, 'error': None, 'executedCount': 1, 'wsState': 1} eval_ms=33
[54:45]   [capture-loop] iter=400 t=232.8s state={'complete': False, 'error': None, 'executedCount': 1, 'wsState': 1} eval_ms=61
[55:13]   Frame 3 saved (frame_002.jpg, t=239.3s)
[55:13]   [capture-periodic] freeze=59ms shot=21133ms unfreeze=55ms saved=True
[55:34]   Frame 4 saved (frame_003.jpg, t=268.2s)
[55:34]   [capture-periodic] freeze=56ms shot=13029ms unfreeze=281ms saved=True
[55:34]   Node executed (2 total), capturing...
[56:08]   Frame 5 saved (frame_004.jpg, t=282.2s)
[56:08]   [capture-node] freeze=41ms shot=32916ms unfreeze=64ms saved=True
[56:08]   Node executed (3 total), capturing...
[56:15]   Frame 6 saved (frame_005.jpg, t=316.0s)
[56:15]   [capture-node] freeze=78ms shot=6530ms unfreeze=0ms saved=True
[56:15]   Execution complete (t=316.0s)
[56:15]   Captured 6 unique frames over 323.02s
[56:15]   [debug] iframes: 0
[56:16]   [timing] trigger_3d_previews: 0.0s
[56:49]   Saved high-quality screenshot: video_multiview_depth_executed.png
[56:49]   [timing] final_screenshot: 31.5s
[56:56] Results saved to /home/administrator/github-runners/PozzettiAndrea-ComfyUI-DepthAnythingV3/_work/ComfyUI-DepthAnythingV3/ComfyUI-DepthAnythingV3/comfy-test-logs/DepthAnythingV3-1853/linux-gpu/results.json
[56:57] Model report: 5 files, 2.4 GB -> /home/administrator/github-runners/PozzettiAndrea-ComfyUI-DepthAnythingV3/_work/ComfyUI-DepthAnythingV3/ComfyUI-DepthAnythingV3/comfy-test-logs/DepthAnythingV3-1853/linux-gpu/models.json
[56:57] Saved: /home/administrator/github-runners/PozzettiAndrea-ComfyUI-DepthAnythingV3/_work/ComfyUI-DepthAnythingV3/ComfyUI-DepthAnythingV3/comfy-test-logs/DepthAnythingV3-1853/linux-gpu/index.html
[56:57] [EXECUTION] PASSED
[56:57] 
linux: PASSED
