Capturing execution frames: bas_relief.json
  [Console-error] Failed to load resource: the server responded with a status of 404 (Not Found)
  [Console-error] Failed to load resource: the server responded with a status of 404 (Not Found)
  [Console-error] Failed to load resource: the server responded with a status of 404 (Not Found)
  [Console-error] Failed to load resource: the server responded with a status of 404 (Not Found)
  [Console-error] Failed to load resource: the server responded with a status of 404 (Not Found)
  [Console-error] Failed to load resource: the server responded with a status of 404 (Not Found)
  [Console-warning] Extension KJNodes.browserstatus is disabled.
  [Console-warning] WARNING: Multiple instances of Three.js being imported.
  [Console-error] [vite:preloadError] Error: Extension named 'Comfy.DynamicWidgets' already registered.
    at Proxy.registerExtension (http://127.0.0.1:41890/assets/systemStatsStore-D9aNY5gT.js:1:5552)
    at Proxy.wrappedAction (http://127.0.0.1:41890/assets/vendor-vue-core-X6q-rGJs.js:2:90540)
    at Object.registerExtension (http://127.0.0.1:41890/assets/dialogService-Cqui0UMO.js:3:162873)
    at ComfyApp.registerExtension (http://127.0.0.1:41890/assets/dialogService-Cqui0UMO.js:177:20566)
    at http://127.0.0.1:41890/extensions/ComfyUI-DepthAnythingV3/js/dynamic_widgets.js:125:5
  [Console-error] [vite:preloadError] Error: Extension named 'comfy3d.pointcloud.vtk' already registered.
    at Proxy.registerExtension (http://127.0.0.1:41890/assets/systemStatsStore-D9aNY5gT.js:1:5552)
    at Proxy.wrappedAction (http://127.0.0.1:41890/assets/vendor-vue-core-X6q-rGJs.js:2:90540)
    at Object.registerExtension (http://127.0.0.1:41890/assets/dialogService-Cqui0UMO.js:3:162873)
    at ComfyApp.registerExtension (http://127.0.0.1:41890/assets/dialogService-Cqui0UMO.js:177:20566)
    at http://127.0.0.1:41890/extensions/ComfyUI-GeometryPack/js/pointcloud_preview_vtk.js:13:5
  [Console-error] Failed to load resource: the server responded with a status of 404 (Not Found)
  [Console-warning] [ComfyUI Deprecated] Importing from "scripts/ui.js" is deprecated and will be removed in v1.34.
  [Console-warning] [ComfyUI Notice] "extensions/core/widgetInputs.js" is an internal module, not part of the public API. Future updates may break this import.
  [Console-warning] [ComfyUI Notice] "scripts/utils.js" is an internal module, not part of the public API. Future updates may break this import.
  [Console-warning] [MaskEditor] ComfyApp.open_maskeditor is deprecated. Plugins should migrate to using the command system or direct node context menu integration.
  [Console-warning] [ComfyUI Deprecated] Importing from "scripts/ui/components/buttonGroup.js" is deprecated and will be removed in v1.34.
  [Console-warning] [ComfyUI Deprecated] Importing from "scripts/ui/components/button.js" is deprecated and will be removed in v1.34.
  [Console-warning] Canvas2D: Multiple readback operations using getImageData are faster with the willReadFrequently attribute set to true. See: https://html.spec.whatwg.org/multipage/canvas.html#concept-canvas-will-read-frequently
  [Console-error] No input!
  [Console-error] Failed to load resource: the server responded with a status of 403 (Forbidden)
  [Console-error] Error loading model: HttpError: fetch for "http://127.0.0.1:41890/api/view?type=output&subfolder=%2Fhome%2Fshadeform%2Fdepth_node%2FComfyUI%2Foutput&filename=mesh_0000.glb" responded with 403: Forbidden
    at http://127.0.0.1:41890/assets/vendor-three-CHi1XwmR.js:3824:116004
  [Console-error] Failed to load resource: the server responded with a status of 403 (Forbidden)
  [Console-error] Error loading model: HttpError: fetch for "http://127.0.0.1:41890/api/view?type=output&subfolder=%2Fhome%2Fshadeform%2Fdepth_node%2FComfyUI%2Foutput&filename=mesh_0000.glb" responded with 403: Forbidden
    at http://127.0.0.1:41890/assets/vendor-three-CHi1XwmR.js:3824:116004
  [Console-error] Failed to load resource: the server responded with a status of 403 (Forbidden)
  Frame 1 saved (frame_000.jpg, t=0.0s)
  Validating workflow...
  [ComfyUI] === /validate endpoint called ===
  Queuing workflow for execution...
  [ComfyUI] Received JSON with keys: ['prompt']
  [ComfyUI] Prompt has 6 nodes
  [ComfyUI]   Node 2: LoadImage
  [ComfyUI]     Inputs: {"image": "bas_relief.png"}
  [ComfyUI]   Node 3: DownloadAndLoadDepthAnythingV3Model
  [ComfyUI]     Inputs: {"model": "da3_large.safetensors", "precision": "auto", "attention": "auto"}
  [ComfyUI]   Node 21: DepthAnything_V3
  [ComfyUI]     Inputs: {"normalization_mode": "Raw", "resize_method": "resize", "invert_depth": false, "keep_model_size": true, "da3_model": ["3", 0], "images": ["2", 0]}
  [ComfyUI]   Node 27: PreviewImage
  [ComfyUI]     Inputs: {"images": ["21", 2]}
  [ComfyUI]   Node 30: Preview3D
  [ComfyUI]     Inputs: {"model_file": ["32", 0], "image": ""}
  [ComfyUI]   Node 32: DA3_ToMesh
  [ComfyUI]     Inputs: {"confidence_threshold": 0.1, "depth_edge_threshold": 0.1, "downsample": 1, "target_faces": 100000, "filename_prefix": "mesh", "allow_around_1": true, "use_draco_compression": false, "depth_raw": ["21
  [ComfyUI] Generated prompt_id: 8a400e85-5ee7-4ab4-a689-fd228e51167b
  [ComfyUI] Calling execution.validate_prompt()...
  [ComfyUI] Validation result: valid=True
  [ComfyUI] === Validation PASSED ===
  [ComfyUI] got prompt
  [ComfyUI] Auto-detected model variant: da3-large
  [ComfyUI] [build] model_key=da3-large, dtype=torch.bfloat16, attention=auto
  [ComfyUI] [build] config: encoder=vitl, dim_in=2048, features=256, out_channels=[256, 512, 1024, 1024]
  [ComfyUI] [build] Loading model from: /home/shadeform/workspaces/DepthAnythingV3-1759/ComfyUI/models/depthanything3/da3_large.safetensors
  [ComfyUI] [build] Checkpoint: 637 keys loaded
  [ComfyUI] [build] Stripped 'model.' prefix from 637 keys
  [ComfyUI] [build] Expanded 6 shared-weight keys for output_conv2_aux
  [ComfyUI] Model ready (torch.bfloat16)
  [ComfyUI] Requested to load DepthAnything3Net
  [ComfyUI] loaded partially; 0.00 MB usable, 0.00 MB loaded, 781.02 MB offloaded, 34.02 MB buffer reserved, lowvram patches: 0
  [ComfyUI] Input image size: 2000x1336
  [ComfyUI] Model input size (after resize): 2002x1330
  [ComfyUI] [VRAM backbone] DONE: allocated=0.28GB reserved=0.59GB
  Frame 2 saved (frame_001.jpg, t=2.4s)
  [capture-periodic] freeze=4ms shot=187ms unfreeze=4ms saved=True
  [ComfyUI] Creating mesh from 2002x1330 depth map
  [ComfyUI] Grid mesh: 2662461 vertices, 5318002 faces
  [ComfyUI] pyfqmr not installed, skipping decimation. Install with: pip install pyfqmr
  Frame 3 saved (frame_002.jpg, t=4.7s)
  [capture-periodic] freeze=5ms shot=198ms unfreeze=4ms saved=True
  [capture-loop] iter=50 t=6.3s state={'complete': False, 'error': None, 'executedCount': 0, 'wsState': 1} eval_ms=4
  [ComfyUI] pygltflib is required for material post-processing. Install with: pip install pygltflib. Mesh may appear dark or single-sided.
  [ComfyUI] Saved mesh to: /home/shadeform/workspaces/DepthAnythingV3-1759/ComfyUI/output/mesh_0000.glb
  Node executed (1 total), capturing...
  [ComfyUI] Prompt executed in 8.67 seconds
  Frame 4 saved (frame_003.jpg, t=8.6s)
  [capture-node] freeze=76ms shot=582ms unfreeze=4ms saved=True
  Node executed (2 total), capturing...
  [capture-node] freeze=6ms shot=335ms unfreeze=213ms saved=False
  Node executed (3 total), capturing...
  [Console-error] Failed to load resource: the server responded with a status of 404 (Not Found)
  [Console-error] Failed to load resource: the server responded with a status of 404 (Not Found)
  Frame 5 saved (frame_004.jpg, t=10.8s)
  [capture-node] freeze=1935ms shot=2930ms unfreeze=0ms saved=True
  Execution complete (t=10.8s)
  [3d-wait] Phase 1: Waiting for 'Loading 3D Model' text to disappear...
  [3d-wait] Phase 1 exception after 60.0s: Page.wait_for_function: Timeout 60000ms exceeded.
  [3d-wait] Phase 2: iframes=0
  [3d-wait] Total 3D wait: 60.0s
  Captured 5 unique frames over 75.81s
  [debug] iframes: 0
  [timing] trigger_3d_previews: 0.0s
  Saved high-quality screenshot: bas_relief_executed.png
  [timing] final_screenshot: 1.6s
    Captured 6 video frames
    VRAM log: /home/shadeform/vramlogs/DepthAnythingV3_bas_relief_20260225_180217.csv