[Console-error] Failed to load resource: the server responded with a status of 404 (Not Found)
[Console-error] Failed to load resource: the server responded with a status of 404 (Not Found)
[Console-error] Failed to load resource: the server responded with a status of 404 (Not Found)
[Console-error] Failed to load resource: the server responded with a status of 404 (Not Found)
[Console-error] Failed to load resource: the server responded with a status of 404 (Not Found)
[Console-error] Failed to load resource: the server responded with a status of 404 (Not Found)
[Console-warning] Extension KJNodes.browserstatus is disabled.
[Console-log] [VTK Bundle] GLTFImporter included in bundle
[Console-warning] WARNING: Multiple instances of Three.js being imported.
[Console-log] [VTK Bundle] GLTFImporter included in bundle
[Console-log] [GeomPack Multi JS] Loading mesh_preview_multi.js extension
[Console-error] [vite:preloadError] Error: Extension named 'comfy3d.pointcloud.vtk' already registered.
    at Proxy.registerExtension (http://127.0.0.1:8388/assets/PanelTemplate-BUPnglF3.js:1:7530)
    at Proxy.wrappedAction (http://127.0.0.1:8388/assets/vendor-vue-BAQ5VIVR.js:1:4647)
    at Object.registerExtension (http://127.0.0.1:8388/assets/dialogService-Cr3DyAja.js:3:110199)
    at ComfyApp.registerExtension (http://127.0.0.1:8388/assets/dialogService-Cr3DyAja.js:192:20543)
    at http://127.0.0.1:8388/extensions/ComfyUI-DepthAnythingV3/js/pointcloud_preview_vtk.js:13:5
[Console-log] [FBX Preview] Auto-registering for all known FBX preview node types...
[Console-log] [UniRig] Loading FBX mesh preview extension...
[Console-log] [UniRig] Detected extension folder: ComfyUI-GeometryPack
[Console-log] [UniRig] FBX mesh preview extension registered
[Console-log] [SAM3DBody] Loading FBX mesh preview extension...
[Console-log] [SAM3DBody] Detected extension folder: ComfyUI-GeometryPack
[Console-log] [SAM3DBody] FBX mesh preview extension registered
[Console-log] [MotionCapture] Loading FBX mesh preview extension...
[Console-log] [MotionCapture] Detected extension folder: ComfyUI-GeometryPack
[Console-log] [MotionCapture] FBX mesh preview extension registered
[Console-log] [MotionCapture] Loading FBX mesh preview extension...
[Console-log] [MotionCapture] Detected extension folder: ComfyUI-GeometryPack
[Console-log] [MotionCapture] FBX mesh preview extension registered
[Console-log] [UniRig Debug] Loading FBX mesh preview extension...
[Console-log] [UniRig Debug] Detected extension folder: ComfyUI-GeometryPack
[Console-log] [UniRig Debug] FBX mesh preview extension registered
[Console-log] [BVHViewer] Loading BVH Viewer extension
[Console-log] [BVHViewer] Loading BVH viewer extension...
[Console-log] [BVHViewer] Extension registered: comfy3d.bvhviewer
[Console-log] [DynamicWidgets] Loading extension...
[Console-log] [DynamicWidgets] Extension registered
[Console-log] [GeomPack] Loading mesh preview extension...
[Console-log] [GeomPack] Mesh preview extension registered
[Console-log] [UniRig Compare] Loading compare skeleton widget...
[Console-log] [UniRig Compare] Detected extension folder: ComfyUI-GeometryPack
[Console-log] [UniRig Compare] Compare skeleton widget registered
[Console-log] [CompareSMPLBVH] Loading Compare SMPL BVH extension
[Console-log] [CompareSMPLBVH] Loading Compare SMPL BVH extension...
[Console-log] [CompareSMPLBVH] Extension registered: comfy3d.comparesmplbvh
[Console-log] [GeomPack] Loading VTK.js textured mesh preview extension...
[Console-log] [GeomPack] VTK.js textured mesh preview extension registered
[Console-log] [FBXAnimationViewer] Loading FBX Animation Viewer extension
[Console-log] [FBXAnimationViewer] Loading FBX Animation Viewer extension...
[Console-log] [FBXAnimationViewer] Extension registered: comfy3d.fbxanimationviewer
[Console-log] [DynamicWidgets] Loading extension...
[Console-error] [vite:preloadError] Error: Extension named 'Comfy.DynamicWidgets' already registered.
    at Proxy.registerExtension (http://127.0.0.1:8388/assets/PanelTemplate-BUPnglF3.js:1:7530)
    at Proxy.wrappedAction (http://127.0.0.1:8388/assets/vendor-vue-BAQ5VIVR.js:1:4647)
    at Object.registerExtension (http://127.0.0.1:8388/assets/dialogService-Cr3DyAja.js:3:110199)
    at ComfyApp.registerExtension (http://127.0.0.1:8388/assets/dialogService-Cr3DyAja.js:192:20543)
    at http://127.0.0.1:8388/extensions/ComfyUI-GeometryPack/js/dynamic_widgets.js:125:5
[Console-log] [GeomPack Gaussian] Loading extension...
[Console-log] [GeomPack] Loading UV mesh preview extension...
[Console-log] [GeomPack] UV mesh preview extension registered
[Console-warning] [ComfyUI Deprecated] Importing from "scripts/ui.js" is deprecated and will be removed in v1.34.
[Console-warning] [ComfyUI Notice] "extensions/core/widgetInputs.js" is an internal module, not part of the public API. Future updates may break this import.
[Console-warning] [ComfyUI Notice] "scripts/utils.js" is an internal module, not part of the public API. Future updates may break this import.
[Console-warning] [MaskEditor] ComfyApp.open_maskeditor is deprecated. Plugins should migrate to using the command system or direct node context menu integration.
[Console-error] Failed to load resource: the server responded with a status of 404 (Not Found)
[Console-log] [DynamicWidgets] Loaded mappings for 6 nodes
[Console-log] [GeomPack] Registering Preview Mesh node
[Console-log] [GeomPack] Registering Preview Mesh UV node
[Console-log] [GeomPack Gaussian] Registering Preview Gaussian node
[Console-warning] [ComfyUI Deprecated] Importing from "scripts/ui/components/buttonGroup.js" is deprecated and will be removed in v1.34.
[Console-warning] [ComfyUI Deprecated] Importing from "scripts/ui/components/button.js" is deprecated and will be removed in v1.34.
[Console-error] Failed to load resource: the server responded with a status of 403 (Forbidden)
[Console-error] Error loading model: HttpError: fetch for "http://127.0.0.1:8388/api/view?type=output&subfolder=%2Fhome%2Fshadeform%2Fdepth_node%2FComfyUI%2Foutput&filename=mesh_0000.glb" responded with 403: Forbidden
    at http://127.0.0.1:8388/assets/vendor-three-BDtRe4OM.js:3824:95202
[Console-error] Failed to load resource: the server responded with a status of 403 (Forbidden)
[Console-error] Error loading model: HttpError: fetch for "http://127.0.0.1:8388/api/view?type=output&subfolder=%2Fhome%2Fshadeform%2Fdepth_node%2FComfyUI%2Foutput&filename=mesh_0000.glb" responded with 403: Forbidden
    at http://127.0.0.1:8388/assets/vendor-three-BDtRe4OM.js:3824:95202
[Console-error] Failed to load resource: the server responded with a status of 403 (Forbidden)
[Console-log] [comfy-test] graphToPrompt: 6 nodes, missing class_type: [], sample: {"inputs":{"image":"bas_relief.png"},"class_type":"LoadImage","_meta":{"title":"Load Image"}}
[Console-error] Failed to load resource: the server responded with a status of 404 (Not Found)
[Console-error] Failed to load resource: the server responded with a status of 404 (Not Found)