Capturing execution frames: da3_streaming.json
  Frame 1 saved (frame_000.jpg, t=0.0s)
  Validating workflow...
  [ComfyUI] === /validate endpoint called ===
  [ComfyUI] Received JSON with keys: ['prompt']
  [ComfyUI] Prompt has 5 nodes
  [ComfyUI]   Node 2: DownloadAndLoadDepthAnythingV3Model
  [ComfyUI]     Inputs: {"model": "da3_large.safetensors", "precision": "auto", "attention": "auto"}
  [ComfyUI]   Node 3: LoadVideo
  Queuing workflow for execution...
  [ComfyUI]     Inputs: {"file": "robot_unitree.mp4", "video-preview": ""}
  [ComfyUI]   Node 4: SaveVideo
  [ComfyUI]     Inputs: {"filename_prefix": "video/preview_da3", "format": "auto", "codec": "auto", "video": ["6", 0]}
  [ComfyUI]   Node 5: LoadSALADModel
  [ComfyUI]     Inputs: {}
  [ComfyUI]   Node 6: DepthAnythingV3_Streaming
  [ComfyUI]     Inputs: {"normalization_mode": "Standard", "chunk_size": 30, "overlap": 8, "align_lib": "auto", "align_method": "sim3", "resize_method": "resize", "invert_depth": true, "save_pointcloud": false, "sample_ratio
  [ComfyUI] Generated prompt_id: 631b6449-7198-46a6-9854-3a5e7d9b7e86
  [ComfyUI] Calling execution.validate_prompt()...
  [ComfyUI] Validation result: valid=True
  [ComfyUI] === Validation PASSED ===
  [ComfyUI] got prompt
  [ComfyUI] [comfy-env] Running LoadSALADModel:
  [ComfyUI] [VRAM] Before LoadSALADModel: 508 / 7703 MB
  [ComfyUI] [SubprocessWorker] call_method: nodes.load_model.LoadSALADModel.EXECUTE_NORMALIZED
  [ComfyUI] [SubprocessWorker] acquired lock, ensuring started...
  [ComfyUI] [ComfyUI-DepthAnythingV3] Health check: ping (timeout=5.0s)...
  [ComfyUI] [ComfyUI-DepthAnythingV3] Health check: failed
  [ComfyUI] [ComfyUI-DepthAnythingV3] Socket unhealthy, restarting worker...
  [ComfyUI] [comfy-env] Invalidated 1 stale model patchers (will be cleaned up during next unload)
  [ComfyUI] [ComfyUI-DepthAnythingV3] python: /workspaces/DepthAnythingV3-0015/ComfyUI/.ce/.pixi/envs/depthanythingv3-nodes/bin/python
  [ComfyUI] [ComfyUI-DepthAnythingV3] sys_path sent to worker: ['/workspaces/DepthAnythingV3-0015/ComfyUI', '/workspaces/DepthAnythingV3-0015/ComfyUI/custom_nodes/ComfyUI-DepthAnythingV3', '/workspaces/DepthAnythingV3-0015/ComfyUI/.ce/.pixi/envs/depthanythingv3-nodes/lib/python3.1/site-packages', '/workspaces/DepthAnythingV3-0015/ComfyUI/custom_nodes/ComfyUI-DepthAnythingV3']
  [ComfyUI] [SubprocessWorker] is_pixi=True, python=/workspaces/DepthAnythingV3-0015/ComfyUI/.ce/.pixi/envs/depthanythingv3-nodes/bin/python
  [ComfyUI] [SubprocessWorker] launching cmd=['/root/.local/bin/pixi', 'run', '--as-is', '--manifest-path', '/workspaces/DepthAnythingV3-0015/ComfyUI/.ce/pixi.toml', '-e', 'depthanythingv3-nodes', 'python', '/tmp/comfyui_pvenv_627q83_3/persistent_worker.py', 'abstract://comfy_worker_64e0ff6abe05']...
  [ComfyUI] [SubprocessWorker] socket_addr=abstract://comfy_worker_64e0ff6abe05 (abstract, no filesystem path)
  Frame 2 saved (frame_001.jpg, t=2.3s)
  [capture-periodic] freeze=1ms shot=149ms unfreeze=8ms saved=True
  [ComfyUI] [worker:ComfyUI-DepthAnythingV3] WARNING: WARNING: You need pytorch with cu130 or higher to use optimized CUDA operations.
  [ComfyUI] [SubprocessWorker] worker started/confirmed
  [ComfyUI] [SubprocessWorker] sending request via socket...
  [ComfyUI] [SubprocessWorker] call_id=27 sending call_method
  [ComfyUI] Warning: You are sending unauthenticated requests to the HF Hub. Please set a HF_TOKEN to enable higher rate limits and faster downloads.
  [ComfyUI] [worker:ComfyUI-DepthAnythingV3] WARNING: Warning: You are sending unauthenticated requests to the HF Hub. Please set a HF_TOKEN to enable higher rate limits and faster downloads.
  Frame 3 saved (frame_002.jpg, t=4.6s)
  [capture-periodic] freeze=2ms shot=226ms unfreeze=13ms saved=True
  [capture-loop] iter=50 t=6.0s state={'complete': False, 'error': None, 'executedCount': 0, 'wsState': 1} eval_ms=3
  Frame 4 saved (frame_003.jpg, t=7.0s)
  [capture-periodic] freeze=2ms shot=168ms unfreeze=13ms saved=True
  [ComfyUI] [SubprocessWorker] got response: ok
  [ComfyUI] [comfy-env] [VRAM] Before offload 'DepthAnything3Net_1' (783 MB) -> cpu: 270 / 7703 MB
  [ComfyUI] [ComfyUI-DepthAnythingV3] Health check: ping (timeout=5.0s)...
  [ComfyUI] [ComfyUI-DepthAnythingV3] Health check: ok
  [ComfyUI] [SubprocessWorker] call_id=28 sending model_to_device
  [ComfyUI] Model 'DepthAnything3Net_1' gone from worker (restarted?), treating as offloaded
  [ComfyUI] [comfy-env] [VRAM] After offload 'DepthAnything3Net_1' (783 MB): 270 / 7703 MB
  [ComfyUI] [comfy-env] LoadSALADModel done (7.40s): result: NodeOutput
  [ComfyUI] [VRAM] After LoadSALADModel: 270 / 7703 MB
  [ComfyUI] [comfy-env] Running DownloadAndLoadDepthAnythingV3Model: model: 'da3_large.safetensors', precision: 'auto', attention: 'auto'
  [ComfyUI] [VRAM] Before DownloadAndLoadDepthAnythingV3Model: 270 / 7703 MB
  [ComfyUI] [SubprocessWorker] call_method: nodes.load_model.DownloadAndLoadDepthAnythingV3Model.EXECUTE_NORMALIZED
  [ComfyUI] [SubprocessWorker] acquired lock, ensuring started...
  [ComfyUI] [ComfyUI-DepthAnythingV3] Health check: ping (timeout=5.0s)...
  [ComfyUI] [ComfyUI-DepthAnythingV3] Health check: ok
  [ComfyUI] [SubprocessWorker] worker started/confirmed
  [ComfyUI] [SubprocessWorker] serializing kwargs to shm...
  [ComfyUI] [SubprocessWorker] created 0 shm blocks
  [ComfyUI] [SubprocessWorker] sending request via socket...
  [ComfyUI] [SubprocessWorker] call_id=29 sending call_method
  [ComfyUI] [SubprocessWorker] got response: ok
  [ComfyUI] [comfy-env] DownloadAndLoadDepthAnythingV3Model done (0.03s): result: NodeOutput
  [ComfyUI] [VRAM] After DownloadAndLoadDepthAnythingV3Model: 270 / 7703 MB
  [ComfyUI] [comfy-env] Running DepthAnythingV3_Streaming: normalization_mode: 'Standard', chunk_size: 30, overlap: 8, align_lib: 'auto', align_method: 'sim3', resize_method: 'resize', invert_depth: True, save_pointcloud: False, sample_ratio: 0.015, conf_threshold_coef: 0.75, da3_model: dict, video: VideoFromFile, salad_model: dict
  [ComfyUI] [VRAM] Before DepthAnythingV3_Streaming: 270 / 7703 MB
  [ComfyUI] [SubprocessWorker] call_method: nodes.streaming.node.DepthAnythingV3_Streaming.EXECUTE_NORMALIZED
  [ComfyUI] [SubprocessWorker] acquired lock, ensuring started...
  [ComfyUI] [ComfyUI-DepthAnythingV3] Health check: ping (timeout=5.0s)...
  [ComfyUI] [ComfyUI-DepthAnythingV3] Health check: ok
  [ComfyUI] [SubprocessWorker] worker started/confirmed
  [ComfyUI] [SubprocessWorker] serializing kwargs to shm...
  [ComfyUI] [SubprocessWorker] created 1 shm blocks
  [ComfyUI] [SubprocessWorker] sending request via socket...
  [ComfyUI] [SubprocessWorker] call_id=30 sending call_method
  Frame 5 saved (frame_004.jpg, t=9.3s)
  [capture-periodic] freeze=2ms shot=159ms unfreeze=9ms saved=True
  [ComfyUI] [SubprocessWorker] callback 'request_vram_budget' from call_id=30
  [ComfyUI] [comfy-env] VRAM request: 1.17GB, free before eviction: 7.79GB
  [ComfyUI] [comfy-env] VRAM after eviction: 7.79GB
  [ComfyUI] [worker:ComfyUI-DepthAnythingV3] [VRAM] +283MB (now 283MB) reserved=288MB peak=283MB
  [capture-loop] iter=100 t=11.6s state={'complete': False, 'error': None, 'executedCount': 0, 'wsState': 1} eval_ms=2
  Frame 6 saved (frame_005.jpg, t=11.6s)
  [capture-periodic] freeze=2ms shot=154ms unfreeze=8ms saved=True
  [ComfyUI] [worker:ComfyUI-DepthAnythingV3] [VRAM] +835MB (now 1119MB) reserved=1120MB peak=1119MB
  [ComfyUI] [SubprocessWorker] callback 'report_progress' from call_id=30
  [ComfyUI] [worker:ComfyUI-DepthAnythingV3] [VRAM] +276MB (now 1395MB) reserved=1408MB peak=1395MB
  [ComfyUI] [worker:ComfyUI-DepthAnythingV3] [VRAM] +1240MB (now 2635MB) reserved=4032MB peak=2635MB
  [ComfyUI] [worker:ComfyUI-DepthAnythingV3] [VRAM] +350MB (now 2986MB) reserved=4480MB peak=2986MB
  [capture-loop] iter=150 t=17.3s state={'complete': False, 'error': None, 'executedCount': 0, 'wsState': 1} eval_ms=2
  [ComfyUI] [worker:ComfyUI-DepthAnythingV3] [VRAM] +350MB (now 3337MB) reserved=4928MB peak=3337MB
  [ComfyUI] [worker:ComfyUI-DepthAnythingV3] [VRAM] +350MB (now 3688MB) reserved=5280MB peak=3688MB
  [ComfyUI] [worker:ComfyUI-DepthAnythingV3] [VRAM] +568MB (now 4257MB) reserved=4544MB peak=4257MB
  [capture-loop] iter=200 t=22.8s state={'complete': False, 'error': None, 'executedCount': 0, 'wsState': 1} eval_ms=2
  [ComfyUI] [worker:ComfyUI-DepthAnythingV3] [VRAM] +206MB (now 4463MB) reserved=5440MB peak=4463MB
  [ComfyUI] [worker:ComfyUI-DepthAnythingV3] [VRAM] -2947MB (now 1517MB) reserved=7136MB peak=4556MB
  [ComfyUI] [SubprocessWorker] callback 'report_progress' from call_id=30
  [ComfyUI] [worker:ComfyUI-DepthAnythingV3] [VRAM] +1118MB (now 2635MB) reserved=4064MB peak=4556MB
  [ComfyUI] [worker:ComfyUI-DepthAnythingV3] [VRAM] +350MB (now 2986MB) reserved=4416MB peak=4556MB
  Frame 7 saved (frame_006.jpg, t=27.2s)
  [capture-periodic] freeze=1ms shot=159ms unfreeze=7ms saved=True
  [ComfyUI] [worker:ComfyUI-DepthAnythingV3] [VRAM] +350MB (now 3337MB) reserved=4832MB peak=4556MB
  [capture-loop] iter=250 t=28.5s state={'complete': False, 'error': None, 'executedCount': 0, 'wsState': 1} eval_ms=2
  [ComfyUI] [worker:ComfyUI-DepthAnythingV3] [VRAM] +350MB (now 3688MB) reserved=5120MB peak=4556MB
  [ComfyUI] [worker:ComfyUI-DepthAnythingV3] [VRAM] +579MB (now 4267MB) reserved=4608MB peak=4556MB
  [ComfyUI] [worker:ComfyUI-DepthAnythingV3] [VRAM] +206MB (now 4473MB) reserved=5536MB peak=4556MB
  [capture-loop] iter=300 t=34.0s state={'complete': False, 'error': None, 'executedCount': 0, 'wsState': 1} eval_ms=1
  [ComfyUI] [worker:ComfyUI-DepthAnythingV3] [VRAM] -2957MB (now 1517MB) reserved=7200MB peak=4556MB
  [ComfyUI] [SubprocessWorker] callback 'report_progress' from call_id=30
  [ComfyUI] [worker:ComfyUI-DepthAnythingV3] [VRAM] +1118MB (now 2635MB) reserved=4064MB peak=4556MB
  Frame 8 saved (frame_007.jpg, t=36.2s)
  [capture-periodic] freeze=1ms shot=159ms unfreeze=6ms saved=True
  [ComfyUI] [worker:ComfyUI-DepthAnythingV3] [VRAM] +350MB (now 2986MB) reserved=4416MB peak=4556MB
  [ComfyUI] [worker:ComfyUI-DepthAnythingV3] [VRAM] +350MB (now 3337MB) reserved=4832MB peak=4556MB
  Frame 9 saved (frame_008.jpg, t=38.5s)
  [capture-periodic] freeze=1ms shot=151ms unfreeze=9ms saved=True
  [ComfyUI] [worker:ComfyUI-DepthAnythingV3] [VRAM] +350MB (now 3688MB) reserved=5120MB peak=4556MB
  [capture-loop] iter=350 t=39.7s state={'complete': False, 'error': None, 'executedCount': 0, 'wsState': 1} eval_ms=2
  [ComfyUI] [worker:ComfyUI-DepthAnythingV3] [VRAM] +579MB (now 4267MB) reserved=4608MB peak=4556MB
  [ComfyUI] [worker:ComfyUI-DepthAnythingV3] [VRAM] +206MB (now 4473MB) reserved=5472MB peak=4556MB
  [ComfyUI] [worker:ComfyUI-DepthAnythingV3] [VRAM] -2957MB (now 1517MB) reserved=7264MB peak=4556MB
  [ComfyUI] [SubprocessWorker] callback 'report_progress' from call_id=30
  [capture-loop] iter=400 t=45.3s state={'complete': False, 'error': None, 'executedCount': 0, 'wsState': 1} eval_ms=2
  Frame 10 saved (frame_009.jpg, t=45.3s)
  [capture-periodic] freeze=2ms shot=160ms unfreeze=6ms saved=True
  [ComfyUI] [worker:ComfyUI-DepthAnythingV3] [VRAM] +1118MB (now 2635MB) reserved=4064MB peak=4556MB
  [ComfyUI] [worker:ComfyUI-DepthAnythingV3] [VRAM] +350MB (now 2986MB) reserved=4416MB peak=4556MB
  [ComfyUI] [worker:ComfyUI-DepthAnythingV3] [VRAM] +350MB (now 3337MB) reserved=4832MB peak=4556MB
  Frame 11 saved (frame_010.jpg, t=47.6s)
  [capture-periodic] freeze=2ms shot=148ms unfreeze=7ms saved=True
  [ComfyUI] [worker:ComfyUI-DepthAnythingV3] [VRAM] +350MB (now 3688MB) reserved=5120MB peak=4556MB
  [ComfyUI] [worker:ComfyUI-DepthAnythingV3] [VRAM] +568MB (now 4257MB) reserved=4544MB peak=4556MB
  [capture-loop] iter=450 t=51.0s state={'complete': False, 'error': None, 'executedCount': 0, 'wsState': 1} eval_ms=2
  [ComfyUI] [worker:ComfyUI-DepthAnythingV3] [VRAM] +206MB (now 4463MB) reserved=5440MB peak=4556MB
  [ComfyUI] [worker:ComfyUI-DepthAnythingV3] [VRAM] -2947MB (now 1517MB) reserved=7264MB peak=4556MB
  [ComfyUI] [SubprocessWorker] callback 'report_progress' from call_id=30
  [ComfyUI] [worker:ComfyUI-DepthAnythingV3] [VRAM] +943MB (now 2460MB) reserved=3968MB peak=4556MB
  [ComfyUI] [worker:ComfyUI-DepthAnythingV3] [VRAM] +350MB (now 2811MB) reserved=4160MB peak=4556MB
  [capture-loop] iter=500 t=56.5s state={'complete': False, 'error': None, 'executedCount': 0, 'wsState': 1} eval_ms=2
  Frame 12 saved (frame_011.jpg, t=56.5s)
  [capture-periodic] freeze=1ms shot=157ms unfreeze=7ms saved=True
  [ComfyUI] [worker:ComfyUI-DepthAnythingV3] [VRAM] +350MB (now 3161MB) reserved=4832MB peak=4556MB
  [ComfyUI] [worker:ComfyUI-DepthAnythingV3] [VRAM] +350MB (now 3512MB) reserved=4928MB peak=4556MB
  Frame 13 saved (frame_012.jpg, t=58.8s)
  [capture-periodic] freeze=2ms shot=157ms unfreeze=7ms saved=True
  [ComfyUI] [worker:ComfyUI-DepthAnythingV3] [VRAM] +744MB (now 4257MB) reserved=4544MB peak=4713MB
  [ComfyUI] [worker:ComfyUI-DepthAnythingV3]
  [ComfyUI] === WATCHDOG TICK 1 ===
  [ComfyUI] [worker:ComfyUI-DepthAnythingV3] Thread 0x000074748b669640 (most recent call first):
  [ComfyUI]   File "/workspaces/DepthAnythingV3-0015/ComfyUI/.ce/.pixi/envs/depthanythingv3-nodes/lib/python3.10/threading.py", line 324 in wait
  [ComfyUI]   File "/workspaces/DepthAnythingV3-0015/ComfyUI/.ce/.pixi/envs/depthanythingv3-nodes/lib/python3.10/threading.py", line 607 in wait
  [ComfyUI]   File "/workspaces/DepthAnythingV3-0015/ComfyUI/.ce/.pixi/envs/depthanythingv3-nodes/lib/python3.10/site-packages/tqdm/_monitor.py", line 60 in run
  [ComfyUI]   File "/workspaces/DepthAnythingV3-0015/ComfyUI/.ce/.pixi/envs/depthanythingv3-nodes/lib/python3.10/threading.py", line 1016 in _bootstrap_inner
  [ComfyUI]   File "/workspaces/DepthAnythingV3-0015/ComfyUI/.ce/.pixi/envs/depthanythingv3-nodes/lib/python3.10/threading.py", line 973 in _bootstrap
  [ComfyUI] 
  [ComfyUI] Thread 0x000074782db5f640 (most recent call first):
  [ComfyUI]   File "/tmp/comfyui_pvenv_627q83_3/persistent_worker.py", line 106 in _vram_poller
  [ComfyUI]   File "/workspaces/DepthAnythingV3-0015/ComfyUI/.ce/.pixi/envs/depthanythingv3-nodes/lib/python3.10/threading.py", line 953 in run
  [ComfyUI]   File "/workspaces/DepthAnythingV3-0015/ComfyUI/.ce/.pixi/envs/depthanythingv3-nodes/lib/python3.10/threading.py", line 1016 in _bootstrap_inner
  [ComfyUI]   File "/workspaces/DepthAnythingV3-0015/ComfyUI/.ce/.pixi/envs/depthanythingv3-nodes/lib/python3.10/threading.py", line 973 in _bootstrap
  [ComfyUI] 
  [ComfyUI] Current thread 0x000074782e360640 (most recent call first):
  [ComfyUI]   File "/tmp/comfyui_pvenv_627q83_3/persistent_worker.py", line 52 in _watchdog
  [ComfyUI]   File "/workspaces/DepthAnythingV3-0015/ComfyUI/.ce/.pixi/envs/depthanythingv3-nodes/lib/python3.10/threading.py", line 953 in run
  [ComfyUI]   File "/workspaces/DepthAnythingV3-0015/ComfyUI/.ce/.pixi/envs/depthanythingv3-nodes/lib/python3.10/threading.py", line 1016 in _bootstrap_inner
  [ComfyUI]   File "/workspaces/DepthAnythingV3-0015/ComfyUI/.ce/.pixi/envs/depthanythingv3-nodes/lib/python3.10/threading.py", line 973 in _bootstrap
  [ComfyUI] 
  [ComfyUI] Thread 0x000074782e936740 (most recent call first):
  [ComfyUI]   File "/workspaces/DepthAnythingV3-0015/ComfyUI/.ce/.pixi/envs/depthanythingv3-nodes/lib/python3.10/site-packages/torch/cuda/memory.py", line 224 in empty_cache
  [ComfyUI]   File "/workspaces/DepthAnythingV3-0015/ComfyUI/custom_nodes/ComfyUI-DepthAnythingV3/nodes/depth_anything_v3/model.py", line 1412 in _forward_impl
  [ComfyUI]   File "/workspaces/DepthAnythingV3-0015/ComfyUI/custom_nodes/ComfyUI-DepthAnythingV3/nodes/depth_anything_v3/model.py", line 1379 in forward
  [ComfyUI]   File "/workspaces/DepthAnythingV3-0015/ComfyUI/.ce/.pixi/envs/depthanythingv3-nodes/lib/python3.10/site-packages/torch/nn/modules/module.py", line 1790 in _call_impl
  [ComfyUI]   File "/workspaces/DepthAnythingV3-0015/ComfyUI/.ce/.pixi/envs/depthanythingv3-nodes/lib/python3.10/site-packages/torch/nn/modules/module.py", line 1779 in _wrapped_call_impl
  [ComfyUI]   File "/workspaces/DepthAnythingV3-0015/ComfyUI/custom_nodes/ComfyUI-DepthAnythingV3/nodes/depth_anything_v3/model.py", line 1591 in _process_depth_head
  [ComfyUI]   File "/workspaces/DepthAnythingV3-0015/ComfyUI/custom_nodes/ComfyUI-DepthAnythingV3/nodes/depth_anything_v3/model.py", line 1577 in forward
  [ComfyUI]   File "/workspaces/DepthAnythingV3-0015/ComfyUI/.ce/.pixi/envs/depthanythingv3-nodes/lib/python3.10/site-packages/torch/nn/modules/module.py", line 1790 in _call_impl
  [ComfyUI]   File "/workspaces/DepthAnythingV3-0015/ComfyUI/.ce/.pixi/envs/depthanythingv3-nodes/lib/python3.10/site-packages/torch/nn/modules/module.py", line 1779 in _wrapped_call_impl
  [ComfyUI]   File "/workspaces/DepthAnythingV3-0015/ComfyUI/custom_nodes/ComfyUI-DepthAnythingV3/nodes/streaming/pipeline.py", line 330 in _process_chunk
  [ComfyUI]   File "/workspaces/DepthAnythingV3-0015/ComfyUI/custom_nodes/ComfyUI-DepthAnythingV3/nodes/streaming/pipeline.py", line 277 in run
  [ComfyUI]   File "/workspaces/DepthAnythingV3-0015/ComfyUI/custom_nodes/ComfyUI-DepthAnythingV3/nodes/streaming/node.py", line 249 in execute
  [ComfyUI]   File "/workspaces/DepthAnythingV3-0015/ComfyUI/comfy_api/latest/_io.py", line 1826 in EXECUTE_NORMALIZED
  [ComfyUI]   File "/tmp/comfyui_pvenv_627q83_3/persistent_worker.py", line 1749 in main
  [ComfyUI]   File "/tmp/comfyui_pvenv_627q83_3/persistent_worker.py", line 1794 in <module>
  [ComfyUI] 
  [ComfyUI] [worker:ComfyUI-DepthAnythingV3] === END ===
  [ComfyUI] 
  [capture-loop] iter=550 t=62.3s state={'complete': False, 'error': None, 'executedCount': 0, 'wsState': 1} eval_ms=2
  [ComfyUI] [worker:ComfyUI-DepthAnythingV3] [VRAM] +206MB (now 4463MB) reserved=5440MB peak=4713MB
  [ComfyUI] [worker:ComfyUI-DepthAnythingV3] [VRAM] -2947MB (now 1517MB) reserved=7264MB peak=4713MB
  [ComfyUI] [SubprocessWorker] callback 'report_progress' from call_id=30
  [ComfyUI] [worker:ComfyUI-DepthAnythingV3] [VRAM] +943MB (now 2460MB) reserved=3968MB peak=4713MB
  Frame 14 saved (frame_013.jpg, t=65.6s)
  [capture-periodic] freeze=2ms shot=150ms unfreeze=7ms saved=True
  [ComfyUI] [worker:ComfyUI-DepthAnythingV3] [VRAM] +350MB (now 2811MB) reserved=4160MB peak=4713MB
  [ComfyUI] [worker:ComfyUI-DepthAnythingV3] [VRAM] +350MB (now 3161MB) reserved=4832MB peak=4713MB
  [capture-loop] iter=600 t=67.9s state={'complete': False, 'error': None, 'executedCount': 0, 'wsState': 1} eval_ms=2
  Frame 15 saved (frame_014.jpg, t=67.9s)
  [capture-periodic] freeze=1ms shot=223ms unfreeze=8ms saved=True
  [ComfyUI] [worker:ComfyUI-DepthAnythingV3] [VRAM] +350MB (now 3512MB) reserved=4928MB peak=4713MB
  [ComfyUI] [worker:ComfyUI-DepthAnythingV3] [VRAM] +744MB (now 4257MB) reserved=4544MB peak=4713MB
  [ComfyUI] [worker:ComfyUI-DepthAnythingV3] [VRAM] +206MB (now 4463MB) reserved=5440MB peak=4713MB
  [capture-loop] iter=650 t=73.8s state={'complete': False, 'error': None, 'executedCount': 0, 'wsState': 1} eval_ms=2
  [ComfyUI] [worker:ComfyUI-DepthAnythingV3] [VRAM] -2947MB (now 1517MB) reserved=7264MB peak=4713MB
  [ComfyUI] [SubprocessWorker] callback 'report_progress' from call_id=30
  Frame 16 saved (frame_015.jpg, t=74.8s)
  [capture-periodic] freeze=1ms shot=167ms unfreeze=7ms saved=True
  [ComfyUI] [worker:ComfyUI-DepthAnythingV3] [VRAM] +948MB (now 2465MB) reserved=3520MB peak=4713MB
  [ComfyUI] [worker:ComfyUI-DepthAnythingV3] [VRAM] +520MB (now 2986MB) reserved=4160MB peak=4713MB
  [ComfyUI] [worker:ComfyUI-DepthAnythingV3] [VRAM] +350MB (now 3337MB) reserved=4576MB peak=4713MB
  Frame 17 saved (frame_016.jpg, t=77.1s)
  [capture-periodic] freeze=2ms shot=161ms unfreeze=7ms saved=True
  [ComfyUI] [worker:ComfyUI-DepthAnythingV3] [VRAM] +350MB (now 3688MB) reserved=4928MB peak=4713MB
  [capture-loop] iter=700 t=79.4s state={'complete': False, 'error': None, 'executedCount': 0, 'wsState': 1} eval_ms=2
  [ComfyUI] [worker:ComfyUI-DepthAnythingV3] [VRAM] +568MB (now 4257MB) reserved=4544MB peak=4713MB
  [ComfyUI] [worker:ComfyUI-DepthAnythingV3] [VRAM] +206MB (now 4463MB) reserved=5440MB peak=4713MB
  [ComfyUI] [worker:ComfyUI-DepthAnythingV3] [VRAM] -2947MB (now 1517MB) reserved=7264MB peak=4713MB
  [ComfyUI] [SubprocessWorker] callback 'report_progress' from call_id=30
  [capture-loop] iter=750 t=85.1s state={'complete': False, 'error': None, 'executedCount': 0, 'wsState': 1} eval_ms=2
  [ComfyUI] [worker:ComfyUI-DepthAnythingV3] [VRAM] +499MB (now 2016MB) reserved=3200MB peak=4713MB
  [ComfyUI] [worker:ComfyUI-DepthAnythingV3] [VRAM] +584MB (now 2601MB) reserved=4000MB peak=4713MB
  Frame 18 saved (frame_017.jpg, t=86.1s)
  [capture-periodic] freeze=1ms shot=148ms unfreeze=6ms saved=True
  [ComfyUI] [worker:ComfyUI-DepthAnythingV3] [VRAM] +686MB (now 3287MB) reserved=3552MB peak=4713MB
  Frame 19 saved (frame_018.jpg, t=88.4s)
  [capture-periodic] freeze=1ms shot=160ms unfreeze=7ms saved=True
  [ComfyUI] [worker:ComfyUI-DepthAnythingV3] [VRAM] -1901MB (now 1387MB) reserved=5504MB peak=4713MB
  [ComfyUI] [SubprocessWorker] callback 'report_progress' from call_id=30
  [capture-loop] iter=800 t=90.7s state={'complete': False, 'error': None, 'executedCount': 0, 'wsState': 1} eval_ms=3
  Frame 20 saved (frame_019.jpg, t=90.7s)
  [capture-periodic] freeze=2ms shot=116ms unfreeze=10ms saved=True
  [ComfyUI] [worker:ComfyUI-DepthAnythingV3] [VRAM] -259MB (now 1128MB) reserved=1216MB peak=4713MB
  [ComfyUI] [worker:ComfyUI-DepthAnythingV3] [VRAM] +214MB (now 1343MB) reserved=1408MB peak=4713MB
  Frame 21 saved (frame_020.jpg, t=93.0s)
  [capture-periodic] freeze=1ms shot=146ms unfreeze=8ms saved=True
  [ComfyUI] [worker:ComfyUI-DepthAnythingV3] [VRAM] -215MB (now 1128MB) reserved=1664MB peak=4713MB
  [ComfyUI] [SubprocessWorker] callback 'report_progress' from call_id=30
  Frame 22 saved (frame_021.jpg, t=95.3s)
  [capture-periodic] freeze=2ms shot=140ms unfreeze=8ms saved=True
  [ComfyUI] [worker:ComfyUI-DepthAnythingV3] [VRAM] +221MB (now 1349MB) reserved=1728MB peak=4713MB
  [capture-loop] iter=850 t=96.5s state={'complete': False, 'error': None, 'executedCount': 0, 'wsState': 1} eval_ms=2
  [ComfyUI] [worker:ComfyUI-DepthAnythingV3] [VRAM] -222MB (now 1128MB) reserved=1728MB peak=4713MB
  [ComfyUI] [SubprocessWorker] callback 'report_progress' from call_id=30
  Frame 23 saved (frame_022.jpg, t=97.6s)
  [capture-periodic] freeze=2ms shot=123ms unfreeze=8ms saved=True
  [ComfyUI] [worker:ComfyUI-DepthAnythingV3] [VRAM] +207MB (now 1336MB) reserved=1728MB peak=4713MB
  [ComfyUI] [SubprocessWorker] callback 'report_progress' from call_id=30
  [ComfyUI] [worker:ComfyUI-DepthAnythingV3] [VRAM] -208MB (now 1128MB) reserved=1728MB peak=4713MB
  Frame 24 saved (frame_023.jpg, t=99.8s)
  [capture-periodic] freeze=1ms shot=158ms unfreeze=13ms saved=True
  [ComfyUI] [SubprocessWorker] callback 'report_progress' from call_id=30
  [ComfyUI] [worker:ComfyUI-DepthAnythingV3] [VRAM] +318MB (now 1446MB) reserved=1728MB peak=4713MB
  [ComfyUI] [SubprocessWorker] callback 'report_progress' from call_id=30
  [capture-loop] iter=900 t=102.1s state={'complete': False, 'error': None, 'executedCount': 0, 'wsState': 1} eval_ms=2
  [ComfyUI] [worker:ComfyUI-DepthAnythingV3] [VRAM] -319MB (now 1128MB) reserved=1728MB peak=4713MB
  Frame 25 saved (frame_024.jpg, t=102.1s)
  [capture-periodic] freeze=6ms shot=142ms unfreeze=9ms saved=True
  [ComfyUI] [SubprocessWorker] callback 'report_progress' from call_id=30
  [ComfyUI] [worker:ComfyUI-DepthAnythingV3] [VRAM] +234MB (now 1362MB) reserved=1728MB peak=4713MB
  Frame 26 saved (frame_025.jpg, t=104.4s)
  [capture-periodic] freeze=1ms shot=162ms unfreeze=10ms saved=True
  [ComfyUI] [SubprocessWorker] callback 'report_progress' from call_id=30
  [ComfyUI] [worker:ComfyUI-DepthAnythingV3] WARNING: faiss not installed, skipping loop closure. pip install faiss-cpu
  [ComfyUI] [worker:ComfyUI-DepthAnythingV3] [VRAM] -235MB (now 1128MB) reserved=1728MB peak=4713MB
  Frame 27 saved (frame_026.jpg, t=106.7s)
  [capture-periodic] freeze=2ms shot=157ms unfreeze=7ms saved=True
  [capture-loop] iter=950 t=108.0s state={'complete': False, 'error': None, 'executedCount': 0, 'wsState': 1} eval_ms=2
  Frame 28 saved (frame_027.jpg, t=109.0s)
  [capture-periodic] freeze=2ms shot=160ms unfreeze=9ms saved=True
  [ComfyUI] [SubprocessWorker] callback 'report_progress' from call_id=30
  Frame 29 saved (frame_028.jpg, t=111.3s)
  [capture-periodic] freeze=2ms shot=164ms unfreeze=8ms saved=True
  [capture-loop] iter=1000 t=113.6s state={'complete': False, 'error': None, 'executedCount': 0, 'wsState': 1} eval_ms=2
  Frame 30 saved (frame_029.jpg, t=113.6s)
  [capture-periodic] freeze=2ms shot=159ms unfreeze=7ms saved=True
  [capture-loop] iter=1050 t=119.3s state={'complete': False, 'error': None, 'executedCount': 0, 'wsState': 1} eval_ms=2
  [ComfyUI] [worker:ComfyUI-DepthAnythingV3]
  [ComfyUI] === WATCHDOG TICK 2 ===
  [ComfyUI] [worker:ComfyUI-DepthAnythingV3] Thread 0x000074748b669640 (most recent call first):
  [ComfyUI]   File "/workspaces/DepthAnythingV3-0015/ComfyUI/.ce/.pixi/envs/depthanythingv3-nodes/lib/python3.10/threading.py", line 324 in wait
  [ComfyUI]   File "/workspaces/DepthAnythingV3-0015/ComfyUI/.ce/.pixi/envs/depthanythingv3-nodes/lib/python3.10/threading.py", line 607 in wait
  [ComfyUI]   File "/workspaces/DepthAnythingV3-0015/ComfyUI/.ce/.pixi/envs/depthanythingv3-nodes/lib/python3.10/site-packages/tqdm/_monitor.py", line 60 in run
  [ComfyUI]   File "/workspaces/DepthAnythingV3-0015/ComfyUI/.ce/.pixi/envs/depthanythingv3-nodes/lib/python3.10/threading.py", line 1016 in _bootstrap_inner
  [ComfyUI]   File "/workspaces/DepthAnythingV3-0015/ComfyUI/.ce/.pixi/envs/depthanythingv3-nodes/lib/python3.10/threading.py", line 973 in _bootstrap
  [ComfyUI] 
  [ComfyUI] Thread 0x000074782db5f640 (most recent call first):
  [ComfyUI]   File "/tmp/comfyui_pvenv_627q83_3/persistent_worker.py", line 106 in _vram_poller
  [ComfyUI]   File "/workspaces/DepthAnythingV3-0015/ComfyUI/.ce/.pixi/envs/depthanythingv3-nodes/lib/python3.10/threading.py", line 953 in run
  [ComfyUI]   File "/workspaces/DepthAnythingV3-0015/ComfyUI/.ce/.pixi/envs/depthanythingv3-nodes/lib/python3.10/threading.py", line 1016 in _bootstrap_inner
  [ComfyUI]   File "/workspaces/DepthAnythingV3-0015/ComfyUI/.ce/.pixi/envs/depthanythingv3-nodes/lib/python3.10/threading.py", line 973 in _bootstrap
  [ComfyUI] 
  [ComfyUI] Current thread 0x000074782e360640 (most recent call first):
  [ComfyUI]   File "/tmp/comfyui_pvenv_627q83_3/persistent_worker.py", line 52 in _watchdog
  [ComfyUI]   File "/workspaces/DepthAnythingV3-0015/ComfyUI/.ce/.pixi/envs/depthanythingv3-nodes/lib/python3.10/threading.py", line 953 in run
  [ComfyUI]   File "/workspaces/DepthAnythingV3-0015/ComfyUI/.ce/.pixi/envs/depthanythingv3-nodes/lib/python3.10/threading.py", line 1016 in _bootstrap_inner
  [ComfyUI]   File "/workspaces/DepthAnythingV3-0015/ComfyUI/.ce/.pixi/envs/depthanythingv3-nodes/lib/python3.10/threading.py", line 973 in _bootstrap
  [ComfyUI] 
  [ComfyUI] Thread 0x000074782e936740 (most recent call first):
  [ComfyUI]   File "/workspaces/DepthAnythingV3-0015/ComfyUI/.ce/.pixi/envs/depthanythingv3-nodes/lib/python3.10/zipfile.py", line 1158 in write
  [ComfyUI]   File "/workspaces/DepthAnythingV3-0015/ComfyUI/.ce/.pixi/envs/depthanythingv3-nodes/lib/python3.10/site-packages/numpy/lib/format.py", line 759 in write_array
  [ComfyUI]   File "/workspaces/DepthAnythingV3-0015/ComfyUI/.ce/.pixi/envs/depthanythingv3-nodes/lib/python3.10/site-packages/numpy/lib/_npyio_impl.py", line 796 in _savez
  [ComfyUI]   File "/workspaces/DepthAnythingV3-0015/ComfyUI/.ce/.pixi/envs/depthanythingv3-nodes/lib/python3.10/site-packages/numpy/lib/_npyio_impl.py", line 763 in savez_compressed
  [ComfyUI]   File "/workspaces/DepthAnythingV3-0015/ComfyUI/custom_nodes/ComfyUI-DepthAnythingV3/nodes/streaming/node.py", line 271 in execute
  [ComfyUI]   File "/workspaces/DepthAnythingV3-0015/ComfyUI/comfy_api/latest/_io.py", line 1826 in EXECUTE_NORMALIZED
  [ComfyUI]   File "/tmp/comfyui_pvenv_627q83_3/persistent_worker.py", line 1749 in main
  [ComfyUI]   File "/tmp/comfyui_pvenv_627q83_3/persistent_worker.py", line 1794 in <module>
  [ComfyUI] 
  [ComfyUI] [worker:ComfyUI-DepthAnythingV3] === END ===
  [ComfyUI] 
  [capture-loop] iter=1100 t=124.8s state={'complete': False, 'error': None, 'executedCount': 0, 'wsState': 1} eval_ms=2
  [capture-loop] iter=1150 t=130.4s state={'complete': False, 'error': None, 'executedCount': 0, 'wsState': 1} eval_ms=2
  [capture-loop] iter=1200 t=135.9s state={'complete': False, 'error': None, 'executedCount': 0, 'wsState': 1} eval_ms=2
  [capture-loop] iter=1250 t=141.6s state={'complete': False, 'error': None, 'executedCount': 0, 'wsState': 1} eval_ms=2
  [capture-loop] iter=1300 t=147.0s state={'complete': False, 'error': None, 'executedCount': 0, 'wsState': 1} eval_ms=2
  [ComfyUI] [SubprocessWorker] got response: ok
  [ComfyUI] [comfy-env] Created 2 model patchers: ['DepthAnything3Net_1', 'VPRModel_2']
  [ComfyUI] [comfy-env] DepthAnythingV3_Streaming done (143.70s): result: NodeOutput
  [ComfyUI] [VRAM] After DepthAnythingV3_Streaming: 2170 / 7703 MB
  [ComfyUI] [VRAM] Loaded: SubprocessModel (335 MB), SubprocessModel (783 MB)
  Frame 31 saved (frame_030.jpg, t=151.5s)
  [capture-periodic] freeze=9ms shot=122ms unfreeze=11ms saved=True
  [capture-loop] iter=1350 t=152.7s state={'complete': False, 'error': None, 'executedCount': 0, 'wsState': 1} eval_ms=3
  [ComfyUI] Prompt executed in 153.06 seconds
  Node executed (1 total), capturing...
  Frame 32 saved (frame_031.jpg, t=153.5s)
  [capture-node] freeze=2ms shot=131ms unfreeze=2ms saved=True
  Execution complete (t=153.8s)
  Captured 32 unique frames over 153.8s
  [debug] iframes: 0
  [timing] trigger_3d_previews: 0.0s
  Saved high-quality screenshot: da3_streaming_executed.png
  [timing] final_screenshot: 0.9s
    Captured 33 video frames