Capturing execution frames: video_multiview_depth.json
  [Console-error] Failed to load resource: the server responded with a status of 404 (Not Found)
  [Console-error] Failed to load resource: the server responded with a status of 404 (Not Found)
  [Console-error] Failed to load resource: the server responded with a status of 404 (Not Found)
  [Console-error] Failed to load resource: the server responded with a status of 404 (Not Found)
  [Console-error] Failed to load resource: the server responded with a status of 404 (Not Found)
  [Console-error] Failed to load resource: the server responded with a status of 404 (Not Found)
  [Console-warning] Extension KJNodes.browserstatus is disabled.
  [Console-warning] WARNING: Multiple instances of Three.js being imported.
  [Console-error] [vite:preloadError] Error: Extension named 'Comfy.DynamicWidgets' already registered.
    at Proxy.registerExtension (http://127.0.0.1:8388/assets/PanelTemplate-BUPnglF3.js:1:7530)
    at Proxy.wrappedAction (http://127.0.0.1:8388/assets/vendor-vue-BAQ5VIVR.js:1:4647)
    at Object.registerExtension (http://127.0.0.1:8388/assets/dialogService-Cr3DyAja.js:3:110199)
    at ComfyApp.registerExtension (http://127.0.0.1:8388/assets/dialogService-Cr3DyAja.js:192:20543)
    at http://127.0.0.1:8388/extensions/ComfyUI-DepthAnythingV3/js/dynamic_widgets.js:125:5
  [Console-error] [vite:preloadError] Error: Extension named 'comfy3d.pointcloud.vtk' already registered.
    at Proxy.registerExtension (http://127.0.0.1:8388/assets/PanelTemplate-BUPnglF3.js:1:7530)
    at Proxy.wrappedAction (http://127.0.0.1:8388/assets/vendor-vue-BAQ5VIVR.js:1:4647)
    at Object.registerExtension (http://127.0.0.1:8388/assets/dialogService-Cr3DyAja.js:3:110199)
    at ComfyApp.registerExtension (http://127.0.0.1:8388/assets/dialogService-Cr3DyAja.js:192:20543)
    at http://127.0.0.1:8388/extensions/ComfyUI-DepthAnythingV3/js/pointcloud_preview_vtk.js:13:5
  [Console-warning] [ComfyUI Deprecated] Importing from "scripts/ui.js" is deprecated and will be removed in v1.34.
  [Console-warning] [ComfyUI Notice] "extensions/core/widgetInputs.js" is an internal module, not part of the public API. Future updates may break this import.
  [Console-warning] [ComfyUI Notice] "scripts/utils.js" is an internal module, not part of the public API. Future updates may break this import.
  [Console-warning] [MaskEditor] ComfyApp.open_maskeditor is deprecated. Plugins should migrate to using the command system or direct node context menu integration.
  [Console-error] Failed to load resource: the server responded with a status of 404 (Not Found)
  [Console-warning] [ComfyUI Deprecated] Importing from "scripts/ui/components/buttonGroup.js" is deprecated and will be removed in v1.34.
  [Console-warning] [ComfyUI Deprecated] Importing from "scripts/ui/components/button.js" is deprecated and will be removed in v1.34.
  Frame 1 saved (frame_000.jpg, t=0.0s)
  Validating workflow...
  Queuing workflow for execution...
  Frame 2 saved (frame_001.jpg, t=52.3s)
  [capture-periodic] freeze=56ms shot=19197ms unfreeze=54ms saved=True
  Node executed (1 total), capturing...
  [capture-node] freeze=63ms shot=10480ms unfreeze=58ms saved=False
  [capture-loop] iter=50 t=97.7s state={'complete': False, 'error': None, 'executedCount': 1, 'wsState': 1} eval_ms=57
  [capture-loop] iter=100 t=116.1s state={'complete': False, 'error': None, 'executedCount': 1, 'wsState': 1} eval_ms=70
  [capture-loop] iter=150 t=135.3s state={'complete': False, 'error': None, 'executedCount': 1, 'wsState': 1} eval_ms=66
  [capture-loop] iter=200 t=154.4s state={'complete': False, 'error': None, 'executedCount': 1, 'wsState': 1} eval_ms=50
  [capture-loop] iter=250 t=173.0s state={'complete': False, 'error': None, 'executedCount': 1, 'wsState': 1} eval_ms=40
  [capture-loop] iter=300 t=191.6s state={'complete': False, 'error': None, 'executedCount': 1, 'wsState': 1} eval_ms=50
  [capture-loop] iter=350 t=210.3s state={'complete': False, 'error': None, 'executedCount': 1, 'wsState': 1} eval_ms=33
  [capture-loop] iter=400 t=232.8s state={'complete': False, 'error': None, 'executedCount': 1, 'wsState': 1} eval_ms=61
  Frame 3 saved (frame_002.jpg, t=239.3s)
  [capture-periodic] freeze=59ms shot=21133ms unfreeze=55ms saved=True
  Frame 4 saved (frame_003.jpg, t=268.2s)
  [capture-periodic] freeze=56ms shot=13029ms unfreeze=281ms saved=True
  Node executed (2 total), capturing...
  Frame 5 saved (frame_004.jpg, t=282.2s)
  [capture-node] freeze=41ms shot=32916ms unfreeze=64ms saved=True
  Node executed (3 total), capturing...
  Frame 6 saved (frame_005.jpg, t=316.0s)
  [capture-node] freeze=78ms shot=6530ms unfreeze=0ms saved=True
  Execution complete (t=316.0s)
  Captured 6 unique frames over 323.02s
  [debug] iframes: 0
  [timing] trigger_3d_previews: 0.0s
  Saved high-quality screenshot: video_multiview_depth_executed.png
  [timing] final_screenshot: 31.5s
    Captured 7 video frames