[00:00] Crash dump logging enabled: /Users/runner/work/comfy-gpu-ci/comfy-gpu-ci/comfy-test-logs/DepthAnythingV3-2329/macos-cpu/crash_dump.log
[00:00] 
[00:00] [1/3] REGISTRATION
[00:00] ----------------------------------------
[00:00] 
[DEBUG] server=None, server_url=http://127.0.0.1:8188, api=None
[00:00] 
Connecting to existing server at http://127.0.0.1:8188...
[00:00] Connecting to existing server at http://127.0.0.1:8188...
[00:00] Connected to server! (attempt 1, 0.0s)
[00:00] Checking for import errors in server logs...
[00:00] No import errors detected
[00:00] Found 1103 registered nodes
[00:00] [REGISTRATION] PASSED
[00:00] 
[00:00] [2/3] INSTANTIATION
[00:00] ----------------------------------------
[00:00] 
[DEBUG] server=<comfy_test.comfyui.server.ExternalComfyUIServer object at 0x104b50c20>, server_url=http://127.0.0.1:8188, api=<comfy_test.comfyui.api.ComfyUIAPI object at 0x104b50d70>
[00:00] Testing node constructors...
[00:01] All 15 node(s) instantiated successfully!
[00:01] [INSTANTIATION] PASSED
[00:01] 
[00:01] [3/3] EXECUTION
[00:01] ----------------------------------------
[00:01] 
[DEBUG] server=<comfy_test.comfyui.server.ExternalComfyUIServer object at 0x104b50c20>, server_url=http://127.0.0.1:8188, api=<comfy_test.comfyui.api.ComfyUIAPI object at 0x104b50d70>
[00:01] CPU runner - will execute 4 workflow(s)
[00:01] Running 7 workflow(s) (all with videos)...
[00:01] Starting headless browser...
[00:02]   No GPU, no Mesa — using SwiftShader software rendering
[00:03] Capturing execution frames: advanced.json
[00:10]   Frame 1 saved (frame_000.jpg, t=0.0s)
[00:10]   Validating workflow...
[00:10]   Queuing workflow for execution...
[00:13]   Frame 2 saved (frame_001.jpg, t=2.3s)
[00:13]   [capture-periodic] freeze=5ms shot=125ms unfreeze=15ms saved=True
[00:15]   Frame 3 saved (frame_002.jpg, t=4.6s)
[00:15]   [capture-periodic] freeze=4ms shot=172ms unfreeze=4ms saved=True
[00:16]   [capture-loop] iter=50 t=6.1s state={'complete': False, 'error': None, 'executedCount': 0, 'wsState': 1} eval_ms=3
[00:17]   Frame 4 saved (frame_003.jpg, t=6.9s)
[00:17]   [capture-periodic] freeze=2ms shot=142ms unfreeze=19ms saved=True
[00:23]   [capture-loop] iter=100 t=13.2s state={'complete': False, 'error': None, 'executedCount': 0, 'wsState': 1} eval_ms=6
[00:31]   [capture-loop] iter=150 t=21.5s state={'complete': False, 'error': None, 'executedCount': 0, 'wsState': 1} eval_ms=5
[00:32]   Frame 5 saved (frame_004.jpg, t=22.0s)
[00:32]   [capture-periodic] freeze=4ms shot=139ms unfreeze=5ms saved=True
[00:35]   Frame 6 saved (frame_005.jpg, t=24.3s)
[00:35]   [capture-periodic] freeze=12ms shot=176ms unfreeze=3ms saved=True
[00:38]   [capture-loop] iter=200 t=27.7s state={'complete': False, 'error': None, 'executedCount': 0, 'wsState': 1} eval_ms=20
[00:44]   [capture-loop] iter=250 t=34.3s state={'complete': False, 'error': None, 'executedCount': 0, 'wsState': 1} eval_ms=11
[00:51]   [capture-loop] iter=300 t=40.9s state={'complete': False, 'error': None, 'executedCount': 0, 'wsState': 1} eval_ms=3
[00:58]   [capture-loop] iter=350 t=47.5s state={'complete': False, 'error': None, 'executedCount': 0, 'wsState': 1} eval_ms=7
[01:04]   [capture-loop] iter=400 t=54.2s state={'complete': False, 'error': None, 'executedCount': 0, 'wsState': 1} eval_ms=5
[01:11]   [capture-loop] iter=450 t=61.2s state={'complete': False, 'error': None, 'executedCount': 0, 'wsState': 1} eval_ms=23
[01:18]   [capture-loop] iter=500 t=67.8s state={'complete': False, 'error': None, 'executedCount': 0, 'wsState': 1} eval_ms=14
[01:25]   [capture-loop] iter=550 t=74.9s state={'complete': False, 'error': None, 'executedCount': 0, 'wsState': 1} eval_ms=3
[01:32]   [capture-loop] iter=600 t=81.7s state={'complete': False, 'error': None, 'executedCount': 0, 'wsState': 1} eval_ms=5
[01:39]   [capture-loop] iter=650 t=89.3s state={'complete': False, 'error': None, 'executedCount': 0, 'wsState': 1} eval_ms=27
[01:51]   [capture-loop] iter=700 t=100.8s state={'complete': False, 'error': None, 'executedCount': 0, 'wsState': 1} eval_ms=4
[02:01]   [capture-loop] iter=750 t=111.0s state={'complete': False, 'error': None, 'executedCount': 0, 'wsState': 1} eval_ms=4
[02:12]   [capture-loop] iter=800 t=122.2s state={'complete': False, 'error': None, 'executedCount': 0, 'wsState': 1} eval_ms=16
[02:17]   Frame 7 saved (frame_006.jpg, t=126.5s)
[02:17]   [capture-periodic] freeze=98ms shot=420ms unfreeze=20ms saved=True
[02:17]   Node executed (8 total), capturing...
[02:18]   Frame 8 saved (frame_007.jpg, t=127.4s)
[02:18]   [capture-node] freeze=7ms shot=216ms unfreeze=0ms saved=True
[02:18]   Execution complete (t=127.4s)
[02:18]   Captured 8 unique frames over 127.64s
[02:18]   [debug] iframes: 0
[02:18]   [timing] trigger_3d_previews: 0.0s
[02:21]   Saved high-quality screenshot: advanced_executed.png
[02:21]   [timing] final_screenshot: 1.0s
[02:21] Capturing execution frames: advanced_3d.json
[02:28]   Frame 1 saved (frame_000.jpg, t=0.0s)
[02:28]   Validating workflow...
[02:28]   Queuing workflow for execution...
[02:31]   Frame 2 saved (frame_001.jpg, t=2.4s)
[02:31]   [capture-periodic] freeze=7ms shot=229ms unfreeze=3ms saved=True
[02:33]   Frame 3 saved (frame_002.jpg, t=4.8s)
[02:33]   [capture-periodic] freeze=3ms shot=160ms unfreeze=3ms saved=True
[02:35]   [capture-loop] iter=50 t=6.6s state={'complete': False, 'error': None, 'executedCount': 0, 'wsState': 1} eval_ms=7
[02:35]   Frame 4 saved (frame_003.jpg, t=7.0s)
[02:35]   [capture-periodic] freeze=4ms shot=131ms unfreeze=4ms saved=True
[02:41]   [capture-loop] iter=100 t=13.2s state={'complete': False, 'error': None, 'executedCount': 0, 'wsState': 1} eval_ms=11
[02:48]   [capture-loop] iter=150 t=19.6s state={'complete': False, 'error': None, 'executedCount': 0, 'wsState': 1} eval_ms=7
[02:54]   [capture-loop] iter=200 t=26.2s state={'complete': False, 'error': None, 'executedCount': 0, 'wsState': 1} eval_ms=34
[03:01]   [capture-loop] iter=250 t=33.0s state={'complete': False, 'error': None, 'executedCount': 0, 'wsState': 1} eval_ms=11
[03:13]   [capture-loop] iter=300 t=44.8s state={'complete': False, 'error': None, 'executedCount': 0, 'wsState': 1} eval_ms=4
[03:14]   Frame 5 saved (frame_004.jpg, t=45.9s)
[03:14]   [capture-periodic] freeze=5ms shot=228ms unfreeze=11ms saved=True
[03:16]   Node executed (2 total), capturing...
[03:16]   Frame 6 saved (frame_005.jpg, t=48.0s)
[03:16]   [capture-node] freeze=5ms shot=253ms unfreeze=0ms saved=True
[03:16]   Execution complete (t=48.0s)
[03:16]   Captured 6 unique frames over 48.34s
[03:16]   [debug] iframes: 1
[03:16]   [debug]   iframe[0]: src=http://127.0.0.1:8188/extensions/ComfyUI-DepthAnythingV3/viewer_vtk.html?v=17776, canvas=486x430, rafFrozen=True
[03:16]   [timing] trigger_3d_previews: 0.0s
[03:20]   Saved high-quality screenshot: advanced_3d_executed.png
[03:20]   [timing] final_screenshot: 1.9s
[03:21] Capturing execution frames: advanced_3d_multiview.json
[03:27]   Frame 1 saved (frame_000.jpg, t=0.0s)
[03:27]   Validating workflow...
[03:27]   Queuing workflow for execution...
[03:27]   Node executed (1 total), capturing...
[03:28]   Frame 2 saved (frame_001.jpg, t=0.6s)
[03:28]   [capture-node] freeze=18ms shot=243ms unfreeze=10ms saved=True
[03:30]   Frame 3 saved (frame_002.jpg, t=3.0s)
[03:30]   [capture-periodic] freeze=9ms shot=179ms unfreeze=3ms saved=True
[03:33]   Frame 4 saved (frame_003.jpg, t=5.4s)
[03:33]   [capture-periodic] freeze=3ms shot=150ms unfreeze=19ms saved=True
[03:34]   [capture-loop] iter=50 t=7.0s state={'complete': False, 'error': None, 'executedCount': 1, 'wsState': 1} eval_ms=2
[03:35]   Frame 5 saved (frame_004.jpg, t=7.7s)
[03:35]   [capture-periodic] freeze=2ms shot=153ms unfreeze=13ms saved=True
[03:40]   [capture-loop] iter=100 t=13.4s state={'complete': False, 'error': None, 'executedCount': 1, 'wsState': 1} eval_ms=3
[03:47]   [capture-loop] iter=150 t=19.8s state={'complete': False, 'error': None, 'executedCount': 1, 'wsState': 1} eval_ms=2
[03:53]   [capture-loop] iter=200 t=26.1s state={'complete': False, 'error': None, 'executedCount': 1, 'wsState': 1} eval_ms=26
[04:00]   [capture-loop] iter=250 t=32.6s state={'complete': False, 'error': None, 'executedCount': 1, 'wsState': 1} eval_ms=2
[04:06]   [capture-loop] iter=300 t=38.8s state={'complete': False, 'error': None, 'executedCount': 1, 'wsState': 1} eval_ms=2
[04:12]   [capture-loop] iter=350 t=45.1s state={'complete': False, 'error': None, 'executedCount': 1, 'wsState': 1} eval_ms=31
[04:18]   [capture-loop] iter=400 t=51.5s state={'complete': False, 'error': None, 'executedCount': 1, 'wsState': 1} eval_ms=7
[04:25]   [capture-loop] iter=450 t=57.9s state={'complete': False, 'error': None, 'executedCount': 1, 'wsState': 1} eval_ms=31
[04:34]   [capture-loop] iter=500 t=66.8s state={'complete': False, 'error': None, 'executedCount': 1, 'wsState': 1} eval_ms=21
[04:49]   [capture-loop] iter=550 t=82.2s state={'complete': False, 'error': None, 'executedCount': 1, 'wsState': 1} eval_ms=7
[05:00]   [capture-loop] iter=600 t=92.7s state={'complete': False, 'error': None, 'executedCount': 1, 'wsState': 1} eval_ms=11
[05:13]   [capture-loop] iter=650 t=106.2s state={'complete': False, 'error': None, 'executedCount': 1, 'wsState': 1} eval_ms=43
[05:21]   [capture-loop] iter=700 t=113.9s state={'complete': False, 'error': None, 'executedCount': 1, 'wsState': 1} eval_ms=5
[05:27]   [capture-loop] iter=750 t=120.4s state={'complete': False, 'error': None, 'executedCount': 1, 'wsState': 1} eval_ms=2
[05:34]   [capture-loop] iter=800 t=126.8s state={'complete': False, 'error': None, 'executedCount': 1, 'wsState': 1} eval_ms=5
[05:40]   [capture-loop] iter=850 t=133.2s state={'complete': False, 'error': None, 'executedCount': 1, 'wsState': 1} eval_ms=3
[05:47]   [capture-loop] iter=900 t=139.7s state={'complete': False, 'error': None, 'executedCount': 1, 'wsState': 1} eval_ms=3
[05:54]   [capture-loop] iter=950 t=146.8s state={'complete': False, 'error': None, 'executedCount': 1, 'wsState': 1} eval_ms=5
[06:00]   [capture-loop] iter=1000 t=153.3s state={'complete': False, 'error': None, 'executedCount': 1, 'wsState': 1} eval_ms=9
[06:07]   [capture-loop] iter=1050 t=160.2s state={'complete': False, 'error': None, 'executedCount': 1, 'wsState': 1} eval_ms=3
[06:15]   [capture-loop] iter=1100 t=167.8s state={'complete': False, 'error': None, 'executedCount': 1, 'wsState': 1} eval_ms=37
[06:22]   [capture-loop] iter=1150 t=174.9s state={'complete': False, 'error': None, 'executedCount': 1, 'wsState': 1} eval_ms=3
[06:29]   [capture-loop] iter=1200 t=181.6s state={'complete': False, 'error': None, 'executedCount': 1, 'wsState': 1} eval_ms=5
[06:36]   [capture-loop] iter=1250 t=188.7s state={'complete': False, 'error': None, 'executedCount': 1, 'wsState': 1} eval_ms=67
[06:42]   Frame 6 saved (frame_005.jpg, t=188.7s)
[06:42]   [capture-periodic] freeze=621ms shot=4722ms unfreeze=157ms saved=True
[06:44]   Frame 7 saved (frame_006.jpg, t=196.8s)
[06:44]   [capture-periodic] freeze=11ms shot=552ms unfreeze=20ms saved=True
[06:52]   [capture-loop] iter=1300 t=204.7s state={'complete': False, 'error': None, 'executedCount': 1, 'wsState': 1} eval_ms=3
[06:59]   [capture-loop] iter=1350 t=212.0s state={'complete': False, 'error': None, 'executedCount': 1, 'wsState': 1} eval_ms=13
[07:10]   [capture-loop] iter=1400 t=223.5s state={'complete': False, 'error': None, 'executedCount': 1, 'wsState': 1} eval_ms=44
[07:16]   Node executed (2 total), capturing...
[07:16]   Frame 8 saved (frame_007.jpg, t=228.8s)
[07:16]   [capture-node] freeze=124ms shot=420ms unfreeze=8ms saved=True
[07:16]   Node executed (4 total), capturing...
[07:17]   Frame 9 saved (frame_008.jpg, t=229.7s)
[07:17]   [capture-node] freeze=5ms shot=175ms unfreeze=0ms saved=True
[07:17]   Execution complete (t=229.7s)
[07:17]   Captured 9 unique frames over 229.93s
[07:17]   [debug] iframes: 1
[07:17]   [debug]   iframe[0]: src=http://127.0.0.1:8188/extensions/ComfyUI-DepthAnythingV3/viewer_vtk.html?v=17776, canvas=486x430, rafFrozen=True
[07:17]   [timing] trigger_3d_previews: 0.0s
[07:20]   Saved high-quality screenshot: advanced_3d_multiview_executed.png
[07:20]   [timing] final_screenshot: 0.9s
[07:20]   [4/7] SKIPPED (not in cpu list) bas_relief.json
[07:20]   [5/7] SKIPPED (not in cpu list) da3_streaming.json
[07:21] Capturing execution frames: simple.json
[07:28]   Frame 1 saved (frame_000.jpg, t=0.0s)
[07:28]   Validating workflow...
[07:28]   Queuing workflow for execution...
[07:30]   Frame 2 saved (frame_001.jpg, t=2.2s)
[07:30]   [capture-periodic] freeze=4ms shot=167ms unfreeze=3ms saved=True
[07:32]   Frame 3 saved (frame_002.jpg, t=4.5s)
[07:32]   [capture-periodic] freeze=5ms shot=138ms unfreeze=6ms saved=True
[07:34]   [capture-loop] iter=50 t=6.4s state={'complete': False, 'error': None, 'executedCount': 0, 'wsState': 1} eval_ms=31
[07:35]   Frame 4 saved (frame_003.jpg, t=6.7s)
[07:35]   [capture-periodic] freeze=3ms shot=207ms unfreeze=6ms saved=True
[07:41]   [capture-loop] iter=100 t=12.8s state={'complete': False, 'error': None, 'executedCount': 0, 'wsState': 1} eval_ms=4
[07:47]   [capture-loop] iter=150 t=19.1s state={'complete': False, 'error': None, 'executedCount': 0, 'wsState': 1} eval_ms=13
[07:53]   [capture-loop] iter=200 t=25.6s state={'complete': False, 'error': None, 'executedCount': 0, 'wsState': 1} eval_ms=25
[08:00]   [capture-loop] iter=250 t=31.8s state={'complete': False, 'error': None, 'executedCount': 0, 'wsState': 1} eval_ms=3
[08:06]   [capture-loop] iter=300 t=38.0s state={'complete': False, 'error': None, 'executedCount': 0, 'wsState': 1} eval_ms=2
[08:12]   [capture-loop] iter=350 t=44.7s state={'complete': False, 'error': None, 'executedCount': 0, 'wsState': 1} eval_ms=28
[08:23]   [capture-loop] iter=400 t=55.3s state={'complete': False, 'error': None, 'executedCount': 0, 'wsState': 1} eval_ms=2
[08:33]   [capture-loop] iter=450 t=65.3s state={'complete': False, 'error': None, 'executedCount': 0, 'wsState': 1} eval_ms=7
[08:40]   [capture-loop] iter=500 t=72.6s state={'complete': False, 'error': None, 'executedCount': 0, 'wsState': 1} eval_ms=14
[08:49]   Node executed (1 total), capturing...
[08:49]   Frame 5 saved (frame_004.jpg, t=81.0s)
[08:49]   [capture-node] freeze=4ms shot=138ms unfreeze=0ms saved=True
[08:49]   Execution complete (t=81.0s)
[08:49]   Captured 5 unique frames over 81.23s
[08:49]   [debug] iframes: 0
[08:49]   [timing] trigger_3d_previews: 0.0s
[08:52]   Saved high-quality screenshot: simple_executed.png
[08:52]   [timing] final_screenshot: 0.8s
[08:52]   [7/7] SKIPPED (not in cpu list) video_multiview_depth.json
[08:53] Results saved to /Users/runner/work/comfy-gpu-ci/comfy-gpu-ci/comfy-test-logs/DepthAnythingV3-2329/macos-cpu/results.json
[08:53] Model report: 4 files, 1.5 GB -> /Users/runner/work/comfy-gpu-ci/comfy-gpu-ci/comfy-test-logs/DepthAnythingV3-2329/macos-cpu/models.json
[08:53] Saved: /Users/runner/work/comfy-gpu-ci/comfy-gpu-ci/comfy-test-logs/DepthAnythingV3-2329/macos-cpu/index.html
[08:53] [EXECUTION] PASSED
[08:53] 
macos: PASSED
