Capturing execution frames: advanced_3d_multiview.json
  Frame 1 saved (frame_000.jpg, t=0.0s)
  Validating workflow...
  Queuing workflow for execution...
  Node executed (1 total), capturing...
  Frame 2 saved (frame_001.jpg, t=0.5s)
  [capture-node] freeze=4ms shot=107ms unfreeze=8ms saved=True
  Frame 3 saved (frame_002.jpg, t=2.7s)
  [capture-periodic] freeze=3ms shot=111ms unfreeze=3ms saved=True
  Frame 4 saved (frame_003.jpg, t=4.9s)
  [capture-periodic] freeze=3ms shot=106ms unfreeze=8ms saved=True
  [capture-loop] iter=50 t=6.1s state={'complete': False, 'error': None, 'executedCount': 1, 'wsState': 1} eval_ms=3
  Frame 5 saved (frame_004.jpg, t=7.0s)
  [capture-periodic] freeze=2ms shot=126ms unfreeze=3ms saved=True
  [capture-loop] iter=100 t=12.0s state={'complete': False, 'error': None, 'executedCount': 1, 'wsState': 1} eval_ms=6
  [capture-loop] iter=150 t=17.6s state={'complete': False, 'error': None, 'executedCount': 1, 'wsState': 1} eval_ms=4
  [capture-loop] iter=200 t=23.4s state={'complete': False, 'error': None, 'executedCount': 1, 'wsState': 1} eval_ms=4
  [capture-loop] iter=250 t=29.3s state={'complete': False, 'error': None, 'executedCount': 1, 'wsState': 1} eval_ms=4
  [capture-loop] iter=300 t=35.0s state={'complete': False, 'error': None, 'executedCount': 1, 'wsState': 1} eval_ms=5
  [capture-loop] iter=350 t=40.9s state={'complete': False, 'error': None, 'executedCount': 1, 'wsState': 1} eval_ms=6
  [capture-loop] iter=400 t=46.5s state={'complete': False, 'error': None, 'executedCount': 1, 'wsState': 1} eval_ms=4
  [capture-loop] iter=450 t=52.4s state={'complete': False, 'error': None, 'executedCount': 1, 'wsState': 1} eval_ms=4
  [capture-loop] iter=500 t=58.2s state={'complete': False, 'error': None, 'executedCount': 1, 'wsState': 1} eval_ms=5
  [capture-loop] iter=550 t=63.9s state={'complete': False, 'error': None, 'executedCount': 1, 'wsState': 1} eval_ms=4
  [capture-loop] iter=600 t=69.8s state={'complete': False, 'error': None, 'executedCount': 1, 'wsState': 1} eval_ms=5
  [capture-loop] iter=650 t=75.7s state={'complete': False, 'error': None, 'executedCount': 1, 'wsState': 1} eval_ms=4
  [capture-loop] iter=700 t=81.4s state={'complete': False, 'error': None, 'executedCount': 1, 'wsState': 1} eval_ms=5
  [capture-loop] iter=750 t=87.3s state={'complete': False, 'error': None, 'executedCount': 1, 'wsState': 1} eval_ms=4
  [capture-loop] iter=800 t=92.9s state={'complete': False, 'error': None, 'executedCount': 1, 'wsState': 1} eval_ms=5
  [capture-loop] iter=850 t=98.7s state={'complete': False, 'error': None, 'executedCount': 1, 'wsState': 1} eval_ms=5
  [capture-loop] iter=900 t=104.6s state={'complete': False, 'error': None, 'executedCount': 1, 'wsState': 1} eval_ms=5
  [capture-loop] iter=950 t=110.3s state={'complete': False, 'error': None, 'executedCount': 1, 'wsState': 1} eval_ms=4
  [capture-loop] iter=1000 t=116.1s state={'complete': False, 'error': None, 'executedCount': 1, 'wsState': 1} eval_ms=4
  [capture-loop] iter=1050 t=121.9s state={'complete': False, 'error': None, 'executedCount': 1, 'wsState': 1} eval_ms=4
  [capture-loop] iter=1100 t=127.6s state={'complete': False, 'error': None, 'executedCount': 1, 'wsState': 1} eval_ms=4
  [capture-loop] iter=1150 t=133.4s state={'complete': False, 'error': None, 'executedCount': 1, 'wsState': 1} eval_ms=4
  [capture-loop] iter=1200 t=139.3s state={'complete': False, 'error': None, 'executedCount': 1, 'wsState': 1} eval_ms=4
  [capture-loop] iter=1250 t=145.0s state={'complete': False, 'error': None, 'executedCount': 1, 'wsState': 1} eval_ms=4
  [capture-loop] iter=1300 t=150.9s state={'complete': False, 'error': None, 'executedCount': 1, 'wsState': 1} eval_ms=5
  Frame 6 saved (frame_005.jpg, t=154.5s)
  [capture-periodic] freeze=3ms shot=108ms unfreeze=9ms saved=True
  Node executed (2 total), capturing...
  Frame 7 saved (frame_006.jpg, t=156.2s)
  [capture-node] freeze=3ms shot=104ms unfreeze=5ms saved=True
  Node executed (3 total), capturing...
  Frame 8 saved (frame_007.jpg, t=156.7s)
  [capture-node] freeze=5ms shot=113ms unfreeze=5ms saved=True
  Node executed (4 total), capturing...
  Frame 9 saved (frame_008.jpg, t=157.2s)
  [capture-node] freeze=3ms shot=119ms unfreeze=0ms saved=True
  Execution complete (t=157.2s)
  Captured 9 unique frames over 157.36s
  [debug] iframes: 1
  [debug]   iframe[0]: src=http://127.0.0.1:8188/extensions/ComfyUI-DepthAnythingV3/viewer_vtk.html?v=17776, canvas=486x394, rafFrozen=True
  [timing] trigger_3d_previews: 0.0s
  Saved high-quality screenshot: advanced_3d_multiview_executed.png
  [timing] final_screenshot: 0.6s
    Captured 10 video frames