Capturing execution frames: advanced_3d.json
  Frame 1 saved (frame_000.jpg, t=0.0s)
  Validating workflow...
  Queuing workflow for execution...
  Frame 2 saved (frame_001.jpg, t=2.3s)
  [capture-periodic] freeze=4ms shot=153ms unfreeze=8ms saved=True
  Frame 3 saved (frame_002.jpg, t=4.5s)
  [capture-periodic] freeze=3ms shot=148ms unfreeze=4ms saved=True
  [capture-loop] iter=50 t=5.9s state={'complete': False, 'error': None, 'executedCount': 0, 'wsState': 1} eval_ms=5
  Frame 4 saved (frame_003.jpg, t=6.8s)
  [capture-periodic] freeze=3ms shot=153ms unfreeze=6ms saved=True
  [capture-loop] iter=100 t=11.8s state={'complete': False, 'error': None, 'executedCount': 0, 'wsState': 1} eval_ms=4
  [capture-loop] iter=150 t=17.5s state={'complete': False, 'error': None, 'executedCount': 0, 'wsState': 1} eval_ms=3
  [capture-loop] iter=200 t=23.4s state={'complete': False, 'error': None, 'executedCount': 0, 'wsState': 1} eval_ms=4
  [capture-loop] iter=250 t=29.3s state={'complete': False, 'error': None, 'executedCount': 0, 'wsState': 1} eval_ms=5
  Frame 5 saved (frame_004.jpg, t=31.1s)
  [capture-periodic] freeze=3ms shot=125ms unfreeze=8ms saved=True
  Frame 6 saved (frame_005.jpg, t=33.3s)
  [capture-periodic] freeze=4ms shot=128ms unfreeze=3ms saved=True
  Node executed (2 total), capturing...
  Frame 7 saved (frame_006.jpg, t=34.5s)
  [capture-node] freeze=3ms shot=133ms unfreeze=0ms saved=True
  Execution complete (t=34.5s)
  Captured 7 unique frames over 34.7s
  [debug] iframes: 1
  [debug]   iframe[0]: src=http://127.0.0.1:8188/extensions/ComfyUI-DepthAnythingV3/viewer_vtk.html?v=17776, canvas=486x394, rafFrozen=True
  [timing] trigger_3d_previews: 0.0s
  Saved high-quality screenshot: advanced_3d_executed.png
  [timing] final_screenshot: 0.6s
    Captured 8 video frames