Capturing execution frames: bas_relief.json
  [Console-error] Failed to load resource: the server responded with a status of 404 (Not Found)
  [Console-error] Failed to load resource: the server responded with a status of 404 (Not Found)
  [Console-error] Failed to load resource: the server responded with a status of 404 (Not Found)
  [Console-error] Failed to load resource: the server responded with a status of 404 (Not Found)
  [Console-error] Failed to load resource: the server responded with a status of 404 (Not Found)
  [Console-error] Failed to load resource: the server responded with a status of 404 (Not Found)
  [Console-warning] WARNING: Multiple instances of Three.js being imported.
  [Console-warning] Extension KJNodes.browserstatus is disabled.
  [Console-error] [vite:preloadError] Error: Extension named 'comfy3d.pointcloud.vtk' already registered.
    at Proxy.registerExtension (http://127.0.0.1:8188/assets/PanelTemplate-BUPnglF3.js:1:7530)
    at Proxy.wrappedAction (http://127.0.0.1:8188/assets/vendor-vue-BAQ5VIVR.js:1:4647)
    at Object.registerExtension (http://127.0.0.1:8188/assets/dialogService-Cr3DyAja.js:3:110199)
    at ComfyApp.registerExtension (http://127.0.0.1:8188/assets/dialogService-Cr3DyAja.js:192:20543)
    at http://127.0.0.1:8188/extensions/ComfyUI-GeometryPack/js/pointcloud_preview_vtk.js:13:5
  [Console-error] [vite:preloadError] Error: Extension named 'Comfy.DynamicWidgets' already registered.
    at Proxy.registerExtension (http://127.0.0.1:8188/assets/PanelTemplate-BUPnglF3.js:1:7530)
    at Proxy.wrappedAction (http://127.0.0.1:8188/assets/vendor-vue-BAQ5VIVR.js:1:4647)
    at Object.registerExtension (http://127.0.0.1:8188/assets/dialogService-Cr3DyAja.js:3:110199)
    at ComfyApp.registerExtension (http://127.0.0.1:8188/assets/dialogService-Cr3DyAja.js:192:20543)
    at http://127.0.0.1:8188/extensions/ComfyUI-DepthAnythingV3/js/dynamic_widgets.js:125:5
  [Console-warning] [ComfyUI Deprecated] Importing from "scripts/ui.js" is deprecated and will be removed in v1.34.
  [Console-error] Failed to load resource: the server responded with a status of 404 (Not Found)
  [Console-warning] [ComfyUI Notice] "extensions/core/widgetInputs.js" is an internal module, not part of the public API. Future updates may break this import.
  [Console-warning] [ComfyUI Notice] "scripts/utils.js" is an internal module, not part of the public API. Future updates may break this import.
  [Console-warning] [MaskEditor] ComfyApp.open_maskeditor is deprecated. Plugins should migrate to using the command system or direct node context menu integration.
  [Console-warning] [ComfyUI Deprecated] Importing from "scripts/ui/components/buttonGroup.js" is deprecated and will be removed in v1.34.
  [Console-warning] [ComfyUI Deprecated] Importing from "scripts/ui/components/button.js" is deprecated and will be removed in v1.34.
  [Console-warning] Canvas2D: Multiple readback operations using getImageData are faster with the willReadFrequently attribute set to true. See: https://html.spec.whatwg.org/multipage/canvas.html#concept-canvas-will-read-frequently
  [Console-error] No input!
  [Console-error] Failed to load resource: the server responded with a status of 403 (Forbidden)
  [Console-error] Error loading model: HttpError: fetch for "http://127.0.0.1:8188/api/view?type=output&subfolder=%2Fhome%2Fshadeform%2Fdepth_node%2FComfyUI%2Foutput&filename=mesh_0000.glb" responded with 403: Forbidden
    at http://127.0.0.1:8188/assets/vendor-three-BDtRe4OM.js:3824:95202
  [Console-error] Failed to load resource: the server responded with a status of 403 (Forbidden)
  [Console-error] Error loading model: HttpError: fetch for "http://127.0.0.1:8188/api/view?type=output&subfolder=%2Fhome%2Fshadeform%2Fdepth_node%2FComfyUI%2Foutput&filename=mesh_0000.glb" responded with 403: Forbidden
    at http://127.0.0.1:8188/assets/vendor-three-BDtRe4OM.js:3824:95202
  [Console-error] Failed to load resource: the server responded with a status of 403 (Forbidden)
  Frame 1 saved (frame_000.jpg, t=0.0s)
  Validating workflow...
  Queuing workflow for execution...
  Frame 2 saved (frame_001.jpg, t=2.3s)
  [capture-periodic] freeze=4ms shot=204ms unfreeze=4ms saved=True
  [capture-loop] iter=50 t=6.2s state={'complete': False, 'error': None, 'executedCount': 0, 'wsState': 1} eval_ms=5
  [capture-loop] iter=100 t=12.4s state={'complete': False, 'error': None, 'executedCount': 0, 'wsState': 1} eval_ms=5
  [capture-loop] iter=150 t=18.3s state={'complete': False, 'error': None, 'executedCount': 0, 'wsState': 1} eval_ms=4
  [capture-loop] iter=200 t=24.6s state={'complete': False, 'error': None, 'executedCount': 0, 'wsState': 1} eval_ms=4
  [capture-loop] iter=250 t=30.7s state={'complete': False, 'error': None, 'executedCount': 0, 'wsState': 1} eval_ms=4
  [capture-loop] iter=300 t=36.7s state={'complete': False, 'error': None, 'executedCount': 0, 'wsState': 1} eval_ms=4
  [capture-loop] iter=350 t=43.0s state={'complete': False, 'error': None, 'executedCount': 0, 'wsState': 1} eval_ms=4
  [capture-loop] iter=400 t=49.1s state={'complete': False, 'error': None, 'executedCount': 0, 'wsState': 1} eval_ms=5
  [capture-loop] iter=450 t=55.1s state={'complete': False, 'error': None, 'executedCount': 0, 'wsState': 1} eval_ms=4
  [capture-loop] iter=500 t=61.3s state={'complete': False, 'error': None, 'executedCount': 0, 'wsState': 1} eval_ms=4
  [capture-loop] iter=550 t=67.5s state={'complete': False, 'error': None, 'executedCount': 0, 'wsState': 1} eval_ms=4
  [capture-loop] iter=600 t=73.4s state={'complete': False, 'error': None, 'executedCount': 0, 'wsState': 1} eval_ms=4
  [capture-loop] iter=650 t=79.6s state={'complete': False, 'error': None, 'executedCount': 0, 'wsState': 1} eval_ms=4
  [capture-loop] iter=700 t=85.8s state={'complete': False, 'error': None, 'executedCount': 0, 'wsState': 1} eval_ms=4
  [capture-loop] iter=750 t=91.8s state={'complete': False, 'error': None, 'executedCount': 0, 'wsState': 1} eval_ms=4
  [capture-loop] iter=800 t=97.9s state={'complete': False, 'error': None, 'executedCount': 0, 'wsState': 1} eval_ms=5
  [capture-loop] iter=850 t=103.9s state={'complete': False, 'error': None, 'executedCount': 0, 'wsState': 1} eval_ms=3
  [capture-loop] iter=900 t=110.1s state={'complete': False, 'error': None, 'executedCount': 0, 'wsState': 1} eval_ms=5
  [capture-loop] iter=950 t=116.3s state={'complete': False, 'error': None, 'executedCount': 0, 'wsState': 1} eval_ms=4
  [capture-loop] iter=1000 t=122.2s state={'complete': False, 'error': None, 'executedCount': 0, 'wsState': 1} eval_ms=4
  [capture-loop] iter=1050 t=128.5s state={'complete': False, 'error': None, 'executedCount': 0, 'wsState': 1} eval_ms=5
  [capture-loop] iter=1100 t=134.7s state={'complete': False, 'error': None, 'executedCount': 0, 'wsState': 1} eval_ms=3
  [capture-loop] iter=1150 t=140.7s state={'complete': False, 'error': None, 'executedCount': 0, 'wsState': 1} eval_ms=5
  [capture-loop] iter=1200 t=146.9s state={'complete': False, 'error': None, 'executedCount': 0, 'wsState': 1} eval_ms=4
  [capture-loop] iter=1250 t=153.1s state={'complete': False, 'error': None, 'executedCount': 0, 'wsState': 1} eval_ms=4
  [capture-loop] iter=1300 t=159.1s state={'complete': False, 'error': None, 'executedCount': 0, 'wsState': 1} eval_ms=4
  [capture-loop] iter=1350 t=165.4s state={'complete': False, 'error': None, 'executedCount': 0, 'wsState': 1} eval_ms=5
  [capture-loop] iter=1400 t=171.6s state={'complete': False, 'error': None, 'executedCount': 0, 'wsState': 1} eval_ms=4
  [capture-loop] iter=1450 t=177.5s state={'complete': False, 'error': None, 'executedCount': 0, 'wsState': 1} eval_ms=4
  [capture-loop] iter=1500 t=183.8s state={'complete': False, 'error': None, 'executedCount': 0, 'wsState': 1} eval_ms=5
  [capture-loop] iter=1550 t=190.1s state={'complete': False, 'error': None, 'executedCount': 0, 'wsState': 1} eval_ms=6
  [capture-loop] iter=1600 t=196.0s state={'complete': False, 'error': None, 'executedCount': 0, 'wsState': 1} eval_ms=3
  [capture-loop] iter=1650 t=202.2s state={'complete': False, 'error': None, 'executedCount': 0, 'wsState': 1} eval_ms=4
  [capture-loop] iter=1700 t=208.4s state={'complete': False, 'error': None, 'executedCount': 0, 'wsState': 1} eval_ms=4
  [capture-loop] iter=1750 t=214.5s state={'complete': False, 'error': None, 'executedCount': 0, 'wsState': 1} eval_ms=5
  [capture-loop] iter=1800 t=220.6s state={'complete': False, 'error': None, 'executedCount': 0, 'wsState': 1} eval_ms=3
  [capture-loop] iter=1850 t=227.0s state={'complete': False, 'error': None, 'executedCount': 0, 'wsState': 1} eval_ms=4
  [capture-loop] iter=1900 t=232.9s state={'complete': False, 'error': None, 'executedCount': 0, 'wsState': 1} eval_ms=4
  [capture-loop] iter=1950 t=239.1s state={'complete': False, 'error': None, 'executedCount': 0, 'wsState': 1} eval_ms=3
  [capture-loop] iter=2000 t=245.3s state={'complete': False, 'error': None, 'executedCount': 0, 'wsState': 1} eval_ms=4
  [capture-loop] iter=2050 t=251.3s state={'complete': False, 'error': None, 'executedCount': 0, 'wsState': 1} eval_ms=5
  [capture-loop] iter=2100 t=257.4s state={'complete': False, 'error': None, 'executedCount': 0, 'wsState': 1} eval_ms=4
  [capture-loop] iter=2150 t=263.6s state={'complete': False, 'error': None, 'executedCount': 0, 'wsState': 1} eval_ms=5
  [capture-loop] iter=2200 t=269.6s state={'complete': False, 'error': None, 'executedCount': 0, 'wsState': 1} eval_ms=4
  [capture-loop] iter=2250 t=275.7s state={'complete': False, 'error': None, 'executedCount': 0, 'wsState': 1} eval_ms=4
  [capture-loop] iter=2300 t=281.9s state={'complete': False, 'error': None, 'executedCount': 0, 'wsState': 1} eval_ms=3
  [capture-loop] iter=2350 t=287.9s state={'complete': False, 'error': None, 'executedCount': 0, 'wsState': 1} eval_ms=4
  [capture-loop] iter=2400 t=294.0s state={'complete': False, 'error': None, 'executedCount': 0, 'wsState': 1} eval_ms=4
  [capture-loop] iter=2450 t=300.2s state={'complete': False, 'error': None, 'executedCount': 0, 'wsState': 1} eval_ms=4
  [capture-loop] iter=2500 t=306.2s state={'complete': False, 'error': None, 'executedCount': 0, 'wsState': 1} eval_ms=3
  [capture-loop] iter=2550 t=312.4s state={'complete': False, 'error': None, 'executedCount': 0, 'wsState': 1} eval_ms=4
  [capture-loop] iter=2600 t=318.5s state={'complete': False, 'error': None, 'executedCount': 0, 'wsState': 1} eval_ms=4
  [capture-loop] iter=2650 t=324.5s state={'complete': False, 'error': None, 'executedCount': 0, 'wsState': 1} eval_ms=3
  [capture-loop] iter=2700 t=330.7s state={'complete': False, 'error': None, 'executedCount': 0, 'wsState': 1} eval_ms=3
  [capture-loop] iter=2750 t=336.6s state={'complete': False, 'error': None, 'executedCount': 0, 'wsState': 1} eval_ms=4
  [capture-loop] iter=2800 t=342.8s state={'complete': False, 'error': None, 'executedCount': 0, 'wsState': 1} eval_ms=5
  [capture-loop] iter=2850 t=349.0s state={'complete': False, 'error': None, 'executedCount': 0, 'wsState': 1} eval_ms=5
  [capture-loop] iter=2900 t=355.0s state={'complete': False, 'error': None, 'executedCount': 0, 'wsState': 1} eval_ms=5
  [capture-loop] iter=2950 t=361.2s state={'complete': False, 'error': None, 'executedCount': 0, 'wsState': 1} eval_ms=4
  [capture-loop] iter=3000 t=367.3s state={'complete': False, 'error': None, 'executedCount': 0, 'wsState': 1} eval_ms=4
  [capture-loop] iter=3050 t=373.3s state={'complete': False, 'error': None, 'executedCount': 0, 'wsState': 1} eval_ms=4
  [capture-loop] iter=3100 t=379.5s state={'complete': False, 'error': None, 'executedCount': 0, 'wsState': 1} eval_ms=4
  [capture-loop] iter=3150 t=385.7s state={'complete': False, 'error': None, 'executedCount': 0, 'wsState': 1} eval_ms=4
  [capture-loop] iter=3200 t=391.8s state={'complete': False, 'error': None, 'executedCount': 0, 'wsState': 1} eval_ms=4
  [capture-loop] iter=3250 t=398.0s state={'complete': False, 'error': None, 'executedCount': 0, 'wsState': 1} eval_ms=4
  [capture-loop] iter=3300 t=404.1s state={'complete': False, 'error': None, 'executedCount': 0, 'wsState': 1} eval_ms=4
  [capture-loop] iter=3350 t=410.4s state={'complete': False, 'error': None, 'executedCount': 0, 'wsState': 1} eval_ms=4
  [capture-loop] iter=3400 t=416.4s state={'complete': False, 'error': None, 'executedCount': 0, 'wsState': 1} eval_ms=3
  [capture-loop] iter=3450 t=422.6s state={'complete': False, 'error': None, 'executedCount': 0, 'wsState': 1} eval_ms=4
  [capture-loop] iter=3500 t=428.8s state={'complete': False, 'error': None, 'executedCount': 0, 'wsState': 1} eval_ms=5
  [capture-loop] iter=3550 t=434.7s state={'complete': False, 'error': None, 'executedCount': 0, 'wsState': 1} eval_ms=4
  [capture-loop] iter=3600 t=440.9s state={'complete': False, 'error': None, 'executedCount': 0, 'wsState': 1} eval_ms=4
  [capture-loop] iter=3650 t=446.9s state={'complete': False, 'error': None, 'executedCount': 0, 'wsState': 1} eval_ms=4
  [capture-loop] iter=3700 t=453.2s state={'complete': False, 'error': None, 'executedCount': 0, 'wsState': 1} eval_ms=4
  [capture-loop] iter=3750 t=459.8s state={'complete': False, 'error': None, 'executedCount': 0, 'wsState': 1} eval_ms=4
  [capture-loop] iter=3800 t=466.0s state={'complete': False, 'error': None, 'executedCount': 0, 'wsState': 1} eval_ms=5
  [capture-loop] iter=3850 t=472.2s state={'complete': False, 'error': None, 'executedCount': 0, 'wsState': 1} eval_ms=5
  Node executed (1 total), capturing...
  Frame 3 saved (frame_002.jpg, t=476.8s)
  [capture-node] freeze=5ms shot=262ms unfreeze=5ms saved=True
  [capture-loop] iter=3900 t=478.7s state={'complete': False, 'error': None, 'executedCount': 1, 'wsState': 1} eval_ms=4
  [capture-loop] iter=3950 t=484.8s state={'complete': False, 'error': None, 'executedCount': 1, 'wsState': 1} eval_ms=3
  Node executed (3 total), capturing...
  [Console-error] Failed to load resource: the server responded with a status of 404 (Not Found)
  [Console-error] Failed to load resource: the server responded with a status of 404 (Not Found)
  Frame 4 saved (frame_003.jpg, t=488.0s)
  [capture-node] freeze=508ms shot=1092ms unfreeze=0ms saved=True
  Execution complete (t=488.0s)
  [3d-wait] Phase 1: Waiting for 'Loading 3D Model' text to disappear...
  [3d-wait] Phase 1 exception after 60.0s: Page.wait_for_function: Timeout 60000ms exceeded.
  [3d-wait] Phase 2: iframes=0
  [3d-wait] Total 3D wait: 60.0s
  Captured 4 unique frames over 549.64s
  [debug] iframes: 0
  [timing] trigger_3d_previews: 0.0s
  Saved high-quality screenshot: bas_relief_executed.png
  [timing] final_screenshot: 1.0s
    Captured 5 video frames