Capturing execution frames: simple.json
  Frame 1 saved (frame_000.jpg, t=0.0s)
  Validating workflow...
  Queuing workflow for execution...
  Frame 2 saved (frame_001.jpg, t=2.3s)
  [capture-periodic] freeze=3ms shot=132ms unfreeze=6ms saved=True
  Frame 3 saved (frame_002.jpg, t=4.5s)
  [capture-periodic] freeze=3ms shot=121ms unfreeze=4ms saved=True
  [capture-loop] iter=50 t=5.8s state={'complete': False, 'error': None, 'executedCount': 0, 'wsState': 1} eval_ms=3
  Frame 4 saved (frame_003.jpg, t=6.6s)
  [capture-periodic] freeze=3ms shot=118ms unfreeze=4ms saved=True
  [capture-loop] iter=100 t=11.7s state={'complete': False, 'error': None, 'executedCount': 0, 'wsState': 1} eval_ms=3
  [capture-loop] iter=150 t=17.4s state={'complete': False, 'error': None, 'executedCount': 0, 'wsState': 1} eval_ms=4
  [capture-loop] iter=200 t=23.2s state={'complete': False, 'error': None, 'executedCount': 0, 'wsState': 1} eval_ms=4
  [capture-loop] iter=250 t=29.2s state={'complete': False, 'error': None, 'executedCount': 0, 'wsState': 1} eval_ms=4
  [capture-loop] iter=300 t=34.9s state={'complete': False, 'error': None, 'executedCount': 0, 'wsState': 1} eval_ms=3
  [capture-loop] iter=350 t=40.7s state={'complete': False, 'error': None, 'executedCount': 0, 'wsState': 1} eval_ms=4
  [capture-loop] iter=400 t=46.6s state={'complete': False, 'error': None, 'executedCount': 0, 'wsState': 1} eval_ms=4
  [capture-loop] iter=450 t=52.3s state={'complete': False, 'error': None, 'executedCount': 0, 'wsState': 1} eval_ms=4
  [capture-loop] iter=500 t=58.1s state={'complete': False, 'error': None, 'executedCount': 0, 'wsState': 1} eval_ms=4
  [capture-loop] iter=550 t=63.9s state={'complete': False, 'error': None, 'executedCount': 0, 'wsState': 1} eval_ms=8
  Frame 5 saved (frame_004.jpg, t=63.9s)
  [capture-periodic] freeze=3ms shot=140ms unfreeze=7ms saved=True
  Node executed (1 total), capturing...
  Frame 6 saved (frame_005.jpg, t=64.3s)
  [capture-node] freeze=4ms shot=146ms unfreeze=0ms saved=True
  Execution complete (t=64.3s)
  Captured 6 unique frames over 64.48s
  [debug] iframes: 0
  [timing] trigger_3d_previews: 0.0s
  Saved high-quality screenshot: simple_executed.png
  [timing] final_screenshot: 0.6s
    Captured 7 video frames