Capturing execution frames: video_multiview_depth.json
  [Console-error] Failed to load resource: the server responded with a status of 404 (Not Found)
  [Console-error] Failed to load resource: the server responded with a status of 404 (Not Found)
  [Console-error] Failed to load resource: the server responded with a status of 404 (Not Found)
  [Console-error] Failed to load resource: the server responded with a status of 404 (Not Found)
  [Console-error] Failed to load resource: the server responded with a status of 404 (Not Found)
  [Console-error] Failed to load resource: the server responded with a status of 404 (Not Found)
  [Console-warning] WARNING: Multiple instances of Three.js being imported.
  [Console-warning] Extension KJNodes.browserstatus is disabled.
  [Console-error] [vite:preloadError] Error: Extension named 'Comfy.DynamicWidgets' already registered.
    at Proxy.registerExtension (http://127.0.0.1:8188/assets/PanelTemplate-BUPnglF3.js:1:7530)
    at Proxy.wrappedAction (http://127.0.0.1:8188/assets/vendor-vue-BAQ5VIVR.js:1:4647)
    at Object.registerExtension (http://127.0.0.1:8188/assets/dialogService-Cr3DyAja.js:3:110199)
    at ComfyApp.registerExtension (http://127.0.0.1:8188/assets/dialogService-Cr3DyAja.js:192:20543)
    at http://127.0.0.1:8188/extensions/ComfyUI-GeometryPack/js/dynamic_widgets.js:125:5
  [Console-error] [vite:preloadError] Error: Extension named 'comfy3d.pointcloud.vtk' already registered.
    at Proxy.registerExtension (http://127.0.0.1:8188/assets/PanelTemplate-BUPnglF3.js:1:7530)
    at Proxy.wrappedAction (http://127.0.0.1:8188/assets/vendor-vue-BAQ5VIVR.js:1:4647)
    at Object.registerExtension (http://127.0.0.1:8188/assets/dialogService-Cr3DyAja.js:3:110199)
    at ComfyApp.registerExtension (http://127.0.0.1:8188/assets/dialogService-Cr3DyAja.js:192:20543)
    at http://127.0.0.1:8188/extensions/ComfyUI-GeometryPack/js/pointcloud_preview_vtk.js:13:5
  [Console-warning] [ComfyUI Deprecated] Importing from "scripts/ui.js" is deprecated and will be removed in v1.34.
  [Console-error] Failed to load resource: the server responded with a status of 404 (Not Found)
  [Console-warning] [ComfyUI Notice] "extensions/core/widgetInputs.js" is an internal module, not part of the public API. Future updates may break this import.
  [Console-warning] [ComfyUI Notice] "scripts/utils.js" is an internal module, not part of the public API. Future updates may break this import.
  [Console-warning] [MaskEditor] ComfyApp.open_maskeditor is deprecated. Plugins should migrate to using the command system or direct node context menu integration.
  [Console-warning] [ComfyUI Deprecated] Importing from "scripts/ui/components/buttonGroup.js" is deprecated and will be removed in v1.34.
  [Console-warning] [ComfyUI Deprecated] Importing from "scripts/ui/components/button.js" is deprecated and will be removed in v1.34.
  Frame 1 saved (frame_000.jpg, t=0.0s)
  Validating workflow...
  Queuing workflow for execution...
  Node executed (1 total), capturing...
  Frame 2 saved (frame_001.jpg, t=1.4s)
  [capture-node] freeze=4ms shot=147ms unfreeze=8ms saved=True
  Frame 3 saved (frame_002.jpg, t=6.0s)
  [capture-periodic] freeze=4ms shot=190ms unfreeze=5ms saved=True
  [capture-loop] iter=50 t=6.7s state={'complete': False, 'error': None, 'executedCount': 1, 'wsState': 1} eval_ms=5
  [capture-loop] iter=100 t=13.2s state={'complete': False, 'error': None, 'executedCount': 1, 'wsState': 1} eval_ms=4
  [capture-loop] iter=150 t=19.2s state={'complete': False, 'error': None, 'executedCount': 1, 'wsState': 1} eval_ms=5
  [capture-loop] iter=200 t=25.5s state={'complete': False, 'error': None, 'executedCount': 1, 'wsState': 1} eval_ms=21
  [capture-loop] iter=250 t=31.6s state={'complete': False, 'error': None, 'executedCount': 1, 'wsState': 1} eval_ms=4
  [capture-loop] iter=300 t=37.5s state={'complete': False, 'error': None, 'executedCount': 1, 'wsState': 1} eval_ms=4
  [capture-loop] iter=350 t=43.6s state={'complete': False, 'error': None, 'executedCount': 1, 'wsState': 1} eval_ms=4
  [capture-loop] iter=400 t=49.6s state={'complete': False, 'error': None, 'executedCount': 1, 'wsState': 1} eval_ms=4
  [capture-loop] iter=450 t=55.5s state={'complete': False, 'error': None, 'executedCount': 1, 'wsState': 1} eval_ms=4
  [capture-loop] iter=500 t=61.6s state={'complete': False, 'error': None, 'executedCount': 1, 'wsState': 1} eval_ms=4
  [capture-loop] iter=550 t=67.7s state={'complete': False, 'error': None, 'executedCount': 1, 'wsState': 1} eval_ms=5
  [capture-loop] iter=600 t=73.7s state={'complete': False, 'error': None, 'executedCount': 1, 'wsState': 1} eval_ms=5
  [capture-loop] iter=650 t=79.9s state={'complete': False, 'error': None, 'executedCount': 1, 'wsState': 1} eval_ms=4
  [capture-loop] iter=700 t=86.1s state={'complete': False, 'error': None, 'executedCount': 1, 'wsState': 1} eval_ms=4
  [capture-loop] iter=750 t=92.2s state={'complete': False, 'error': None, 'executedCount': 1, 'wsState': 1} eval_ms=5
  [capture-loop] iter=800 t=98.1s state={'complete': False, 'error': None, 'executedCount': 1, 'wsState': 1} eval_ms=4
  [capture-loop] iter=850 t=104.2s state={'complete': False, 'error': None, 'executedCount': 1, 'wsState': 1} eval_ms=4
  [capture-loop] iter=900 t=110.4s state={'complete': False, 'error': None, 'executedCount': 1, 'wsState': 1} eval_ms=4
  [capture-loop] iter=950 t=116.3s state={'complete': False, 'error': None, 'executedCount': 1, 'wsState': 1} eval_ms=4
  [capture-loop] iter=1000 t=122.4s state={'complete': False, 'error': None, 'executedCount': 1, 'wsState': 1} eval_ms=4
  [capture-loop] iter=1050 t=128.5s state={'complete': False, 'error': None, 'executedCount': 1, 'wsState': 1} eval_ms=4
  [capture-loop] iter=1100 t=134.4s state={'complete': False, 'error': None, 'executedCount': 1, 'wsState': 1} eval_ms=5
  [capture-loop] iter=1150 t=140.5s state={'complete': False, 'error': None, 'executedCount': 1, 'wsState': 1} eval_ms=3
  [capture-loop] iter=1200 t=146.5s state={'complete': False, 'error': None, 'executedCount': 1, 'wsState': 1} eval_ms=3
  [capture-loop] iter=1250 t=152.4s state={'complete': False, 'error': None, 'executedCount': 1, 'wsState': 1} eval_ms=4
  [capture-loop] iter=1300 t=158.5s state={'complete': False, 'error': None, 'executedCount': 1, 'wsState': 1} eval_ms=4
  [capture-loop] iter=1350 t=164.5s state={'complete': False, 'error': None, 'executedCount': 1, 'wsState': 1} eval_ms=4
  [capture-loop] iter=1400 t=170.5s state={'complete': False, 'error': None, 'executedCount': 1, 'wsState': 1} eval_ms=4
  [capture-loop] iter=1450 t=176.7s state={'complete': False, 'error': None, 'executedCount': 1, 'wsState': 1} eval_ms=5
  [capture-loop] iter=1500 t=182.8s state={'complete': False, 'error': None, 'executedCount': 1, 'wsState': 1} eval_ms=4
  [capture-loop] iter=1550 t=188.8s state={'complete': False, 'error': None, 'executedCount': 1, 'wsState': 1} eval_ms=4
  [capture-loop] iter=1600 t=194.9s state={'complete': False, 'error': None, 'executedCount': 1, 'wsState': 1} eval_ms=5
  [capture-loop] iter=1650 t=201.2s state={'complete': False, 'error': None, 'executedCount': 1, 'wsState': 1} eval_ms=5
  [capture-loop] iter=1700 t=207.2s state={'complete': False, 'error': None, 'executedCount': 1, 'wsState': 1} eval_ms=5
  [capture-loop] iter=1750 t=213.3s state={'complete': False, 'error': None, 'executedCount': 1, 'wsState': 1} eval_ms=5
  [capture-loop] iter=1800 t=219.5s state={'complete': False, 'error': None, 'executedCount': 1, 'wsState': 1} eval_ms=5
  [capture-loop] iter=1850 t=225.3s state={'complete': False, 'error': None, 'executedCount': 1, 'wsState': 1} eval_ms=4
  [capture-loop] iter=1900 t=231.4s state={'complete': False, 'error': None, 'executedCount': 1, 'wsState': 1} eval_ms=4
  [capture-loop] iter=1950 t=237.5s state={'complete': False, 'error': None, 'executedCount': 1, 'wsState': 1} eval_ms=5
  [capture-loop] iter=2000 t=243.4s state={'complete': False, 'error': None, 'executedCount': 1, 'wsState': 1} eval_ms=4
  [capture-loop] iter=2050 t=249.5s state={'complete': False, 'error': None, 'executedCount': 1, 'wsState': 1} eval_ms=4
  [capture-loop] iter=2100 t=255.6s state={'complete': False, 'error': None, 'executedCount': 1, 'wsState': 1} eval_ms=4
  [capture-loop] iter=2150 t=261.6s state={'complete': False, 'error': None, 'executedCount': 1, 'wsState': 1} eval_ms=4
  [capture-loop] iter=2200 t=267.8s state={'complete': False, 'error': None, 'executedCount': 1, 'wsState': 1} eval_ms=5
  [capture-loop] iter=2250 t=274.0s state={'complete': False, 'error': None, 'executedCount': 1, 'wsState': 1} eval_ms=5
  [capture-loop] iter=2300 t=280.1s state={'complete': False, 'error': None, 'executedCount': 1, 'wsState': 1} eval_ms=5
  [capture-loop] iter=2350 t=286.2s state={'complete': False, 'error': None, 'executedCount': 1, 'wsState': 1} eval_ms=5
  [capture-loop] iter=2400 t=292.3s state={'complete': False, 'error': None, 'executedCount': 1, 'wsState': 1} eval_ms=4
  [capture-loop] iter=2450 t=298.5s state={'complete': False, 'error': None, 'executedCount': 1, 'wsState': 1} eval_ms=5
  [capture-loop] iter=2500 t=304.4s state={'complete': False, 'error': None, 'executedCount': 1, 'wsState': 1} eval_ms=5
  [capture-loop] iter=2550 t=310.5s state={'complete': False, 'error': None, 'executedCount': 1, 'wsState': 1} eval_ms=4
  [capture-loop] iter=2600 t=316.7s state={'complete': False, 'error': None, 'executedCount': 1, 'wsState': 1} eval_ms=5
  [capture-loop] iter=2650 t=322.6s state={'complete': False, 'error': None, 'executedCount': 1, 'wsState': 1} eval_ms=4
  [capture-loop] iter=2700 t=328.8s state={'complete': False, 'error': None, 'executedCount': 1, 'wsState': 1} eval_ms=4
  [capture-loop] iter=2750 t=334.9s state={'complete': False, 'error': None, 'executedCount': 1, 'wsState': 1} eval_ms=4
  [capture-loop] iter=2800 t=340.8s state={'complete': False, 'error': None, 'executedCount': 1, 'wsState': 1} eval_ms=4
  [capture-loop] iter=2850 t=346.9s state={'complete': False, 'error': None, 'executedCount': 1, 'wsState': 1} eval_ms=4
  [capture-loop] iter=2900 t=353.0s state={'complete': False, 'error': None, 'executedCount': 1, 'wsState': 1} eval_ms=4
  [capture-loop] iter=2950 t=358.8s state={'complete': False, 'error': None, 'executedCount': 1, 'wsState': 1} eval_ms=4
  [capture-loop] iter=3000 t=364.9s state={'complete': False, 'error': None, 'executedCount': 1, 'wsState': 1} eval_ms=4
  [capture-loop] iter=3050 t=370.9s state={'complete': False, 'error': None, 'executedCount': 1, 'wsState': 1} eval_ms=4
  [capture-loop] iter=3100 t=376.8s state={'complete': False, 'error': None, 'executedCount': 1, 'wsState': 1} eval_ms=4
  [capture-loop] iter=3150 t=383.1s state={'complete': False, 'error': None, 'executedCount': 1, 'wsState': 1} eval_ms=5
  [capture-loop] iter=3200 t=389.4s state={'complete': False, 'error': None, 'executedCount': 1, 'wsState': 1} eval_ms=4
  [capture-loop] iter=3250 t=395.6s state={'complete': False, 'error': None, 'executedCount': 1, 'wsState': 1} eval_ms=4
  [capture-loop] iter=3300 t=401.5s state={'complete': False, 'error': None, 'executedCount': 1, 'wsState': 1} eval_ms=5
  [capture-loop] iter=3350 t=407.7s state={'complete': False, 'error': None, 'executedCount': 1, 'wsState': 1} eval_ms=5
  [capture-loop] iter=3400 t=413.8s state={'complete': False, 'error': None, 'executedCount': 1, 'wsState': 1} eval_ms=4
  [capture-loop] iter=3450 t=419.7s state={'complete': False, 'error': None, 'executedCount': 1, 'wsState': 1} eval_ms=4
  [capture-loop] iter=3500 t=425.9s state={'complete': False, 'error': None, 'executedCount': 1, 'wsState': 1} eval_ms=6
  [capture-loop] iter=3550 t=432.1s state={'complete': False, 'error': None, 'executedCount': 1, 'wsState': 1} eval_ms=4
  [capture-loop] iter=3600 t=438.0s state={'complete': False, 'error': None, 'executedCount': 1, 'wsState': 1} eval_ms=5
  [capture-loop] iter=3650 t=444.1s state={'complete': False, 'error': None, 'executedCount': 1, 'wsState': 1} eval_ms=4
  [capture-loop] iter=3700 t=450.1s state={'complete': False, 'error': None, 'executedCount': 1, 'wsState': 1} eval_ms=4
  [capture-loop] iter=3750 t=456.1s state={'complete': False, 'error': None, 'executedCount': 1, 'wsState': 1} eval_ms=4
  [capture-loop] iter=3800 t=462.2s state={'complete': False, 'error': None, 'executedCount': 1, 'wsState': 1} eval_ms=4
  [capture-loop] iter=3850 t=468.3s state={'complete': False, 'error': None, 'executedCount': 1, 'wsState': 1} eval_ms=5
  [capture-loop] iter=3900 t=474.1s state={'complete': False, 'error': None, 'executedCount': 1, 'wsState': 1} eval_ms=4
  [capture-loop] iter=3950 t=480.3s state={'complete': False, 'error': None, 'executedCount': 1, 'wsState': 1} eval_ms=5
  [capture-loop] iter=4000 t=486.5s state={'complete': False, 'error': None, 'executedCount': 1, 'wsState': 1} eval_ms=4
  [capture-loop] iter=4050 t=492.4s state={'complete': False, 'error': None, 'executedCount': 1, 'wsState': 1} eval_ms=4
  [capture-loop] iter=4100 t=498.6s state={'complete': False, 'error': None, 'executedCount': 1, 'wsState': 1} eval_ms=5
  [capture-loop] iter=4150 t=504.7s state={'complete': False, 'error': None, 'executedCount': 1, 'wsState': 1} eval_ms=4
  [capture-loop] iter=4200 t=510.6s state={'complete': False, 'error': None, 'executedCount': 1, 'wsState': 1} eval_ms=4
  [capture-loop] iter=4250 t=516.7s state={'complete': False, 'error': None, 'executedCount': 1, 'wsState': 1} eval_ms=4
  [capture-loop] iter=4300 t=522.9s state={'complete': False, 'error': None, 'executedCount': 1, 'wsState': 1} eval_ms=4
  [capture-loop] iter=4350 t=528.9s state={'complete': False, 'error': None, 'executedCount': 1, 'wsState': 1} eval_ms=4
  [capture-loop] iter=4400 t=535.0s state={'complete': False, 'error': None, 'executedCount': 1, 'wsState': 1} eval_ms=4
  [capture-loop] iter=4450 t=541.1s state={'complete': False, 'error': None, 'executedCount': 1, 'wsState': 1} eval_ms=4
  [capture-loop] iter=4500 t=547.0s state={'complete': False, 'error': None, 'executedCount': 1, 'wsState': 1} eval_ms=4
  Node executed (2 total), capturing...
  Frame 4 saved (frame_003.jpg, t=552.5s)
  [capture-node] freeze=21ms shot=196ms unfreeze=4ms saved=True
  [capture-loop] iter=4550 t=553.5s state={'complete': False, 'error': None, 'executedCount': 2, 'wsState': 1} eval_ms=5
  Frame 5 saved (frame_004.jpg, t=554.9s)
  [capture-periodic] freeze=4ms shot=195ms unfreeze=5ms saved=True
  [capture-loop] iter=4600 t=559.7s state={'complete': False, 'error': None, 'executedCount': 2, 'wsState': 1} eval_ms=4
  [capture-loop] iter=4650 t=565.6s state={'complete': False, 'error': None, 'executedCount': 2, 'wsState': 1} eval_ms=4
  Frame 6 saved (frame_005.jpg, t=568.5s)
  [capture-periodic] freeze=4ms shot=197ms unfreeze=4ms saved=True
  [capture-loop] iter=4700 t=571.7s state={'complete': False, 'error': None, 'executedCount': 2, 'wsState': 1} eval_ms=4
  [capture-loop] iter=4750 t=577.6s state={'complete': False, 'error': None, 'executedCount': 2, 'wsState': 1} eval_ms=6
  [capture-loop] iter=4800 t=583.9s state={'complete': False, 'error': None, 'executedCount': 2, 'wsState': 1} eval_ms=5
  Frame 7 saved (frame_006.jpg, t=584.5s)
  [capture-periodic] freeze=4ms shot=206ms unfreeze=5ms saved=True
  [capture-loop] iter=4850 t=590.1s state={'complete': False, 'error': None, 'executedCount': 2, 'wsState': 1} eval_ms=5
  [capture-loop] iter=4900 t=596.3s state={'complete': False, 'error': None, 'executedCount': 2, 'wsState': 1} eval_ms=4
  [capture-loop] iter=4950 t=602.3s state={'complete': False, 'error': None, 'executedCount': 2, 'wsState': 1} eval_ms=5
  Frame 8 saved (frame_007.jpg, t=602.7s)
  [capture-periodic] freeze=4ms shot=200ms unfreeze=12ms saved=True
  [capture-loop] iter=5000 t=608.5s state={'complete': False, 'error': None, 'executedCount': 2, 'wsState': 1} eval_ms=5
  [capture-loop] iter=5050 t=614.6s state={'complete': False, 'error': None, 'executedCount': 2, 'wsState': 1} eval_ms=4
  Frame 9 saved (frame_008.jpg, t=618.6s)
  [capture-periodic] freeze=5ms shot=198ms unfreeze=5ms saved=True
  [capture-loop] iter=5100 t=620.7s state={'complete': False, 'error': None, 'executedCount': 2, 'wsState': 1} eval_ms=4
  [capture-loop] iter=5150 t=626.8s state={'complete': False, 'error': None, 'executedCount': 2, 'wsState': 1} eval_ms=4
  [capture-loop] iter=5200 t=633.0s state={'complete': False, 'error': None, 'executedCount': 2, 'wsState': 1} eval_ms=5
  Frame 10 saved (frame_009.jpg, t=636.9s)
  [capture-periodic] freeze=4ms shot=179ms unfreeze=4ms saved=True
  [capture-loop] iter=5250 t=638.9s state={'complete': False, 'error': None, 'executedCount': 2, 'wsState': 1} eval_ms=4
  [capture-loop] iter=5300 t=645.0s state={'complete': False, 'error': None, 'executedCount': 2, 'wsState': 1} eval_ms=4
  Frame 11 saved (frame_010.jpg, t=650.5s)
  [capture-periodic] freeze=4ms shot=208ms unfreeze=4ms saved=True
  [capture-loop] iter=5350 t=651.1s state={'complete': False, 'error': None, 'executedCount': 2, 'wsState': 1} eval_ms=4
  [capture-loop] iter=5400 t=657.1s state={'complete': False, 'error': None, 'executedCount': 2, 'wsState': 1} eval_ms=4
  [capture-loop] iter=5450 t=663.2s state={'complete': False, 'error': None, 'executedCount': 2, 'wsState': 1} eval_ms=4
  Frame 12 saved (frame_011.jpg, t=666.6s)
  [capture-periodic] freeze=3ms shot=188ms unfreeze=5ms saved=True
  [capture-loop] iter=5500 t=669.3s state={'complete': False, 'error': None, 'executedCount': 2, 'wsState': 1} eval_ms=5
  [capture-loop] iter=5550 t=675.3s state={'complete': False, 'error': None, 'executedCount': 2, 'wsState': 1} eval_ms=3
  Frame 13 saved (frame_012.jpg, t=680.3s)
  [capture-periodic] freeze=4ms shot=195ms unfreeze=5ms saved=True
  [capture-loop] iter=5600 t=681.4s state={'complete': False, 'error': None, 'executedCount': 2, 'wsState': 1} eval_ms=5
  [capture-loop] iter=5650 t=687.6s state={'complete': False, 'error': None, 'executedCount': 2, 'wsState': 1} eval_ms=5
  [capture-loop] iter=5700 t=693.6s state={'complete': False, 'error': None, 'executedCount': 2, 'wsState': 1} eval_ms=4
  Frame 14 saved (frame_013.jpg, t=698.6s)
  [capture-periodic] freeze=4ms shot=191ms unfreeze=4ms saved=True
  [capture-loop] iter=5750 t=699.8s state={'complete': False, 'error': None, 'executedCount': 2, 'wsState': 1} eval_ms=4
  [capture-loop] iter=5800 t=706.0s state={'complete': False, 'error': None, 'executedCount': 2, 'wsState': 1} eval_ms=4
  [capture-loop] iter=5850 t=712.0s state={'complete': False, 'error': None, 'executedCount': 2, 'wsState': 1} eval_ms=4
  Frame 15 saved (frame_014.jpg, t=716.5s)
  [capture-periodic] freeze=4ms shot=198ms unfreeze=9ms saved=True
  [capture-loop] iter=5900 t=718.2s state={'complete': False, 'error': None, 'executedCount': 2, 'wsState': 1} eval_ms=4
  [capture-loop] iter=5950 t=724.4s state={'complete': False, 'error': None, 'executedCount': 2, 'wsState': 1} eval_ms=4
  [capture-loop] iter=6000 t=730.3s state={'complete': False, 'error': None, 'executedCount': 2, 'wsState': 1} eval_ms=4
  Frame 16 saved (frame_015.jpg, t=732.6s)
  [capture-periodic] freeze=3ms shot=171ms unfreeze=5ms saved=True
  [capture-loop] iter=6050 t=736.4s state={'complete': False, 'error': None, 'executedCount': 2, 'wsState': 1} eval_ms=4
  [capture-loop] iter=6100 t=742.5s state={'complete': False, 'error': None, 'executedCount': 2, 'wsState': 1} eval_ms=4
  Frame 17 saved (frame_016.jpg, t=746.1s)
  [capture-periodic] freeze=4ms shot=205ms unfreeze=5ms saved=True
  [capture-loop] iter=6150 t=748.4s state={'complete': False, 'error': None, 'executedCount': 2, 'wsState': 1} eval_ms=4
  [capture-loop] iter=6200 t=754.6s state={'complete': False, 'error': None, 'executedCount': 2, 'wsState': 1} eval_ms=4
  [capture-loop] iter=6250 t=760.8s state={'complete': False, 'error': None, 'executedCount': 2, 'wsState': 1} eval_ms=4
  Frame 18 saved (frame_017.jpg, t=762.1s)
  [capture-periodic] freeze=4ms shot=191ms unfreeze=6ms saved=True
  Node executed (3 total), capturing...
  Frame 19 saved (frame_018.jpg, t=763.0s)
  [capture-node] freeze=5ms shot=174ms unfreeze=0ms saved=True
  Execution complete (t=763.0s)
  Captured 19 unique frames over 763.21s
  [debug] iframes: 0
  [timing] trigger_3d_previews: 0.0s
  Saved high-quality screenshot: video_multiview_depth_executed.png
  [timing] final_screenshot: 0.9s
    Captured 20 video frames