[00:00] Crash dump logging enabled: /home/runner/work/comfy-gpu-ci/comfy-gpu-ci/comfy-test-logs/DepthAnythingV3-2329/linux-cpu/crash_dump.log
[00:00] 
[00:00] [1/3] REGISTRATION
[00:00] ----------------------------------------
[00:00] 
[DEBUG] server=None, server_url=http://127.0.0.1:8188, api=None
[00:00] 
Connecting to existing server at http://127.0.0.1:8188...
[00:00] Connecting to existing server at http://127.0.0.1:8188...
[00:00] Connected to server! (attempt 1, 0.0s)
[00:00] Checking for import errors in server logs...
[00:00] No import errors detected
[00:00] Found 1103 registered nodes
[00:00] [REGISTRATION] PASSED
[00:00] 
[00:00] [2/3] INSTANTIATION
[00:00] ----------------------------------------
[00:00] 
[DEBUG] server=<comfy_test.comfyui.server.ExternalComfyUIServer object at 0x7f9cfb320980>, server_url=http://127.0.0.1:8188, api=<comfy_test.comfyui.api.ComfyUIAPI object at 0x7f9cfb320ad0>
[00:00] Testing node constructors...
[00:01] All 15 node(s) instantiated successfully!
[00:01] [INSTANTIATION] PASSED
[00:01] 
[00:01] [3/3] EXECUTION
[00:01] ----------------------------------------
[00:01] 
[DEBUG] server=<comfy_test.comfyui.server.ExternalComfyUIServer object at 0x7f9cfb320980>, server_url=http://127.0.0.1:8188, api=<comfy_test.comfyui.api.ComfyUIAPI object at 0x7f9cfb320ad0>
[00:01] CPU runner - will execute 4 workflow(s)
[00:01] Running 7 workflow(s) (all with videos)...
[00:02] Starting headless browser...
[00:02]   Installing Mesa llvmpipe (apt)...
[00:14]   Mesa install failed: E: Unable to locate package libegl1-mesa

[00:14]   No GPU, no Mesa — using SwiftShader software rendering
[00:15] Capturing execution frames: advanced.json
[00:22]   Frame 1 saved (frame_000.jpg, t=0.0s)
[00:22]   Validating workflow...
[00:22]   Queuing workflow for execution...
[00:25]   Frame 2 saved (frame_001.jpg, t=2.4s)
[00:25]   [capture-periodic] freeze=5ms shot=154ms unfreeze=5ms saved=True
[00:27]   Frame 3 saved (frame_002.jpg, t=4.7s)
[00:27]   [capture-periodic] freeze=7ms shot=221ms unfreeze=19ms saved=True
[00:29]   [capture-loop] iter=50 t=6.5s state={'complete': False, 'error': None, 'executedCount': 0, 'wsState': 1} eval_ms=5
[00:29]   Frame 4 saved (frame_003.jpg, t=7.0s)
[00:30]   [capture-periodic] freeze=3ms shot=149ms unfreeze=38ms saved=True
[00:34]   Frame 5 saved (frame_004.jpg, t=11.7s)
[00:34]   [capture-periodic] freeze=3ms shot=114ms unfreeze=6ms saved=True
[00:35]   [capture-loop] iter=100 t=12.7s state={'complete': False, 'error': None, 'executedCount': 0, 'wsState': 1} eval_ms=4
[00:36]   Frame 6 saved (frame_005.jpg, t=13.9s)
[00:36]   [capture-periodic] freeze=4ms shot=151ms unfreeze=5ms saved=True
[00:41]   [capture-loop] iter=150 t=18.5s state={'complete': False, 'error': None, 'executedCount': 0, 'wsState': 1} eval_ms=3
[00:46]   [capture-loop] iter=200 t=24.1s state={'complete': False, 'error': None, 'executedCount': 0, 'wsState': 1} eval_ms=4
[00:52]   [capture-loop] iter=250 t=29.8s state={'complete': False, 'error': None, 'executedCount': 0, 'wsState': 1} eval_ms=3
[00:58]   [capture-loop] iter=300 t=35.4s state={'complete': False, 'error': None, 'executedCount': 0, 'wsState': 1} eval_ms=4
[01:03]   [capture-loop] iter=350 t=41.2s state={'complete': False, 'error': None, 'executedCount': 0, 'wsState': 1} eval_ms=4
[01:09]   [capture-loop] iter=400 t=47.0s state={'complete': False, 'error': None, 'executedCount': 0, 'wsState': 1} eval_ms=3
[01:15]   [capture-loop] iter=450 t=52.5s state={'complete': False, 'error': None, 'executedCount': 0, 'wsState': 1} eval_ms=3
[01:20]   [capture-loop] iter=500 t=58.2s state={'complete': False, 'error': None, 'executedCount': 0, 'wsState': 1} eval_ms=3
[01:26]   [capture-loop] iter=550 t=63.9s state={'complete': False, 'error': None, 'executedCount': 0, 'wsState': 1} eval_ms=3
[01:32]   [capture-loop] iter=600 t=69.4s state={'complete': False, 'error': None, 'executedCount': 0, 'wsState': 1} eval_ms=3
[01:37]   [capture-loop] iter=650 t=75.1s state={'complete': False, 'error': None, 'executedCount': 0, 'wsState': 1} eval_ms=4
[01:43]   [capture-loop] iter=700 t=80.8s state={'complete': False, 'error': None, 'executedCount': 0, 'wsState': 1} eval_ms=4
[01:49]   [capture-loop] iter=750 t=86.5s state={'complete': False, 'error': None, 'executedCount': 0, 'wsState': 1} eval_ms=4
[01:55]   [capture-loop] iter=800 t=92.3s state={'complete': False, 'error': None, 'executedCount': 0, 'wsState': 1} eval_ms=4
[02:00]   [capture-loop] iter=850 t=97.9s state={'complete': False, 'error': None, 'executedCount': 0, 'wsState': 1} eval_ms=4
[02:06]   [capture-loop] iter=900 t=103.6s state={'complete': False, 'error': None, 'executedCount': 0, 'wsState': 1} eval_ms=3
[02:11]   Node executed (1 total), capturing...
[02:11]   Frame 7 saved (frame_006.jpg, t=108.7s)
[02:11]   [capture-node] freeze=43ms shot=228ms unfreeze=5ms saved=True
[02:11]   Node executed (8 total), capturing...
[02:12]   Frame 8 saved (frame_007.jpg, t=109.2s)
[02:12]   [capture-node] freeze=4ms shot=131ms unfreeze=4ms saved=True
[02:12]   Execution complete (t=109.5s)
[02:12]   Captured 8 unique frames over 109.52s
[02:12]   [debug] iframes: 0
[02:12]   [timing] trigger_3d_previews: 0.0s
[02:15]   Saved high-quality screenshot: advanced_executed.png
[02:15]   [timing] final_screenshot: 0.9s
[02:15] Capturing execution frames: advanced_3d.json
[02:22]   Frame 1 saved (frame_000.jpg, t=0.0s)
[02:22]   Validating workflow...
[02:22]   Queuing workflow for execution...
[02:24]   Frame 2 saved (frame_001.jpg, t=2.4s)
[02:24]   [capture-periodic] freeze=3ms shot=121ms unfreeze=8ms saved=True
[02:27]   Frame 3 saved (frame_002.jpg, t=4.6s)
[02:27]   [capture-periodic] freeze=3ms shot=131ms unfreeze=7ms saved=True
[02:28]   [capture-loop] iter=50 t=5.9s state={'complete': False, 'error': None, 'executedCount': 0, 'wsState': 1} eval_ms=4
[02:29]   Frame 4 saved (frame_003.jpg, t=6.8s)
[02:29]   [capture-periodic] freeze=4ms shot=121ms unfreeze=8ms saved=True
[02:33]   [capture-loop] iter=100 t=11.7s state={'complete': False, 'error': None, 'executedCount': 0, 'wsState': 1} eval_ms=5
[02:39]   [capture-loop] iter=150 t=17.3s state={'complete': False, 'error': None, 'executedCount': 0, 'wsState': 1} eval_ms=4
[02:45]   [capture-loop] iter=200 t=23.0s state={'complete': False, 'error': None, 'executedCount': 0, 'wsState': 1} eval_ms=4
[02:51]   [capture-loop] iter=250 t=28.8s state={'complete': False, 'error': None, 'executedCount': 0, 'wsState': 1} eval_ms=4
[02:56]   [capture-loop] iter=300 t=34.4s state={'complete': False, 'error': None, 'executedCount': 0, 'wsState': 1} eval_ms=3
[03:02]   [capture-loop] iter=350 t=40.2s state={'complete': False, 'error': None, 'executedCount': 0, 'wsState': 1} eval_ms=3
[03:08]   [capture-loop] iter=400 t=45.8s state={'complete': False, 'error': None, 'executedCount': 0, 'wsState': 1} eval_ms=4
[03:10]   Frame 5 saved (frame_004.jpg, t=48.0s)
[03:10]   [capture-periodic] freeze=2ms shot=135ms unfreeze=5ms saved=True
[03:12]   Node executed (2 total), capturing...
[03:12]   Frame 6 saved (frame_005.jpg, t=50.1s)
[03:12]   [capture-node] freeze=4ms shot=142ms unfreeze=16ms saved=True
[03:14]   Execution complete (t=52.1s)
[03:14]   Captured 6 unique frames over 52.1s
[03:14]   [debug] iframes: 1
[03:14]   [debug]   iframe[0]: src=http://127.0.0.1:8188/extensions/ComfyUI-GeometryPack/viewer_vtk.html?v=17776782, canvas=486x394, rafFrozen=False
[03:14]   [timing] trigger_3d_previews: 0.0s
[03:17]   Saved high-quality screenshot: advanced_3d_executed.png
[03:17]   [timing] final_screenshot: 0.8s
[03:17] Capturing execution frames: advanced_3d_multiview.json
[03:24]   Frame 1 saved (frame_000.jpg, t=0.0s)
[03:24]   Validating workflow...
[03:24]   Queuing workflow for execution...
[03:24]   Node executed (1 total), capturing...
[03:24]   Frame 2 saved (frame_001.jpg, t=0.7s)
[03:24]   [capture-node] freeze=5ms shot=142ms unfreeze=6ms saved=True
[03:27]   Frame 3 saved (frame_002.jpg, t=2.9s)
[03:27]   [capture-periodic] freeze=4ms shot=117ms unfreeze=8ms saved=True
[03:29]   Frame 4 saved (frame_003.jpg, t=5.1s)
[03:29]   [capture-periodic] freeze=3ms shot=126ms unfreeze=8ms saved=True
[03:30]   [capture-loop] iter=50 t=6.4s state={'complete': False, 'error': None, 'executedCount': 1, 'wsState': 1} eval_ms=4
[03:31]   Frame 5 saved (frame_004.jpg, t=7.3s)
[03:31]   [capture-periodic] freeze=2ms shot=113ms unfreeze=5ms saved=True
[03:36]   [capture-loop] iter=100 t=12.1s state={'complete': False, 'error': None, 'executedCount': 1, 'wsState': 1} eval_ms=3
[03:41]   [capture-loop] iter=150 t=17.7s state={'complete': False, 'error': None, 'executedCount': 1, 'wsState': 1} eval_ms=4
[03:47]   [capture-loop] iter=200 t=23.4s state={'complete': False, 'error': None, 'executedCount': 1, 'wsState': 1} eval_ms=4
[03:53]   [capture-loop] iter=250 t=29.1s state={'complete': False, 'error': None, 'executedCount': 1, 'wsState': 1} eval_ms=4
[03:58]   [capture-loop] iter=300 t=34.8s state={'complete': False, 'error': None, 'executedCount': 1, 'wsState': 1} eval_ms=3
[04:04]   [capture-loop] iter=350 t=40.5s state={'complete': False, 'error': None, 'executedCount': 1, 'wsState': 1} eval_ms=4
[04:10]   [capture-loop] iter=400 t=46.1s state={'complete': False, 'error': None, 'executedCount': 1, 'wsState': 1} eval_ms=3
[04:15]   [capture-loop] iter=450 t=51.8s state={'complete': False, 'error': None, 'executedCount': 1, 'wsState': 1} eval_ms=4
[04:21]   [capture-loop] iter=500 t=57.6s state={'complete': False, 'error': None, 'executedCount': 1, 'wsState': 1} eval_ms=3
[04:27]   [capture-loop] iter=550 t=63.1s state={'complete': False, 'error': None, 'executedCount': 1, 'wsState': 1} eval_ms=3
[04:33]   [capture-loop] iter=600 t=69.0s state={'complete': False, 'error': None, 'executedCount': 1, 'wsState': 1} eval_ms=3
[04:38]   [capture-loop] iter=650 t=74.6s state={'complete': False, 'error': None, 'executedCount': 1, 'wsState': 1} eval_ms=3
[04:44]   [capture-loop] iter=700 t=80.2s state={'complete': False, 'error': None, 'executedCount': 1, 'wsState': 1} eval_ms=4
[04:50]   [capture-loop] iter=750 t=85.9s state={'complete': False, 'error': None, 'executedCount': 1, 'wsState': 1} eval_ms=4
[04:55]   [capture-loop] iter=800 t=91.6s state={'complete': False, 'error': None, 'executedCount': 1, 'wsState': 1} eval_ms=5
[05:01]   [capture-loop] iter=850 t=97.3s state={'complete': False, 'error': None, 'executedCount': 1, 'wsState': 1} eval_ms=4
[05:07]   [capture-loop] iter=900 t=103.0s state={'complete': False, 'error': None, 'executedCount': 1, 'wsState': 1} eval_ms=3
[05:12]   [capture-loop] iter=950 t=108.6s state={'complete': False, 'error': None, 'executedCount': 1, 'wsState': 1} eval_ms=3
[05:18]   [capture-loop] iter=1000 t=114.3s state={'complete': False, 'error': None, 'executedCount': 1, 'wsState': 1} eval_ms=3
[05:24]   [capture-loop] iter=1050 t=120.0s state={'complete': False, 'error': None, 'executedCount': 1, 'wsState': 1} eval_ms=4
[05:29]   [capture-loop] iter=1100 t=125.6s state={'complete': False, 'error': None, 'executedCount': 1, 'wsState': 1} eval_ms=3
[05:35]   [capture-loop] iter=1150 t=131.3s state={'complete': False, 'error': None, 'executedCount': 1, 'wsState': 1} eval_ms=3
[05:41]   [capture-loop] iter=1200 t=137.1s state={'complete': False, 'error': None, 'executedCount': 1, 'wsState': 1} eval_ms=3
[05:46]   [capture-loop] iter=1250 t=142.7s state={'complete': False, 'error': None, 'executedCount': 1, 'wsState': 1} eval_ms=3
[05:52]   [capture-loop] iter=1300 t=148.4s state={'complete': False, 'error': None, 'executedCount': 1, 'wsState': 1} eval_ms=4
[05:58]   [capture-loop] iter=1350 t=154.0s state={'complete': False, 'error': None, 'executedCount': 1, 'wsState': 1} eval_ms=3
[06:03]   [capture-loop] iter=1400 t=159.7s state={'complete': False, 'error': None, 'executedCount': 1, 'wsState': 1} eval_ms=4
[06:09]   [capture-loop] iter=1450 t=165.4s state={'complete': False, 'error': None, 'executedCount': 1, 'wsState': 1} eval_ms=4
[06:15]   [capture-loop] iter=1500 t=171.0s state={'complete': False, 'error': None, 'executedCount': 1, 'wsState': 1} eval_ms=3
[06:20]   [capture-loop] iter=1550 t=176.8s state={'complete': False, 'error': None, 'executedCount': 1, 'wsState': 1} eval_ms=3
[06:26]   [capture-loop] iter=1600 t=182.4s state={'complete': False, 'error': None, 'executedCount': 1, 'wsState': 1} eval_ms=4
[06:32]   [capture-loop] iter=1650 t=188.0s state={'complete': False, 'error': None, 'executedCount': 1, 'wsState': 1} eval_ms=4
[06:37]   [capture-loop] iter=1700 t=193.7s state={'complete': False, 'error': None, 'executedCount': 1, 'wsState': 1} eval_ms=4
[06:43]   [capture-loop] iter=1750 t=199.2s state={'complete': False, 'error': None, 'executedCount': 1, 'wsState': 1} eval_ms=3
[06:49]   [capture-loop] iter=1800 t=204.9s state={'complete': False, 'error': None, 'executedCount': 1, 'wsState': 1} eval_ms=3
[06:54]   [capture-loop] iter=1850 t=210.7s state={'complete': False, 'error': None, 'executedCount': 1, 'wsState': 1} eval_ms=3
[07:00]   [capture-loop] iter=1900 t=216.2s state={'complete': False, 'error': None, 'executedCount': 1, 'wsState': 1} eval_ms=3
[07:06]   [capture-loop] iter=1950 t=221.9s state={'complete': False, 'error': None, 'executedCount': 1, 'wsState': 1} eval_ms=5
[07:11]   [capture-loop] iter=2000 t=227.7s state={'complete': False, 'error': None, 'executedCount': 1, 'wsState': 1} eval_ms=4
[07:17]   [capture-loop] iter=2050 t=233.2s state={'complete': False, 'error': None, 'executedCount': 1, 'wsState': 1} eval_ms=4
[07:23]   [capture-loop] iter=2100 t=239.1s state={'complete': False, 'error': None, 'executedCount': 1, 'wsState': 1} eval_ms=4
[07:28]   [capture-loop] iter=2150 t=244.8s state={'complete': False, 'error': None, 'executedCount': 1, 'wsState': 1} eval_ms=3
[07:34]   [capture-loop] iter=2200 t=250.4s state={'complete': False, 'error': None, 'executedCount': 1, 'wsState': 1} eval_ms=4
[07:38]   Node executed (4 total), capturing...
[07:38]   Frame 6 saved (frame_005.jpg, t=254.2s)
[07:38]   [capture-node] freeze=3ms shot=125ms unfreeze=8ms saved=True
[07:38]   Execution complete (t=254.6s)
[07:38]   Captured 6 unique frames over 254.64s
[07:38]   [debug] iframes: 1
[07:38]   [debug]   iframe[0]: src=http://127.0.0.1:8188/extensions/ComfyUI-GeometryPack/viewer_vtk.html?v=17776783, canvas=486x394, rafFrozen=False
[07:38]   [timing] trigger_3d_previews: 0.0s
[07:41]   Saved high-quality screenshot: advanced_3d_multiview_executed.png
[07:41]   [timing] final_screenshot: 0.8s
[07:41]   [4/7] SKIPPED (not in cpu list) bas_relief.json
[07:41]   [5/7] SKIPPED (not in cpu list) da3_streaming.json
[07:41] Capturing execution frames: simple.json
[07:48]   Frame 1 saved (frame_000.jpg, t=0.0s)
[07:48]   Validating workflow...
[07:48]   Queuing workflow for execution...
[07:51]   Frame 2 saved (frame_001.jpg, t=2.3s)
[07:51]   [capture-periodic] freeze=4ms shot=125ms unfreeze=6ms saved=True
[07:53]   Frame 3 saved (frame_002.jpg, t=4.5s)
[07:53]   [capture-periodic] freeze=4ms shot=127ms unfreeze=5ms saved=True
[07:54]   [capture-loop] iter=50 t=5.9s state={'complete': False, 'error': None, 'executedCount': 0, 'wsState': 1} eval_ms=4
[07:55]   Frame 4 saved (frame_003.jpg, t=6.7s)
[07:55]   [capture-periodic] freeze=3ms shot=129ms unfreeze=7ms saved=True
[08:00]   [capture-loop] iter=100 t=11.6s state={'complete': False, 'error': None, 'executedCount': 0, 'wsState': 1} eval_ms=4
[08:05]   [capture-loop] iter=150 t=17.2s state={'complete': False, 'error': None, 'executedCount': 0, 'wsState': 1} eval_ms=3
[08:11]   [capture-loop] iter=200 t=22.9s state={'complete': False, 'error': None, 'executedCount': 0, 'wsState': 1} eval_ms=4
[08:17]   [capture-loop] iter=250 t=28.7s state={'complete': False, 'error': None, 'executedCount': 0, 'wsState': 1} eval_ms=7
[08:23]   [capture-loop] iter=300 t=34.3s state={'complete': False, 'error': None, 'executedCount': 0, 'wsState': 1} eval_ms=3
[08:28]   [capture-loop] iter=350 t=40.0s state={'complete': False, 'error': None, 'executedCount': 0, 'wsState': 1} eval_ms=4
[08:34]   [capture-loop] iter=400 t=45.7s state={'complete': False, 'error': None, 'executedCount': 0, 'wsState': 1} eval_ms=4
[08:40]   [capture-loop] iter=450 t=51.4s state={'complete': False, 'error': None, 'executedCount': 0, 'wsState': 1} eval_ms=3
[08:45]   [capture-loop] iter=500 t=57.1s state={'complete': False, 'error': None, 'executedCount': 0, 'wsState': 1} eval_ms=4
[08:51]   [capture-loop] iter=550 t=62.7s state={'complete': False, 'error': None, 'executedCount': 0, 'wsState': 1} eval_ms=4
[08:57]   [capture-loop] iter=600 t=68.6s state={'complete': False, 'error': None, 'executedCount': 0, 'wsState': 1} eval_ms=3
[09:03]   [capture-loop] iter=650 t=74.3s state={'complete': False, 'error': None, 'executedCount': 0, 'wsState': 1} eval_ms=4
[09:08]   [capture-loop] iter=700 t=79.8s state={'complete': False, 'error': None, 'executedCount': 0, 'wsState': 1} eval_ms=3
[09:14]   [capture-loop] iter=750 t=85.6s state={'complete': False, 'error': None, 'executedCount': 0, 'wsState': 1} eval_ms=4
[09:20]   [capture-loop] iter=800 t=91.4s state={'complete': False, 'error': None, 'executedCount': 0, 'wsState': 1} eval_ms=3
[09:20]   Node executed (1 total), capturing...
[09:21]   Frame 5 saved (frame_004.jpg, t=92.1s)
[09:21]   [capture-node] freeze=3ms shot=157ms unfreeze=6ms saved=True
[09:21]   Execution complete (t=92.4s)
[09:21]   Captured 5 unique frames over 92.38s
[09:21]   [debug] iframes: 0
[09:21]   [timing] trigger_3d_previews: 0.0s
[09:23]   Saved high-quality screenshot: simple_executed.png
[09:24]   [timing] final_screenshot: 0.9s
[09:24]   [7/7] SKIPPED (not in cpu list) video_multiview_depth.json
[09:24] Results saved to /home/runner/work/comfy-gpu-ci/comfy-gpu-ci/comfy-test-logs/DepthAnythingV3-2329/linux-cpu/results.json
[09:24] Model report: 4 files, 1.5 GB -> /home/runner/work/comfy-gpu-ci/comfy-gpu-ci/comfy-test-logs/DepthAnythingV3-2329/linux-cpu/models.json
[09:24] Saved: /home/runner/work/comfy-gpu-ci/comfy-gpu-ci/comfy-test-logs/DepthAnythingV3-2329/linux-cpu/index.html
[09:24] [EXECUTION] PASSED
[09:24] 
linux: PASSED
