Capturing execution frames: advanced.json
  [ComfyUI] [DEPRECATION WARNING] Detected import of deprecated legacy API: /extensions/core/widgetInputs.js. This is likely caused by a custom node extension using outdated APIs. Please update your extensions or contact the extension author for an updated version.
  Frame 1 saved (frame_000.jpg, t=0.0s)
  Validating workflow...
  [ComfyUI] === /validate endpoint called ===
  [ComfyUI] Received JSON with keys: ['prompt']
  Queuing workflow for execution...
  [ComfyUI] Prompt has 11 nodes
  [ComfyUI]   Node 2: LoadImage
  [ComfyUI]     Inputs: {"image": "bridge.jpg"}
  [ComfyUI]   Node 3: DownloadAndLoadDepthAnythingV3Model
  [ComfyUI]     Inputs: {"model": "da3_large.safetensors", "precision": "auto", "attention": "auto"}
  [ComfyUI]   Node 4: PreviewImage
  [ComfyUI]     Inputs: {"images": ["12", 0]}
  [ComfyUI]   Node 6: PreviewImage
  [ComfyUI]     Inputs: {"images": ["12", 1]}
  [ComfyUI]   Node 7: PreviewImage
  [ComfyUI]     Inputs: {"images": ["12", 2]}
  [ComfyUI]   Node 8: PreviewImage
  [ComfyUI]     Inputs: {"images": ["12", 3]}
  [ComfyUI]   Node 9: PreviewAny
  [ComfyUI]     Inputs: {"preview_markdown": "", "preview_text": "", "previewMode": false, "source": ["12", 6]}
  [ComfyUI]   Node 10: PreviewAny
  [ComfyUI]     Inputs: {"preview_markdown": "", "preview_text": "", "previewMode": false, "source": ["12", 5]}
  [ComfyUI]   Node 11: MaskPreview
  [ComfyUI]     Inputs: {"mask": ["12", 7]}
  [ComfyUI]   Node 12: DepthAnything_V3
  [ComfyUI]     Inputs: {"normalization_mode": "V2-Style", "resize_method": "resize", "invert_depth": false, "keep_model_size": false, "da3_model": ["3", 0], "images": ["2", 0]}
  [ComfyUI]   Node 13: PreviewImage
  [ComfyUI]     Inputs: {"images": ["12", 4]}
  [ComfyUI] Generated prompt_id: 0fc1de29-e1cc-4b48-8c61-b4b64e1925a8
  [ComfyUI] Calling execution.validate_prompt()...
  [ComfyUI] Validation result: valid=True
  [ComfyUI] === Validation PASSED ===
  [ComfyUI] got prompt
  [ComfyUI] [comfy-env] Running DownloadAndLoadDepthAnythingV3Model: model: 'da3_large.safetensors', precision: 'auto', attention: 'auto'
  [ComfyUI] [VRAM] Before DownloadAndLoadDepthAnythingV3Model: 1156 / 16379 MB
  [ComfyUI] [SubprocessWorker] call_method: nodes.load_model.DownloadAndLoadDepthAnythingV3Model.EXECUTE_NORMALIZED
  [ComfyUI] [SubprocessWorker] acquired lock, ensuring started...
  [ComfyUI] [comfy-env] depthanythingv3-nodes: Library/bin has 235 DLLs
  [ComfyUI] [comfy-env] SubprocessWorker: C:\workspaces\DepthAnythingV3-0303\portable-comfyui\ComfyUI_windows_portable\ComfyUI\.ce\.pixi\envs\depthanythingv3-nodes\python.exe
  [ComfyUI] [comfy-env] env_vars: {'COMFYUI_BASE': 'C:\\workspaces\\DepthAnythingV3-0303\\portable-comfyui\\ComfyUI_windows_portable\\ComfyUI'}
  [ComfyUI] [ComfyUI-DepthAnythingV3] python: C:\workspaces\DepthAnythingV3-0303\portable-comfyui\ComfyUI_windows_portable\ComfyUI\.ce\.pixi\envs\depthanythingv3-nodes\python.exe
  [ComfyUI] [ComfyUI-DepthAnythingV3] sys_path sent to worker: ['C:\\workspaces\\DepthAnythingV3-0303\\portable-comfyui\\ComfyUI_windows_portable\\ComfyUI', 'C:\\workspaces\\DepthAnythingV3-0303\\portable-comfyui\\ComfyUI_windows_portable\\ComfyUI\\custom_nodes\\ComfyUI-DepthAnythingV3', 'C:\\workspaces\\DepthAnythingV3-0303\\portable-comfyui\\ComfyUI_windows_portable\\ComfyUI\\.ce\\.pixi\\envs\\depthanythingv3-nodes\\Lib\\site-packages', 'C:\\workspaces\\DepthAnythingV3-0303\\portable-comfyui\\ComfyUI_windows_portable\\ComfyUI\\custom_nodes\\ComfyUI-DepthAnythingV3']
  [ComfyUI] [SubprocessWorker] is_pixi=True, python=C:\workspaces\DepthAnythingV3-0303\portable-comfyui\ComfyUI_windows_portable\ComfyUI\.ce\.pixi\envs\depthanythingv3-nodes\python.exe
  [ComfyUI] [SubprocessWorker] launching cmd=['C:\\Users\\ContainerAdministrator\\.local\\bin\\pixi.EXE', 'run', '--as-is', '--manifest-path', 'C:\\workspaces\\DepthAnythingV3-0303\\portable-comfyui\\ComfyUI_windows_portable\\ComfyUI\\.ce\\pixi.toml', '-e', 'depthanythingv3-nodes', 'python', 'C:\\Users\\ContainerAdministrator\\AppData\\Local\\Temp\\comfyui_pvenv_efcwvdar\\persistent_worker.py', 'tcp://127.0.0.1:62787']...
  Frame 2 saved (frame_001.jpg, t=2.2s)
  [capture-periodic] freeze=2ms shot=100ms unfreeze=2ms saved=True
  Frame 3 saved (frame_002.jpg, t=4.7s)
  [capture-periodic] freeze=2ms shot=75ms unfreeze=1ms saved=True
  [capture-loop] iter=50 t=5.9s state={'complete': False, 'error': None, 'executedCount': 0, 'wsState': 1} eval_ms=2
  [capture-loop] iter=100 t=11.5s state={'complete': False, 'error': None, 'executedCount': 0, 'wsState': 1} eval_ms=2
  [ComfyUI] [SubprocessWorker] worker started/confirmed
  [ComfyUI] [SubprocessWorker] serializing kwargs to shm...
  [ComfyUI] [SubprocessWorker] created 0 shm blocks
  [ComfyUI] [SubprocessWorker] sending request via socket...
  [ComfyUI] [SubprocessWorker] call_id=1 sending call_method
  [capture-loop] iter=150 t=17.0s state={'complete': False, 'error': None, 'executedCount': 0, 'wsState': 1} eval_ms=2
  [capture-loop] iter=200 t=22.6s state={'complete': False, 'error': None, 'executedCount': 0, 'wsState': 1} eval_ms=2
  [capture-loop] iter=250 t=28.2s state={'complete': False, 'error': None, 'executedCount': 0, 'wsState': 1} eval_ms=2
  [ComfyUI] [SubprocessWorker] got response: ok
  [ComfyUI] [comfy-env] DownloadAndLoadDepthAnythingV3Model done (28.51s): result: NodeOutput
  [ComfyUI] [VRAM] After DownloadAndLoadDepthAnythingV3Model: 1156 / 16379 MB
  [ComfyUI] [comfy-env] Running DepthAnything_V3: normalization_mode: 'V2-Style', resize_method: 'resize', invert_depth: False, keep_model_size: False, da3_model: dict, images: torch.float32 [1,683,1024,3] cpu
  [ComfyUI] [VRAM] Before DepthAnything_V3: 1156 / 16379 MB
  [ComfyUI] [SubprocessWorker] call_method: nodes.nodes_inference.DepthAnything_V3.EXECUTE_NORMALIZED
  [ComfyUI] [SubprocessWorker] acquired lock, ensuring started...
  [ComfyUI] [ComfyUI-DepthAnythingV3] Health check: ping (timeout=5.0s)...
  [ComfyUI] [ComfyUI-DepthAnythingV3] Health check: ok
  [ComfyUI] [SubprocessWorker] worker started/confirmed
  [ComfyUI] [comfy-env] PRE-SERIALIZE 'images' shape: torch.Size([1, 683, 1024, 3])
  [ComfyUI] [SubprocessWorker] serializing kwargs to shm...
  [ComfyUI] [SubprocessWorker] created 0 shm blocks
  [ComfyUI] [SubprocessWorker] sending request via socket...
  [ComfyUI] [SubprocessWorker] call_id=2 sending call_method
  [ComfyUI] [worker:ComfyUI-DepthAnythingV3] [comfy-env] _from_shm got dict with keys: ['__type__', 'strategy', 'manager_path', 'storage_key', 'storage_size']
  [ComfyUI] [worker:ComfyUI-DepthAnythingV3] [comfy-env] DESERIALIZE TensorRef: tensor_size=[1, 683, 1024, 3]
  [ComfyUI] [worker:ComfyUI-DepthAnythingV3] [comfy-env] DESERIALIZED tensor shape: torch.Size([1, 683, 1024, 3])
  Frame 4 saved (frame_003.jpg, t=30.1s)
  [capture-periodic] freeze=2ms shot=96ms unfreeze=4ms saved=True
  [ComfyUI] [SubprocessWorker] callback 'request_vram_budget' from call_id=2
  [ComfyUI] [comfy-env] VRAM request: 0.82GB, free before eviction: 15.96GB
  [ComfyUI] [comfy-env] VRAM after eviction: 15.96GB
  [ComfyUI] [worker:ComfyUI-DepthAnythingV3] [VRAM] +266MB (now 266MB) reserved=288MB peak=266MB
  [ComfyUI] [worker:ComfyUI-DepthAnythingV3] WARNING: WARNING: This model does not support sky segmentation. V2-Style normalization will work but without sky masking. Use Mono/Metric/Nested models for best V2-Style results.
  [ComfyUI] [SubprocessWorker] callback 'report_progress' from call_id=2
  [ComfyUI] [worker:ComfyUI-DepthAnythingV3] [VRAM] +551MB (now 817MB) reserved=2528MB peak=1721MB
  [ComfyUI] [SubprocessWorker] got response: ok
  [ComfyUI] [comfy-env] Created 1 model patchers: ['DepthAnything3Net_1']
  [ComfyUI] [comfy-env] DepthAnything_V3 done (3.06s): result: NodeOutput
  [ComfyUI] [VRAM] After DepthAnything_V3: 1156 / 16379 MB
  [ComfyUI] [VRAM] Loaded: SubprocessModel (783 MB)
  Node executed (1 total), capturing...
  [ComfyUI] Prompt executed in 31.75 seconds
  Frame 5 saved (frame_004.jpg, t=31.9s)
  [capture-node] freeze=2ms shot=97ms unfreeze=2ms saved=True
  Node executed (8 total), capturing...
  Frame 6 saved (frame_005.jpg, t=32.3s)
  [capture-node] freeze=2ms shot=80ms unfreeze=0ms saved=True
  Execution complete (t=32.3s)
  Captured 6 unique frames over 32.44s
  [debug] iframes: 0
  [timing] trigger_3d_previews: 0.0s
  Saved high-quality screenshot: advanced_executed.png
  [timing] final_screenshot: 0.6s
    Captured 7 video frames