Capturing execution frames: da3_streaming.json
  [Console-error] Failed to load resource: the server responded with a status of 404 (Not Found)
  [Console-error] Failed to load resource: the server responded with a status of 404 (Not Found)
  [Console-error] Failed to load resource: the server responded with a status of 404 (Not Found)
  [Console-error] Failed to load resource: the server responded with a status of 404 (Not Found)
  [Console-error] Failed to load resource: the server responded with a status of 404 (Not Found)
  [Console-warning] WARNING: Multiple instances of Three.js being imported.
  [Console-warning] Extension KJNodes.browserstatus is disabled.
  [Console-error] Error loading extension /extensions/ComfyUI-GeometryPack/js/dynamic_widgets.js Error: Extension named 'Comfy.DynamicWidgets' already registered.
    at Proxy.registerExtension (http://127.0.0.1:8188/assets/index-BFHZsBkN.js:83:1634)
    at Proxy.wrappedAction (http://127.0.0.1:8188/assets/vendor-vue-DaLZjKA7.js:8:5819)
    at Object.registerExtension (http://127.0.0.1:8188/assets/index-BFHZsBkN.js:86:51130)
    at ComfyApp.registerExtension (http://127.0.0.1:8188/assets/index-BFHZsBkN.js:280:21199)
    at http://127.0.0.1:8188/extensions/ComfyUI-GeometryPack/js/dynamic_widgets.js:125:5
  [Console-error] Error loading extension /extensions/ComfyUI-GeometryPack/js/pointcloud_preview_vtk.js Error: Extension named 'comfy3d.pointcloud.vtk' already registered.
    at Proxy.registerExtension (http://127.0.0.1:8188/assets/index-BFHZsBkN.js:83:1634)
    at Proxy.wrappedAction (http://127.0.0.1:8188/assets/vendor-vue-DaLZjKA7.js:8:5819)
    at Object.registerExtension (http://127.0.0.1:8188/assets/index-BFHZsBkN.js:86:51130)
    at ComfyApp.registerExtension (http://127.0.0.1:8188/assets/index-BFHZsBkN.js:280:21199)
    at http://127.0.0.1:8188/extensions/ComfyUI-GeometryPack/js/pointcloud_preview_vtk.js:13:5
  [Console-error] Failed to load resource: the server responded with a status of 404 (Not Found)
  [Console-warning] [ComfyUI Deprecated] Importing from "scripts/ui.js" is deprecated and will be removed in v1.34.
  [Console-warning] [ComfyUI Notice] "extensions/core/widgetInputs.js" is an internal module, not part of the public API. Future updates may break this import.
  [Console-warning] [ComfyUI Notice] "scripts/utils.js" is an internal module, not part of the public API. Future updates may break this import.
  [Console-warning] [MaskEditor] ComfyApp.open_maskeditor is deprecated. Plugins should migrate to using the command system or direct node context menu integration.
  [Console-warning] [ComfyUI Deprecated] Importing from "scripts/ui/components/buttonGroup.js" is deprecated and will be removed in v1.34.
  [Console-warning] [ComfyUI Deprecated] Importing from "scripts/ui/components/button.js" is deprecated and will be removed in v1.34.
  [Console-error] Failed to load resource: the server responded with a status of 403 (Forbidden)
  [Console-error] Error loading model: zy: fetch for "http://127.0.0.1:8188/api/view?type=output&subfolder=%2Fhome%2Fshadeform%2Fdepth_node%2FComfyUI%2Foutput&filename=mesh_0000.glb" responded with 403: Forbidden
    at http://127.0.0.1:8188/assets/vendor-three-DH0o8VQ7.js:3824:114758
  [Console-warning] WebGL: INVALID_OPERATION: loseContext: context already lost
  [Console-error] Failed to load resource: the server responded with a status of 403 (Forbidden)
  [Console-error] Error loading model: zy: fetch for "http://127.0.0.1:8188/api/view?type=output&subfolder=%2Fhome%2Fshadeform%2Fdepth_node%2FComfyUI%2Foutput&filename=mesh_0000.glb" responded with 403: Forbidden
    at http://127.0.0.1:8188/assets/vendor-three-DH0o8VQ7.js:3824:114758
  [Console-warning] Parent element not found
  Frame 1 saved (frame_000.jpg, t=0.0s)
  Validating workflow...
  Queuing workflow for execution...
  Frame 2 saved (frame_001.jpg, t=3.0s)
  [capture-periodic] freeze=42ms shot=1006ms unfreeze=22ms saved=True
  [capture-loop] iter=50 t=10.7s state={'complete': False, 'error': None, 'executedCount': 0, 'wsState': 1} eval_ms=30
  Frame 3 saved (frame_002.jpg, t=11.6s)
  [capture-periodic] freeze=23ms shot=457ms unfreeze=26ms saved=True
  [capture-loop] iter=100 t=20.3s state={'complete': False, 'error': None, 'executedCount': 0, 'wsState': 1} eval_ms=22
  Frame 4 saved (frame_003.jpg, t=24.9s)
  [capture-periodic] freeze=21ms shot=415ms unfreeze=32ms saved=True
  [capture-loop] iter=150 t=29.6s state={'complete': False, 'error': None, 'executedCount': 0, 'wsState': 1} eval_ms=21
  [capture-loop] iter=200 t=39.5s state={'complete': False, 'error': None, 'executedCount': 0, 'wsState': 1} eval_ms=29
  [capture-loop] iter=250 t=48.6s state={'complete': False, 'error': None, 'executedCount': 0, 'wsState': 1} eval_ms=27
  [capture-loop] iter=300 t=58.5s state={'complete': False, 'error': None, 'executedCount': 0, 'wsState': 1} eval_ms=26
  [capture-loop] iter=350 t=68.5s state={'complete': False, 'error': None, 'executedCount': 0, 'wsState': 1} eval_ms=27
  [capture-loop] iter=400 t=80.8s state={'complete': False, 'error': None, 'executedCount': 0, 'wsState': 1} eval_ms=27
  Frame 5 saved (frame_004.jpg, t=96.2s)
  [capture-periodic] freeze=42ms shot=557ms unfreeze=24ms saved=True
  [capture-loop] iter=450 t=98.4s state={'complete': False, 'error': None, 'executedCount': 0, 'wsState': 1} eval_ms=53
  [capture-loop] iter=500 t=121.6s state={'complete': False, 'error': None, 'executedCount': 0, 'wsState': 1} eval_ms=31
  Frame 6 saved (frame_005.jpg, t=123.2s)
  [capture-periodic] freeze=23ms shot=394ms unfreeze=18ms saved=True
  [capture-loop] iter=550 t=131.9s state={'complete': False, 'error': None, 'executedCount': 0, 'wsState': 1} eval_ms=33
  Frame 7 saved (frame_006.jpg, t=151.0s)
  [capture-periodic] freeze=28ms shot=591ms unfreeze=27ms saved=True
  [capture-loop] iter=600 t=152.9s state={'complete': False, 'error': None, 'executedCount': 0, 'wsState': 1} eval_ms=29
  Frame 8 saved (frame_007.jpg, t=166.0s)
  [capture-periodic] freeze=21ms shot=9532ms unfreeze=28ms saved=True
  [capture-loop] iter=650 t=176.0s state={'complete': False, 'error': None, 'executedCount': 0, 'wsState': 1} eval_ms=51
  Frame 9 saved (frame_008.jpg, t=178.8s)
  [capture-periodic] freeze=30ms shot=669ms unfreeze=24ms saved=True
  [capture-loop] iter=700 t=193.9s state={'complete': False, 'error': None, 'executedCount': 0, 'wsState': 1} eval_ms=29
  Frame 10 saved (frame_009.jpg, t=203.8s)
  [capture-periodic] freeze=17ms shot=1656ms unfreeze=76ms saved=True
  [capture-loop] iter=750 t=206.9s state={'complete': False, 'error': None, 'executedCount': 0, 'wsState': 1} eval_ms=42
  [capture-loop] iter=800 t=225.8s state={'complete': False, 'error': None, 'executedCount': 0, 'wsState': 1} eval_ms=28
  Frame 11 saved (frame_010.jpg, t=227.5s)
  [capture-periodic] freeze=53ms shot=645ms unfreeze=26ms saved=True
  [capture-loop] iter=850 t=236.2s state={'complete': False, 'error': None, 'executedCount': 0, 'wsState': 1} eval_ms=25
  Frame 12 saved (frame_011.jpg, t=254.6s)
  [capture-periodic] freeze=19ms shot=770ms unfreeze=28ms saved=True
  [capture-loop] iter=900 t=256.1s state={'complete': False, 'error': None, 'executedCount': 0, 'wsState': 1} eval_ms=22
  Frame 13 saved (frame_012.jpg, t=269.0s)
  [capture-periodic] freeze=19ms shot=1801ms unfreeze=39ms saved=True
  [capture-loop] iter=950 t=271.3s state={'complete': False, 'error': None, 'executedCount': 0, 'wsState': 1} eval_ms=22
  [capture-loop] iter=1000 t=280.2s state={'complete': False, 'error': None, 'executedCount': 0, 'wsState': 1} eval_ms=24
  Frame 14 saved (frame_013.jpg, t=286.2s)
  [capture-periodic] freeze=26ms shot=398ms unfreeze=23ms saved=True
  [capture-loop] iter=1050 t=289.7s state={'complete': False, 'error': None, 'executedCount': 0, 'wsState': 1} eval_ms=20
  Frame 15 saved (frame_014.jpg, t=294.1s)
  [capture-periodic] freeze=19ms shot=537ms unfreeze=27ms saved=True
  [capture-loop] iter=1100 t=299.0s state={'complete': False, 'error': None, 'executedCount': 0, 'wsState': 1} eval_ms=20
  Frame 16 saved (frame_015.jpg, t=302.1s)
  [capture-periodic] freeze=25ms shot=474ms unfreeze=30ms saved=True
  [capture-loop] iter=1150 t=308.5s state={'complete': False, 'error': None, 'executedCount': 0, 'wsState': 1} eval_ms=25
  Frame 17 saved (frame_016.jpg, t=310.1s)
  [capture-periodic] freeze=22ms shot=450ms unfreeze=24ms saved=True
  [capture-loop] iter=1200 t=317.9s state={'complete': False, 'error': None, 'executedCount': 0, 'wsState': 1} eval_ms=26
  Frame 18 saved (frame_017.jpg, t=318.1s)
  [capture-periodic] freeze=24ms shot=458ms unfreeze=28ms saved=True
  Frame 19 saved (frame_018.jpg, t=325.7s)
  [capture-periodic] freeze=26ms shot=562ms unfreeze=30ms saved=True
  [capture-loop] iter=1250 t=327.4s state={'complete': False, 'error': None, 'executedCount': 0, 'wsState': 1} eval_ms=26
  Frame 20 saved (frame_019.jpg, t=331.1s)
  [capture-periodic] freeze=20ms shot=484ms unfreeze=26ms saved=True
  [capture-loop] iter=1300 t=341.7s state={'complete': False, 'error': None, 'executedCount': 0, 'wsState': 1} eval_ms=25
  [capture-loop] iter=1350 t=351.6s state={'complete': False, 'error': None, 'executedCount': 0, 'wsState': 1} eval_ms=28
  [capture-loop] iter=1400 t=361.6s state={'complete': False, 'error': None, 'executedCount': 0, 'wsState': 1} eval_ms=24
  Frame 21 saved (frame_020.jpg, t=365.7s)
  [capture-periodic] freeze=15ms shot=516ms unfreeze=24ms saved=True
  [capture-loop] iter=1450 t=370.9s state={'complete': False, 'error': None, 'executedCount': 0, 'wsState': 1} eval_ms=25
  [capture-loop] iter=1500 t=380.4s state={'complete': False, 'error': None, 'executedCount': 0, 'wsState': 1} eval_ms=19
  [capture-loop] iter=1550 t=389.5s state={'complete': False, 'error': None, 'executedCount': 0, 'wsState': 1} eval_ms=23
  [capture-loop] iter=1600 t=399.3s state={'complete': False, 'error': None, 'executedCount': 0, 'wsState': 1} eval_ms=29
  [capture-loop] iter=1650 t=409.3s state={'complete': False, 'error': None, 'executedCount': 0, 'wsState': 1} eval_ms=26
  [capture-loop] iter=1700 t=419.8s state={'complete': False, 'error': None, 'executedCount': 0, 'wsState': 1} eval_ms=33
  [capture-loop] iter=1750 t=428.9s state={'complete': False, 'error': None, 'executedCount': 0, 'wsState': 1} eval_ms=21
  [capture-loop] iter=1800 t=438.7s state={'complete': False, 'error': None, 'executedCount': 0, 'wsState': 1} eval_ms=24
  [capture-loop] iter=1850 t=447.6s state={'complete': False, 'error': None, 'executedCount': 0, 'wsState': 1} eval_ms=20
  [capture-loop] iter=1900 t=457.0s state={'complete': False, 'error': None, 'executedCount': 0, 'wsState': 1} eval_ms=18
  [capture-loop] iter=1950 t=465.8s state={'complete': False, 'error': None, 'executedCount': 0, 'wsState': 1} eval_ms=24
  [capture-loop] iter=2000 t=475.3s state={'complete': False, 'error': None, 'executedCount': 0, 'wsState': 1} eval_ms=26
  [capture-loop] iter=2050 t=484.1s state={'complete': False, 'error': None, 'executedCount': 0, 'wsState': 1} eval_ms=20
  [capture-loop] iter=2100 t=494.2s state={'complete': False, 'error': None, 'executedCount': 0, 'wsState': 1} eval_ms=29
  [capture-loop] iter=2150 t=504.2s state={'complete': False, 'error': None, 'executedCount': 0, 'wsState': 1} eval_ms=22
  Frame 22 saved (frame_021.jpg, t=508.2s)
  [capture-periodic] freeze=39ms shot=694ms unfreeze=30ms saved=True
  [capture-loop] iter=2200 t=513.9s state={'complete': False, 'error': None, 'executedCount': 0, 'wsState': 1} eval_ms=22
  [capture-loop] iter=2250 t=523.5s state={'complete': False, 'error': None, 'executedCount': 0, 'wsState': 1} eval_ms=28
  Node executed (1 total), capturing...
  Frame 23 saved (frame_022.jpg, t=525.8s)
  [capture-node] freeze=33ms shot=812ms unfreeze=0ms saved=True
  Execution complete (t=525.8s)
  Captured 23 unique frames over 526.83s
  [debug] iframes: 0
  [timing] trigger_3d_previews: 0.0s
  Saved high-quality screenshot: da3_streaming_executed.png
  [timing] final_screenshot: 2.2s
    Captured 24 video frames