Capturing execution frames: video_multiview_depth.json
  [Console-error] Failed to load resource: the server responded with a status of 404 (Not Found)
  [Console-error] Failed to load resource: the server responded with a status of 404 (Not Found)
  [Console-error] Failed to load resource: the server responded with a status of 404 (Not Found)
  [Console-error] Failed to load resource: the server responded with a status of 404 (Not Found)
  [Console-error] Failed to load resource: the server responded with a status of 404 (Not Found)
  [Console-warning] WARNING: Multiple instances of Three.js being imported.
  [Console-warning] Extension KJNodes.browserstatus is disabled.
  [Console-error] Error loading extension /extensions/ComfyUI-GeometryPack/js/pointcloud_preview_vtk.js Error: Extension named 'comfy3d.pointcloud.vtk' already registered.
    at Proxy.registerExtension (http://127.0.0.1:8188/assets/index-BFHZsBkN.js:83:1634)
    at Proxy.wrappedAction (http://127.0.0.1:8188/assets/vendor-vue-DaLZjKA7.js:8:5819)
    at Object.registerExtension (http://127.0.0.1:8188/assets/index-BFHZsBkN.js:86:51130)
    at ComfyApp.registerExtension (http://127.0.0.1:8188/assets/index-BFHZsBkN.js:280:21199)
    at http://127.0.0.1:8188/extensions/ComfyUI-GeometryPack/js/pointcloud_preview_vtk.js:13:5
  [Console-error] Error loading extension /extensions/ComfyUI-DepthAnythingV3/js/dynamic_widgets.js Error: Extension named 'Comfy.DynamicWidgets' already registered.
    at Proxy.registerExtension (http://127.0.0.1:8188/assets/index-BFHZsBkN.js:83:1634)
    at Proxy.wrappedAction (http://127.0.0.1:8188/assets/vendor-vue-DaLZjKA7.js:8:5819)
    at Object.registerExtension (http://127.0.0.1:8188/assets/index-BFHZsBkN.js:86:51130)
    at ComfyApp.registerExtension (http://127.0.0.1:8188/assets/index-BFHZsBkN.js:280:21199)
    at http://127.0.0.1:8188/extensions/ComfyUI-DepthAnythingV3/js/dynamic_widgets.js:125:5
  [Console-warning] [ComfyUI Deprecated] Importing from "scripts/ui.js" is deprecated and will be removed in v1.34.
  [Console-error] Failed to load resource: the server responded with a status of 404 (Not Found)
  [Console-warning] [ComfyUI Notice] "extensions/core/widgetInputs.js" is an internal module, not part of the public API. Future updates may break this import.
  [Console-warning] [ComfyUI Notice] "scripts/utils.js" is an internal module, not part of the public API. Future updates may break this import.
  [Console-warning] [MaskEditor] ComfyApp.open_maskeditor is deprecated. Plugins should migrate to using the command system or direct node context menu integration.
  [Console-warning] [ComfyUI Deprecated] Importing from "scripts/ui/components/buttonGroup.js" is deprecated and will be removed in v1.34.
  [Console-warning] [ComfyUI Deprecated] Importing from "scripts/ui/components/button.js" is deprecated and will be removed in v1.34.
  Frame 1 saved (frame_000.jpg, t=0.0s)
  Validating workflow...
  Queuing workflow for execution...
  Frame 2 saved (frame_001.jpg, t=3.2s)
  [capture-periodic] freeze=29ms shot=489ms unfreeze=26ms saved=True
  Node executed (1 total), capturing...
  Frame 3 saved (frame_002.jpg, t=5.7s)
  [capture-node] freeze=26ms shot=455ms unfreeze=26ms saved=True
  [capture-loop] iter=50 t=11.2s state={'complete': False, 'error': None, 'executedCount': 1, 'wsState': 1} eval_ms=33
  Frame 4 saved (frame_003.jpg, t=16.8s)
  [capture-periodic] freeze=29ms shot=520ms unfreeze=22ms saved=True
  [capture-loop] iter=100 t=21.6s state={'complete': False, 'error': None, 'executedCount': 1, 'wsState': 1} eval_ms=24
  Frame 5 saved (frame_004.jpg, t=22.4s)
  [capture-periodic] freeze=29ms shot=585ms unfreeze=21ms saved=True
  Frame 6 saved (frame_005.jpg, t=25.2s)
  [capture-periodic] freeze=21ms shot=545ms unfreeze=23ms saved=True
  Frame 7 saved (frame_006.jpg, t=28.0s)
  [capture-periodic] freeze=18ms shot=400ms unfreeze=20ms saved=True
  [capture-loop] iter=150 t=31.8s state={'complete': False, 'error': None, 'executedCount': 1, 'wsState': 1} eval_ms=32
  Node executed (2 total), capturing...
  Frame 8 saved (frame_007.jpg, t=35.0s)
  [capture-node] freeze=21ms shot=450ms unfreeze=30ms saved=True
  Frame 9 saved (frame_008.jpg, t=37.7s)
  [capture-periodic] freeze=21ms shot=647ms unfreeze=35ms saved=True
  [capture-loop] iter=200 t=41.7s state={'complete': False, 'error': None, 'executedCount': 2, 'wsState': 1} eval_ms=25
  [capture-loop] iter=250 t=50.7s state={'complete': False, 'error': None, 'executedCount': 2, 'wsState': 1} eval_ms=27
  Frame 10 saved (frame_009.jpg, t=50.7s)
  [capture-periodic] freeze=26ms shot=571ms unfreeze=70ms saved=True
  Node executed (3 total), capturing...
  Frame 11 saved (frame_010.jpg, t=51.9s)
  [capture-node] freeze=30ms shot=550ms unfreeze=0ms saved=True
  Execution complete (t=51.9s)
  Captured 11 unique frames over 52.6s
  [debug] iframes: 0
  [timing] trigger_3d_previews: 0.0s
  Saved high-quality screenshot: video_multiview_depth_executed.png
  [timing] final_screenshot: 2.4s
    Captured 12 video frames