Capturing execution frames: advanced.json
  Frame 1 saved (frame_000.jpg, t=0.0s)
  Validating workflow...
  Queuing workflow for execution...
  Frame 2 saved (frame_001.jpg, t=2.4s)
  [capture-periodic] freeze=5ms shot=154ms unfreeze=5ms saved=True
  Frame 3 saved (frame_002.jpg, t=4.7s)
  [capture-periodic] freeze=7ms shot=221ms unfreeze=19ms saved=True
  [capture-loop] iter=50 t=6.5s state={'complete': False, 'error': None, 'executedCount': 0, 'wsState': 1} eval_ms=5
  Frame 4 saved (frame_003.jpg, t=7.0s)
  [capture-periodic] freeze=3ms shot=149ms unfreeze=38ms saved=True
  Frame 5 saved (frame_004.jpg, t=11.7s)
  [capture-periodic] freeze=3ms shot=114ms unfreeze=6ms saved=True
  [capture-loop] iter=100 t=12.7s state={'complete': False, 'error': None, 'executedCount': 0, 'wsState': 1} eval_ms=4
  Frame 6 saved (frame_005.jpg, t=13.9s)
  [capture-periodic] freeze=4ms shot=151ms unfreeze=5ms saved=True
  [capture-loop] iter=150 t=18.5s state={'complete': False, 'error': None, 'executedCount': 0, 'wsState': 1} eval_ms=3
  [capture-loop] iter=200 t=24.1s state={'complete': False, 'error': None, 'executedCount': 0, 'wsState': 1} eval_ms=4
  [capture-loop] iter=250 t=29.8s state={'complete': False, 'error': None, 'executedCount': 0, 'wsState': 1} eval_ms=3
  [capture-loop] iter=300 t=35.4s state={'complete': False, 'error': None, 'executedCount': 0, 'wsState': 1} eval_ms=4
  [capture-loop] iter=350 t=41.2s state={'complete': False, 'error': None, 'executedCount': 0, 'wsState': 1} eval_ms=4
  [capture-loop] iter=400 t=47.0s state={'complete': False, 'error': None, 'executedCount': 0, 'wsState': 1} eval_ms=3
  [capture-loop] iter=450 t=52.5s state={'complete': False, 'error': None, 'executedCount': 0, 'wsState': 1} eval_ms=3
  [capture-loop] iter=500 t=58.2s state={'complete': False, 'error': None, 'executedCount': 0, 'wsState': 1} eval_ms=3
  [capture-loop] iter=550 t=63.9s state={'complete': False, 'error': None, 'executedCount': 0, 'wsState': 1} eval_ms=3
  [capture-loop] iter=600 t=69.4s state={'complete': False, 'error': None, 'executedCount': 0, 'wsState': 1} eval_ms=3
  [capture-loop] iter=650 t=75.1s state={'complete': False, 'error': None, 'executedCount': 0, 'wsState': 1} eval_ms=4
  [capture-loop] iter=700 t=80.8s state={'complete': False, 'error': None, 'executedCount': 0, 'wsState': 1} eval_ms=4
  [capture-loop] iter=750 t=86.5s state={'complete': False, 'error': None, 'executedCount': 0, 'wsState': 1} eval_ms=4
  [capture-loop] iter=800 t=92.3s state={'complete': False, 'error': None, 'executedCount': 0, 'wsState': 1} eval_ms=4
  [capture-loop] iter=850 t=97.9s state={'complete': False, 'error': None, 'executedCount': 0, 'wsState': 1} eval_ms=4
  [capture-loop] iter=900 t=103.6s state={'complete': False, 'error': None, 'executedCount': 0, 'wsState': 1} eval_ms=3
  Node executed (1 total), capturing...
  Frame 7 saved (frame_006.jpg, t=108.7s)
  [capture-node] freeze=43ms shot=228ms unfreeze=5ms saved=True
  Node executed (8 total), capturing...
  Frame 8 saved (frame_007.jpg, t=109.2s)
  [capture-node] freeze=4ms shot=131ms unfreeze=4ms saved=True
  Execution complete (t=109.5s)
  Captured 8 unique frames over 109.52s
  [debug] iframes: 0
  [timing] trigger_3d_previews: 0.0s
  Saved high-quality screenshot: advanced_executed.png
  [timing] final_screenshot: 0.9s
    Captured 9 video frames