Capturing execution frames: advanced_3d.json
  Frame 1 saved (frame_000.jpg, t=0.0s)
  Validating workflow...
  Queuing workflow for execution...
  Frame 2 saved (frame_001.jpg, t=2.4s)
  [capture-periodic] freeze=3ms shot=121ms unfreeze=8ms saved=True
  Frame 3 saved (frame_002.jpg, t=4.6s)
  [capture-periodic] freeze=3ms shot=131ms unfreeze=7ms saved=True
  [capture-loop] iter=50 t=5.9s state={'complete': False, 'error': None, 'executedCount': 0, 'wsState': 1} eval_ms=4
  Frame 4 saved (frame_003.jpg, t=6.8s)
  [capture-periodic] freeze=4ms shot=121ms unfreeze=8ms saved=True
  [capture-loop] iter=100 t=11.7s state={'complete': False, 'error': None, 'executedCount': 0, 'wsState': 1} eval_ms=5
  [capture-loop] iter=150 t=17.3s state={'complete': False, 'error': None, 'executedCount': 0, 'wsState': 1} eval_ms=4
  [capture-loop] iter=200 t=23.0s state={'complete': False, 'error': None, 'executedCount': 0, 'wsState': 1} eval_ms=4
  [capture-loop] iter=250 t=28.8s state={'complete': False, 'error': None, 'executedCount': 0, 'wsState': 1} eval_ms=4
  [capture-loop] iter=300 t=34.4s state={'complete': False, 'error': None, 'executedCount': 0, 'wsState': 1} eval_ms=3
  [capture-loop] iter=350 t=40.2s state={'complete': False, 'error': None, 'executedCount': 0, 'wsState': 1} eval_ms=3
  [capture-loop] iter=400 t=45.8s state={'complete': False, 'error': None, 'executedCount': 0, 'wsState': 1} eval_ms=4
  Frame 5 saved (frame_004.jpg, t=48.0s)
  [capture-periodic] freeze=2ms shot=135ms unfreeze=5ms saved=True
  Node executed (2 total), capturing...
  Frame 6 saved (frame_005.jpg, t=50.1s)
  [capture-node] freeze=4ms shot=142ms unfreeze=16ms saved=True
  Execution complete (t=52.1s)
  Captured 6 unique frames over 52.1s
  [debug] iframes: 1
  [debug]   iframe[0]: src=http://127.0.0.1:8188/extensions/ComfyUI-GeometryPack/viewer_vtk.html?v=17776782, canvas=486x394, rafFrozen=False
  [timing] trigger_3d_previews: 0.0s
  Saved high-quality screenshot: advanced_3d_executed.png
  [timing] final_screenshot: 0.8s
    Captured 7 video frames