[Console-error] Failed to load resource: the server responded with a status of 404 (Not Found)
[Console-error] Failed to load resource: the server responded with a status of 404 (Not Found)
[Console-error] Failed to load resource: the server responded with a status of 404 (Not Found)
[Console-error] Failed to load resource: the server responded with a status of 404 (Not Found)
[Console-error] Failed to load resource: the server responded with a status of 404 (Not Found)
[Console-warning] [MaskEditor] ComfyApp.open_maskeditor is deprecated. Plugins should migrate to using the command system or direct node context menu integration.
[Console-error] Failed to load resource: the server responded with a status of 404 (Not Found)
[Console-error] Failed to load resource: the server responded with a status of 404 (Not Found)
[Console-error] Failed to load resource: the server responded with a status of 404 (Not Found)
[Console-error] Failed to load resource: the server responded with a status of 404 (Not Found)
[Console-error] Failed to load resource: the server responded with a status of 403 (Forbidden)
[Console-error] Error loading model: HttpError: fetch for "http://127.0.0.1:8188/api/view?type=output&subfolder=%2Fhome%2Fshadeform%2Fdepth_node%2FComfyUI%2Foutput&filename=mesh_0000.glb" responded with 403: Forbidden
    at http://127.0.0.1:8188/assets/vendor-three-CHi1XwmR.js:3824:116004
[Console-warning] [.WebGL-0xf8c0013fe00]GL Driver Message (OpenGL, Performance, GL_CLOSE_PATH_NV, High): GPU stall due to ReadPixels
[Console-error] Failed to load resource: the server responded with a status of 403 (Forbidden)
[Console-error] Error loading model: HttpError: fetch for "http://127.0.0.1:8188/api/view?type=output&subfolder=%2Fhome%2Fshadeform%2Fdepth_node%2FComfyUI%2Foutput&filename=mesh_0000.glb" responded with 403: Forbidden
    at http://127.0.0.1:8188/assets/vendor-three-CHi1XwmR.js:3824:116004
[Console-warning] [.WebGL-0xf8c0013fe00]GL Driver Message (OpenGL, Performance, GL_CLOSE_PATH_NV, High): GPU stall due to ReadPixels
[Console-error] Failed to load resource: the server responded with a status of 403 (Forbidden)
[Console-warning] [.WebGL-0xf8c0013fe00]GL Driver Message (OpenGL, Performance, GL_CLOSE_PATH_NV, High): GPU stall due to ReadPixels
[Console-log] [comfy-test] graphToPrompt: 6 nodes, missing class_type: [], sample: {"inputs":{"image":"bas_relief.png"},"class_type":"LoadImage","_meta":{"title":"Load Image"}}
[Console-error] Failed to load resource: the server responded with a status of 400 (Bad Request)