Capturing execution frames: video_multiview_depth.json
  [Console-error] Failed to load resource: the server responded with a status of 404 (Not Found)
  [Console-error] Failed to load resource: the server responded with a status of 404 (Not Found)
  [Console-error] Failed to load resource: the server responded with a status of 404 (Not Found)
  [Console-error] Failed to load resource: the server responded with a status of 404 (Not Found)
  [Console-error] Failed to load resource: the server responded with a status of 404 (Not Found)
  [Console-error] Failed to load resource: the server responded with a status of 404 (Not Found)
  [Console-warning] Extension KJNodes.browserstatus is disabled.
  [Console-warning] WARNING: Multiple instances of Three.js being imported.
  [Console-error] [vite:preloadError] Error: Extension named 'comfy3d.pointcloud.vtk' already registered.
    at Proxy.registerExtension (http://127.0.0.1:8188/assets/systemStatsStore-DM5NIESU.js:1:5552)
    at Proxy.wrappedAction (http://127.0.0.1:8188/assets/vendor-vue-core-X6q-rGJs.js:2:90540)
    at Object.registerExtension (http://127.0.0.1:8188/assets/dialogService-45wv8NTN.js:3:162877)
    at ComfyApp.registerExtension (http://127.0.0.1:8188/assets/dialogService-45wv8NTN.js:177:20530)
    at http://127.0.0.1:8188/extensions/ComfyUI-GeometryPack/js/pointcloud_preview_vtk.js:13:5
  [Console-error] [vite:preloadError] Error: Extension named 'Comfy.DynamicWidgets' already registered.
    at Proxy.registerExtension (http://127.0.0.1:8188/assets/systemStatsStore-DM5NIESU.js:1:5552)
    at Proxy.wrappedAction (http://127.0.0.1:8188/assets/vendor-vue-core-X6q-rGJs.js:2:90540)
    at Object.registerExtension (http://127.0.0.1:8188/assets/dialogService-45wv8NTN.js:3:162877)
    at ComfyApp.registerExtension (http://127.0.0.1:8188/assets/dialogService-45wv8NTN.js:177:20530)
    at http://127.0.0.1:8188/extensions/ComfyUI-GeometryPack/js/dynamic_widgets.js:125:5
  [Console-error] Failed to load resource: the server responded with a status of 404 (Not Found)
  [Console-warning] [ComfyUI Notice] "extensions/core/widgetInputs.js" is an internal module, not part of the public API. Future updates may break this import.
  [Console-warning] [ComfyUI Notice] "scripts/utils.js" is an internal module, not part of the public API. Future updates may break this import.
  [Console-warning] [ComfyUI Deprecated] Importing from "scripts/ui.js" is deprecated and will be removed in v1.34.
  [Console-warning] [MaskEditor] ComfyApp.open_maskeditor is deprecated. Plugins should migrate to using the command system or direct node context menu integration.
  [Console-warning] [ComfyUI Deprecated] Importing from "scripts/ui/components/buttonGroup.js" is deprecated and will be removed in v1.34.
  [Console-warning] [ComfyUI Deprecated] Importing from "scripts/ui/components/button.js" is deprecated and will be removed in v1.34.
  Frame 1 saved (frame_000.jpg, t=0.0s)
  Validating workflow...
  Queuing workflow for execution...
  Node executed (1 total), capturing...
  Frame 2 saved (frame_001.jpg, t=1.1s)
  [capture-node] freeze=4ms shot=115ms unfreeze=4ms saved=True
  Frame 3 saved (frame_002.jpg, t=3.4s)
  [capture-periodic] freeze=3ms shot=181ms unfreeze=4ms saved=True
  [capture-loop] iter=50 t=6.3s state={'complete': False, 'error': None, 'executedCount': 1, 'wsState': 1} eval_ms=4
  [capture-loop] iter=100 t=12.0s state={'complete': False, 'error': None, 'executedCount': 1, 'wsState': 1} eval_ms=4
  Frame 4 saved (frame_003.jpg, t=14.6s)
  [capture-periodic] freeze=3ms shot=181ms unfreeze=7ms saved=True
  [capture-loop] iter=150 t=18.0s state={'complete': False, 'error': None, 'executedCount': 1, 'wsState': 1} eval_ms=4
  [capture-loop] iter=200 t=24.0s state={'complete': False, 'error': None, 'executedCount': 1, 'wsState': 1} eval_ms=3
  Frame 5 saved (frame_004.jpg, t=25.8s)
  [capture-periodic] freeze=4ms shot=226ms unfreeze=8ms saved=True
  [capture-loop] iter=250 t=29.9s state={'complete': False, 'error': None, 'executedCount': 1, 'wsState': 1} eval_ms=4
  Frame 6 saved (frame_005.jpg, t=34.8s)
  [capture-periodic] freeze=3ms shot=187ms unfreeze=5ms saved=True
  [capture-loop] iter=300 t=35.9s state={'complete': False, 'error': None, 'executedCount': 1, 'wsState': 1} eval_ms=4
  [capture-loop] iter=350 t=42.0s state={'complete': False, 'error': None, 'executedCount': 1, 'wsState': 1} eval_ms=4
  Frame 7 saved (frame_006.jpg, t=46.0s)
  [capture-periodic] freeze=3ms shot=181ms unfreeze=5ms saved=True
  [capture-loop] iter=400 t=47.8s state={'complete': False, 'error': None, 'executedCount': 1, 'wsState': 1} eval_ms=4
  [capture-loop] iter=450 t=53.7s state={'complete': False, 'error': None, 'executedCount': 1, 'wsState': 1} eval_ms=4
  Frame 8 saved (frame_007.jpg, t=55.0s)
  [capture-periodic] freeze=3ms shot=186ms unfreeze=5ms saved=True
  [capture-loop] iter=500 t=59.6s state={'complete': False, 'error': None, 'executedCount': 1, 'wsState': 1} eval_ms=4
  [capture-loop] iter=550 t=65.5s state={'complete': False, 'error': None, 'executedCount': 1, 'wsState': 1} eval_ms=4
  Frame 9 saved (frame_008.jpg, t=66.2s)
  [capture-periodic] freeze=3ms shot=181ms unfreeze=9ms saved=True
  [capture-loop] iter=600 t=71.6s state={'complete': False, 'error': None, 'executedCount': 1, 'wsState': 1} eval_ms=4
  [capture-loop] iter=650 t=77.3s state={'complete': False, 'error': None, 'executedCount': 1, 'wsState': 1} eval_ms=4
  Frame 10 saved (frame_009.jpg, t=77.5s)
  [capture-periodic] freeze=4ms shot=182ms unfreeze=7ms saved=True
  [capture-loop] iter=700 t=83.3s state={'complete': False, 'error': None, 'executedCount': 1, 'wsState': 1} eval_ms=4
  Frame 11 saved (frame_010.jpg, t=86.5s)
  [capture-periodic] freeze=3ms shot=184ms unfreeze=35ms saved=True
  [capture-loop] iter=750 t=89.3s state={'complete': False, 'error': None, 'executedCount': 1, 'wsState': 1} eval_ms=4
  [capture-loop] iter=800 t=95.1s state={'complete': False, 'error': None, 'executedCount': 1, 'wsState': 1} eval_ms=4
  Frame 12 saved (frame_011.jpg, t=97.8s)
  [capture-periodic] freeze=3ms shot=186ms unfreeze=4ms saved=True
  [capture-loop] iter=850 t=101.1s state={'complete': False, 'error': None, 'executedCount': 1, 'wsState': 1} eval_ms=4
  Frame 13 saved (frame_012.jpg, t=106.8s)
  [capture-periodic] freeze=8ms shot=166ms unfreeze=5ms saved=True
  [capture-loop] iter=900 t=107.1s state={'complete': False, 'error': None, 'executedCount': 1, 'wsState': 1} eval_ms=4
  [capture-loop] iter=950 t=112.8s state={'complete': False, 'error': None, 'executedCount': 1, 'wsState': 1} eval_ms=4
  Frame 14 saved (frame_013.jpg, t=118.0s)
  [capture-periodic] freeze=3ms shot=183ms unfreeze=11ms saved=True
  [capture-loop] iter=1000 t=118.8s state={'complete': False, 'error': None, 'executedCount': 1, 'wsState': 1} eval_ms=4
  [capture-loop] iter=1050 t=124.7s state={'complete': False, 'error': None, 'executedCount': 1, 'wsState': 1} eval_ms=4
  Frame 15 saved (frame_014.jpg, t=129.2s)
  [capture-periodic] freeze=3ms shot=186ms unfreeze=6ms saved=True
  [capture-loop] iter=1100 t=130.6s state={'complete': False, 'error': None, 'executedCount': 1, 'wsState': 1} eval_ms=5
  [capture-loop] iter=1150 t=136.6s state={'complete': False, 'error': None, 'executedCount': 1, 'wsState': 1} eval_ms=4
  Frame 16 saved (frame_015.jpg, t=138.2s)
  [capture-periodic] freeze=3ms shot=178ms unfreeze=4ms saved=True
  Node executed (2 total), capturing...
  Frame 17 saved (frame_016.jpg, t=138.9s)
  [capture-node] freeze=26ms shot=186ms unfreeze=4ms saved=True
  Frame 18 saved (frame_017.jpg, t=141.2s)
  [capture-periodic] freeze=3ms shot=249ms unfreeze=4ms saved=True
  [capture-loop] iter=1200 t=143.0s state={'complete': False, 'error': None, 'executedCount': 2, 'wsState': 1} eval_ms=4
  [capture-loop] iter=1250 t=148.9s state={'complete': False, 'error': None, 'executedCount': 2, 'wsState': 1} eval_ms=4
  [capture-loop] iter=1300 t=154.7s state={'complete': False, 'error': None, 'executedCount': 2, 'wsState': 1} eval_ms=4
  [capture-loop] iter=1350 t=160.6s state={'complete': False, 'error': None, 'executedCount': 2, 'wsState': 1} eval_ms=4
  [capture-loop] iter=1400 t=166.5s state={'complete': False, 'error': None, 'executedCount': 2, 'wsState': 1} eval_ms=4
  [capture-loop] iter=1450 t=172.3s state={'complete': False, 'error': None, 'executedCount': 2, 'wsState': 1} eval_ms=4
  [capture-loop] iter=1500 t=178.3s state={'complete': False, 'error': None, 'executedCount': 2, 'wsState': 1} eval_ms=4
  [capture-loop] iter=1550 t=184.2s state={'complete': False, 'error': None, 'executedCount': 2, 'wsState': 1} eval_ms=5
  [capture-loop] iter=1600 t=190.0s state={'complete': False, 'error': None, 'executedCount': 2, 'wsState': 1} eval_ms=3
  [capture-loop] iter=1650 t=195.9s state={'complete': False, 'error': None, 'executedCount': 2, 'wsState': 1} eval_ms=3
  [capture-loop] iter=1700 t=201.9s state={'complete': False, 'error': None, 'executedCount': 2, 'wsState': 1} eval_ms=4
  [capture-loop] iter=1750 t=207.7s state={'complete': False, 'error': None, 'executedCount': 2, 'wsState': 1} eval_ms=3
  [capture-loop] iter=1800 t=213.7s state={'complete': False, 'error': None, 'executedCount': 2, 'wsState': 1} eval_ms=3
  [capture-loop] iter=1850 t=219.4s state={'complete': False, 'error': None, 'executedCount': 2, 'wsState': 1} eval_ms=4
  [capture-loop] iter=1900 t=225.4s state={'complete': False, 'error': None, 'executedCount': 2, 'wsState': 1} eval_ms=5
  [capture-loop] iter=1950 t=231.3s state={'complete': False, 'error': None, 'executedCount': 2, 'wsState': 1} eval_ms=3
  [capture-loop] iter=2000 t=237.1s state={'complete': False, 'error': None, 'executedCount': 2, 'wsState': 1} eval_ms=4
  [capture-loop] iter=2050 t=243.1s state={'complete': False, 'error': None, 'executedCount': 2, 'wsState': 1} eval_ms=4
  [capture-loop] iter=2100 t=249.0s state={'complete': False, 'error': None, 'executedCount': 2, 'wsState': 1} eval_ms=4
  [capture-loop] iter=2150 t=254.8s state={'complete': False, 'error': None, 'executedCount': 2, 'wsState': 1} eval_ms=4
  [capture-loop] iter=2200 t=260.7s state={'complete': False, 'error': None, 'executedCount': 2, 'wsState': 1} eval_ms=4
  [capture-loop] iter=2250 t=266.5s state={'complete': False, 'error': None, 'executedCount': 2, 'wsState': 1} eval_ms=4
  [capture-loop] iter=2300 t=272.5s state={'complete': False, 'error': None, 'executedCount': 2, 'wsState': 1} eval_ms=4
  [capture-loop] iter=2350 t=278.4s state={'complete': False, 'error': None, 'executedCount': 2, 'wsState': 1} eval_ms=4
  [capture-loop] iter=2400 t=284.2s state={'complete': False, 'error': None, 'executedCount': 2, 'wsState': 1} eval_ms=3
  [capture-loop] iter=2450 t=290.1s state={'complete': False, 'error': None, 'executedCount': 2, 'wsState': 1} eval_ms=3
  [capture-loop] iter=2500 t=296.1s state={'complete': False, 'error': None, 'executedCount': 2, 'wsState': 1} eval_ms=4
  [capture-loop] iter=2550 t=301.9s state={'complete': False, 'error': None, 'executedCount': 2, 'wsState': 1} eval_ms=5
  [capture-loop] iter=2600 t=307.8s state={'complete': False, 'error': None, 'executedCount': 2, 'wsState': 1} eval_ms=4
  [capture-loop] iter=2650 t=313.8s state={'complete': False, 'error': None, 'executedCount': 2, 'wsState': 1} eval_ms=4
  [capture-loop] iter=2700 t=319.5s state={'complete': False, 'error': None, 'executedCount': 2, 'wsState': 1} eval_ms=5
  [capture-loop] iter=2750 t=325.5s state={'complete': False, 'error': None, 'executedCount': 2, 'wsState': 1} eval_ms=5
  [capture-loop] iter=2800 t=331.3s state={'complete': False, 'error': None, 'executedCount': 2, 'wsState': 1} eval_ms=4
  [capture-loop] iter=2850 t=337.2s state={'complete': False, 'error': None, 'executedCount': 2, 'wsState': 1} eval_ms=4
  [capture-loop] iter=2900 t=343.2s state={'complete': False, 'error': None, 'executedCount': 2, 'wsState': 1} eval_ms=4
  [capture-loop] iter=2950 t=349.0s state={'complete': False, 'error': None, 'executedCount': 2, 'wsState': 1} eval_ms=3
  [capture-loop] iter=3000 t=354.9s state={'complete': False, 'error': None, 'executedCount': 2, 'wsState': 1} eval_ms=3
  [capture-loop] iter=3050 t=360.9s state={'complete': False, 'error': None, 'executedCount': 2, 'wsState': 1} eval_ms=5
  [capture-loop] iter=3100 t=366.7s state={'complete': False, 'error': None, 'executedCount': 2, 'wsState': 1} eval_ms=3
  [capture-loop] iter=3150 t=372.6s state={'complete': False, 'error': None, 'executedCount': 2, 'wsState': 1} eval_ms=4
  [capture-loop] iter=3200 t=378.4s state={'complete': False, 'error': None, 'executedCount': 2, 'wsState': 1} eval_ms=4
  [capture-loop] iter=3250 t=384.3s state={'complete': False, 'error': None, 'executedCount': 2, 'wsState': 1} eval_ms=4
  [capture-loop] iter=3300 t=390.3s state={'complete': False, 'error': None, 'executedCount': 2, 'wsState': 1} eval_ms=3
  [capture-loop] iter=3350 t=396.0s state={'complete': False, 'error': None, 'executedCount': 2, 'wsState': 1} eval_ms=4
  [capture-loop] iter=3400 t=402.0s state={'complete': False, 'error': None, 'executedCount': 2, 'wsState': 1} eval_ms=4
  [capture-loop] iter=3450 t=408.0s state={'complete': False, 'error': None, 'executedCount': 2, 'wsState': 1} eval_ms=4
  [capture-loop] iter=3500 t=413.8s state={'complete': False, 'error': None, 'executedCount': 2, 'wsState': 1} eval_ms=4
  [capture-loop] iter=3550 t=419.8s state={'complete': False, 'error': None, 'executedCount': 2, 'wsState': 1} eval_ms=4
  [capture-loop] iter=3600 t=425.8s state={'complete': False, 'error': None, 'executedCount': 2, 'wsState': 1} eval_ms=3
  [capture-loop] iter=3650 t=431.6s state={'complete': False, 'error': None, 'executedCount': 2, 'wsState': 1} eval_ms=4
  [capture-loop] iter=3700 t=437.6s state={'complete': False, 'error': None, 'executedCount': 2, 'wsState': 1} eval_ms=4
  [capture-loop] iter=3750 t=443.3s state={'complete': False, 'error': None, 'executedCount': 2, 'wsState': 1} eval_ms=4
  [capture-loop] iter=3800 t=449.3s state={'complete': False, 'error': None, 'executedCount': 2, 'wsState': 1} eval_ms=5
  [capture-loop] iter=3850 t=455.3s state={'complete': False, 'error': None, 'executedCount': 2, 'wsState': 1} eval_ms=4
  [capture-loop] iter=3900 t=461.1s state={'complete': False, 'error': None, 'executedCount': 2, 'wsState': 1} eval_ms=4
  [capture-loop] iter=3950 t=467.1s state={'complete': False, 'error': None, 'executedCount': 2, 'wsState': 1} eval_ms=4
  [capture-loop] iter=4000 t=473.1s state={'complete': False, 'error': None, 'executedCount': 2, 'wsState': 1} eval_ms=4
  [capture-loop] iter=4050 t=478.8s state={'complete': False, 'error': None, 'executedCount': 2, 'wsState': 1} eval_ms=4
  [capture-loop] iter=4100 t=484.9s state={'complete': False, 'error': None, 'executedCount': 2, 'wsState': 1} eval_ms=4
  [capture-loop] iter=4150 t=490.6s state={'complete': False, 'error': None, 'executedCount': 2, 'wsState': 1} eval_ms=5
  Node executed (3 total), capturing...
  Frame 19 saved (frame_018.jpg, t=492.5s)
  [capture-node] freeze=3ms shot=128ms unfreeze=0ms saved=True
  Execution complete (t=492.5s)
  Captured 19 unique frames over 492.68s
  [debug] iframes: 0
  [timing] trigger_3d_previews: 0.0s
  Saved high-quality screenshot: video_multiview_depth_executed.png
  [timing] final_screenshot: 0.9s
    Captured 20 video frames